[ 2017-12-04T09:02:42+08:00 ] 127.0.0.1 /
INFO: [ app_init ] --START--
INFO: Run Behavior\BuildLiteBehavior [ RunTime:0.000082s ]
INFO: [ app_init ] --END-- [ RunTime:0.001715s ]
INFO: [ app_begin ] --START--
INFO: Run Behavior\ReadHtmlCacheBehavior [ RunTime:0.000646s ]
INFO: [ app_begin ] --END-- [ RunTime:0.000691s ]
SQL: SHOW COLUMNS FROM `article` [ RunTime:0.0313s ]
SQL: SHOW COLUMNS FROM `article` [ RunTime:0.0313s ]
SQL: SELECT * FROM `article` ORDER BY article_time LIMIT 0,2   [ RunTime:0.0336s ]
INFO: [ view_parse ] --START--
INFO: [ template_filter ] --START--
INFO: Run Behavior\ContentReplaceBehavior [ RunTime:0.000237s ]
INFO: [ template_filter ] --END-- [ RunTime:0.000385s ]
INFO: Run Behavior\ParseTemplateBehavior [ RunTime:0.033073s ]
INFO: [ view_parse ] --END-- [ RunTime:0.033253s ]
INFO: [ view_filter ] --START--
INFO: Run Behavior\WriteHtmlCacheBehavior [ RunTime:0.001547s ]
INFO: [ view_filter ] --END-- [ RunTime:0.001677s ]
INFO: [ app_end ] --START--
INFO: Run Behavior\ShowPageTraceBehavior [ RunTime:0.002396s ]
INFO: [ app_end ] --END-- [ RunTime:0.002552s ]

[ 2017-12-04T09:02:44+08:00 ] 127.0.0.1 /index.php/Home/Index/index.html
INFO: [ app_init ] --START--
INFO: Run Behavior\BuildLiteBehavior [ RunTime:0.000014s ]
INFO: [ app_init ] --END-- [ RunTime:0.000502s ]
INFO: [ app_begin ] --START--
INFO: Run Behavior\ReadHtmlCacheBehavior [ RunTime:0.000624s ]
INFO: [ app_begin ] --END-- [ RunTime:0.000664s ]
SQL: SHOW COLUMNS FROM `article` [ RunTime:0.0348s ]
SQL: SHOW COLUMNS FROM `article` [ RunTime:0.0300s ]
SQL: SELECT * FROM `article` ORDER BY article_time LIMIT 2,2   [ RunTime:0.0319s ]
INFO: [ app_end ] --START--
INFO: Run Behavior\ShowPageTraceBehavior [ RunTime:0.000868s ]
INFO: [ app_end ] --END-- [ RunTime:0.000915s ]

[ 2017-12-04T09:02:48+08:00 ] 127.0.0.1 /index.php/Home/Article/ArticleCategory.html
INFO: [ app_init ] --START--
INFO: Run Behavior\BuildLiteBehavior [ RunTime:0.000014s ]
INFO: [ app_init ] --END-- [ RunTime:0.000562s ]
INFO: [ app_begin ] --START--
INFO: Run Behavior\ReadHtmlCacheBehavior [ RunTime:0.000662s ]
INFO: [ app_begin ] --END-- [ RunTime:0.000713s ]
SQL: SHOW COLUMNS FROM `article` [ RunTime:0.0385s ]
SQL: SHOW COLUMNS FROM `category` [ RunTime:0.0374s ]
SQL: SELECT * FROM `category` WHERE ( cat_son_id=0 )  [ RunTime:0.0362s ]
SQL: SHOW COLUMNS FROM `article` [ RunTime:0.0375s ]
SQL: SELECT `a_id`,`article_name`,`article_time` FROM `article` ORDER BY article_time desc LIMIT 20   [ RunTime:0.0369s ]
INFO: [ view_parse ] --START--
INFO: [ template_filter ] --START--
INFO: Run Behavior\ContentReplaceBehavior [ RunTime:0.000052s ]
INFO: [ template_filter ] --END-- [ RunTime:0.000090s ]
INFO: Run Behavior\ParseTemplateBehavior [ RunTime:0.008232s ]
INFO: [ view_parse ] --END-- [ RunTime:0.008295s ]
INFO: [ view_filter ] --START--
INFO: Run Behavior\WriteHtmlCacheBehavior [ RunTime:0.000435s ]
INFO: [ view_filter ] --END-- [ RunTime:0.000464s ]
INFO: [ app_end ] --START--
INFO: Run Behavior\ShowPageTraceBehavior [ RunTime:0.000589s ]
INFO: [ app_end ] --END-- [ RunTime:0.000618s ]

[ 2017-12-04T09:20:37+08:00 ] 127.0.0.1 /index.php
INFO: [ app_init ] --START--
INFO: Run Behavior\BuildLiteBehavior [ RunTime:0.000017s ]
INFO: [ app_init ] --END-- [ RunTime:0.000569s ]
INFO: [ app_begin ] --START--
INFO: Run Behavior\ReadHtmlCacheBehavior [ RunTime:0.000858s ]
INFO: [ app_begin ] --END-- [ RunTime:0.000959s ]
SQL: SHOW COLUMNS FROM `article` [ RunTime:0.0370s ]
SQL: SHOW COLUMNS FROM `article` [ RunTime:0.0366s ]
SQL: SELECT * FROM `article` ORDER BY article_time LIMIT 0,2   [ RunTime:0.0383s ]
INFO: [ view_parse ] --START--
INFO: [ template_filter ] --START--
INFO: Run Behavior\ContentReplaceBehavior [ RunTime:0.000054s ]
INFO: [ template_filter ] --END-- [ RunTime:0.000094s ]
INFO: Run Behavior\ParseTemplateBehavior [ RunTime:0.007902s ]
INFO: [ view_parse ] --END-- [ RunTime:0.007946s ]
INFO: [ view_filter ] --START--
INFO: Run Behavior\WriteHtmlCacheBehavior [ RunTime:0.000423s ]
INFO: [ view_filter ] --END-- [ RunTime:0.000453s ]
INFO: [ app_end ] --START--
INFO: Run Behavior\ShowPageTraceBehavior [ RunTime:0.000619s ]
INFO: [ app_end ] --END-- [ RunTime:0.000654s ]

[ 2017-12-04T09:56:17+08:00 ] 127.0.0.1 /
INFO: [ app_init ] --START--
INFO: Run Behavior\BuildLiteBehavior [ RunTime:0.000013s ]
INFO: [ app_init ] --END-- [ RunTime:0.000398s ]
INFO: [ app_begin ] --START--
INFO: Run Behavior\ReadHtmlCacheBehavior [ RunTime:0.000538s ]
INFO: [ app_begin ] --END-- [ RunTime:0.000577s ]
SQL: SHOW COLUMNS FROM `article` [ RunTime:0.0274s ]
SQL: SHOW COLUMNS FROM `article` [ RunTime:1.0298s ]
SQL: SELECT * FROM `article` ORDER BY article_time LIMIT 0,2   [ RunTime:0.0388s ]
INFO: [ view_parse ] --START--
INFO: [ template_filter ] --START--
INFO: Run Behavior\ContentReplaceBehavior [ RunTime:0.000050s ]
INFO: [ template_filter ] --END-- [ RunTime:0.000088s ]
INFO: Run Behavior\ParseTemplateBehavior [ RunTime:0.007428s ]
INFO: [ view_parse ] --END-- [ RunTime:0.007482s ]
INFO: [ view_filter ] --START--
INFO: Run Behavior\WriteHtmlCacheBehavior [ RunTime:0.000512s ]
INFO: [ view_filter ] --END-- [ RunTime:0.000572s ]
INFO: [ app_end ] --START--
INFO: Run Behavior\ShowPageTraceBehavior [ RunTime:0.000853s ]
INFO: [ app_end ] --END-- [ RunTime:0.000992s ]

[ 2017-12-04T10:06:47+08:00 ] 127.0.0.1 /index.php/Home/Index/index.html
INFO: [ app_init ] --START--
INFO: Run Behavior\BuildLiteBehavior [ RunTime:0.000024s ]
INFO: [ app_init ] --END-- [ RunTime:0.000778s ]
INFO: [ app_begin ] --START--
INFO: Run Behavior\ReadHtmlCacheBehavior [ RunTime:0.000843s ]
INFO: [ app_begin ] --END-- [ RunTime:0.000906s ]
SQL: SHOW COLUMNS FROM `article` [ RunTime:0.0304s ]
SQL: SHOW COLUMNS FROM `article` [ RunTime:0.0282s ]
SQL: SELECT * FROM `article` ORDER BY article_time LIMIT 2,2   [ RunTime:0.0294s ]
INFO: [ app_end ] --START--
INFO: Run Behavior\ShowPageTraceBehavior [ RunTime:0.000841s ]
INFO: [ app_end ] --END-- [ RunTime:0.000880s ]

[ 2017-12-04T10:06:54+08:00 ] 127.0.0.1 /
INFO: [ app_init ] --START--
INFO: Run Behavior\BuildLiteBehavior [ RunTime:0.000030s ]
INFO: [ app_init ] --END-- [ RunTime:0.001216s ]
INFO: [ app_begin ] --START--
INFO: Run Behavior\ReadHtmlCacheBehavior [ RunTime:0.001143s ]
INFO: [ app_begin ] --END-- [ RunTime:0.001230s ]
SQL: SHOW COLUMNS FROM `article` [ RunTime:0.0324s ]
SQL: SHOW COLUMNS FROM `article` [ RunTime:0.0330s ]
SQL: SELECT * FROM `article` ORDER BY article_time LIMIT 0,2   [ RunTime:0.0322s ]
INFO: [ view_parse ] --START--
INFO: [ template_filter ] --START--
INFO: Run Behavior\ContentReplaceBehavior [ RunTime:0.000201s ]
INFO: [ template_filter ] --END-- [ RunTime:0.000342s ]
INFO: Run Behavior\ParseTemplateBehavior [ RunTime:0.032959s ]
INFO: [ view_parse ] --END-- [ RunTime:0.033161s ]
INFO: [ view_filter ] --START--
INFO: Run Behavior\WriteHtmlCacheBehavior [ RunTime:0.001769s ]
INFO: [ view_filter ] --END-- [ RunTime:0.001938s ]
INFO: [ app_end ] --START--
INFO: Run Behavior\ShowPageTraceBehavior [ RunTime:0.002015s ]
INFO: [ app_end ] --END-- [ RunTime:0.002161s ]

[ 2017-12-04T10:06:58+08:00 ] 127.0.0.1 /index.php/Home/Article/ArticleCategory.html
INFO: [ app_init ] --START--
INFO: Run Behavior\BuildLiteBehavior [ RunTime:0.000013s ]
INFO: [ app_init ] --END-- [ RunTime:0.000491s ]
INFO: [ app_begin ] --START--
INFO: Run Behavior\ReadHtmlCacheBehavior [ RunTime:0.000616s ]
INFO: [ app_begin ] --END-- [ RunTime:0.000659s ]
SQL: SHOW COLUMNS FROM `article` [ RunTime:0.0334s ]
SQL: SHOW COLUMNS FROM `category` [ RunTime:0.0357s ]
SQL: SELECT * FROM `category` WHERE ( cat_son_id=0 )  [ RunTime:0.0349s ]
SQL: SHOW COLUMNS FROM `article` [ RunTime:0.0353s ]
SQL: SELECT `a_id`,`article_name`,`article_time` FROM `article` ORDER BY article_time desc LIMIT 20   [ RunTime:0.0347s ]
INFO: [ view_parse ] --START--
INFO: [ template_filter ] --START--
INFO: Run Behavior\ContentReplaceBehavior [ RunTime:0.000056s ]
INFO: [ template_filter ] --END-- [ RunTime:0.000103s ]
INFO: Run Behavior\ParseTemplateBehavior [ RunTime:0.009366s ]
INFO: [ view_parse ] --END-- [ RunTime:0.009430s ]
INFO: [ view_filter ] --START--
INFO: Run Behavior\WriteHtmlCacheBehavior [ RunTime:0.001940s ]
INFO: [ view_filter ] --END-- [ RunTime:0.001997s ]
INFO: [ app_end ] --START--
INFO: Run Behavior\ShowPageTraceBehavior [ RunTime:0.000851s ]
INFO: [ app_end ] --END-- [ RunTime:0.000910s ]

[ 2017-12-04T10:12:21+08:00 ] 127.0.0.1 /index.php/Home/Article/ArticleCategory.html
INFO: [ app_init ] --START--
INFO: Run Behavior\BuildLiteBehavior [ RunTime:0.000014s ]
INFO: [ app_init ] --END-- [ RunTime:0.000519s ]
INFO: [ app_begin ] --START--
INFO: Run Behavior\ReadHtmlCacheBehavior [ RunTime:0.000916s ]
INFO: [ app_begin ] --END-- [ RunTime:0.001053s ]
SQL: SHOW COLUMNS FROM `article` [ RunTime:0.0342s ]
SQL: SHOW COLUMNS FROM `category` [ RunTime:0.0334s ]
SQL: SELECT * FROM `category` WHERE ( cat_son_id=0 )  [ RunTime:0.0347s ]
SQL: SHOW COLUMNS FROM `article` [ RunTime:0.0355s ]
SQL: SELECT `a_id`,`article_name`,`article_time` FROM `article` ORDER BY article_time desc LIMIT 20   [ RunTime:1.0249s ]
INFO: [ view_parse ] --START--
INFO: [ template_filter ] --START--
INFO: Run Behavior\ContentReplaceBehavior [ RunTime:0.000113s ]
INFO: [ template_filter ] --END-- [ RunTime:0.000204s ]
INFO: Run Behavior\ParseTemplateBehavior [ RunTime:0.030425s ]
INFO: [ view_parse ] --END-- [ RunTime:0.030545s ]
INFO: [ view_filter ] --START--
INFO: Run Behavior\WriteHtmlCacheBehavior [ RunTime:0.000830s ]
INFO: [ view_filter ] --END-- [ RunTime:0.000904s ]
INFO: [ app_end ] --START--
INFO: Run Behavior\ShowPageTraceBehavior [ RunTime:0.001319s ]
INFO: [ app_end ] --END-- [ RunTime:0.001394s ]

[ 2017-12-04T10:12:23+08:00 ] 127.0.0.1 /index.php/Home/Index/index.html
INFO: [ app_init ] --START--
INFO: Run Behavior\BuildLiteBehavior [ RunTime:0.000013s ]
INFO: [ app_init ] --END-- [ RunTime:0.000368s ]
INFO: [ app_begin ] --START--
INFO: Run Behavior\ReadHtmlCacheBehavior [ RunTime:0.000545s ]
INFO: [ app_begin ] --END-- [ RunTime:0.000589s ]
SQL: SHOW COLUMNS FROM `article` [ RunTime:0.0340s ]
SQL: SHOW COLUMNS FROM `article` [ RunTime:0.0345s ]
SQL: SELECT * FROM `article` ORDER BY article_time LIMIT 0,2   [ RunTime:0.0370s ]
INFO: [ view_parse ] --START--
INFO: [ template_filter ] --START--
INFO: Run Behavior\ContentReplaceBehavior [ RunTime:0.000085s ]
INFO: [ template_filter ] --END-- [ RunTime:0.000157s ]
INFO: Run Behavior\ParseTemplateBehavior [ RunTime:0.008980s ]
INFO: [ view_parse ] --END-- [ RunTime:0.009027s ]
INFO: [ view_filter ] --START--
INFO: Run Behavior\WriteHtmlCacheBehavior [ RunTime:0.000288s ]
INFO: [ view_filter ] --END-- [ RunTime:0.000324s ]
INFO: [ app_end ] --START--
INFO: Run Behavior\ShowPageTraceBehavior [ RunTime:0.000723s ]
INFO: [ app_end ] --END-- [ RunTime:0.000781s ]

[ 2017-12-04T10:12:25+08:00 ] 127.0.0.1 /index.php/Home/Article/ArticleCategory.html
INFO: [ app_init ] --START--
INFO: Run Behavior\BuildLiteBehavior [ RunTime:0.000016s ]
INFO: [ app_init ] --END-- [ RunTime:0.000468s ]
INFO: [ app_begin ] --START--
INFO: Run Behavior\ReadHtmlCacheBehavior [ RunTime:0.000707s ]
INFO: [ app_begin ] --END-- [ RunTime:0.000765s ]
SQL: SHOW COLUMNS FROM `article` [ RunTime:0.0279s ]
SQL: SHOW COLUMNS FROM `category` [ RunTime:0.0280s ]
SQL: SELECT * FROM `category` WHERE ( cat_son_id=0 )  [ RunTime:0.0299s ]
SQL: SHOW COLUMNS FROM `article` [ RunTime:0.0305s ]
SQL: SELECT `a_id`,`article_name`,`article_time` FROM `article` ORDER BY article_time desc LIMIT 20   [ RunTime:0.0300s ]
INFO: [ view_parse ] --START--
INFO: [ template_filter ] --START--
INFO: Run Behavior\ContentReplaceBehavior [ RunTime:0.000080s ]
INFO: [ template_filter ] --END-- [ RunTime:0.000150s ]
INFO: Run Behavior\ParseTemplateBehavior [ RunTime:0.009099s ]
INFO: [ view_parse ] --END-- [ RunTime:0.009159s ]
INFO: [ view_filter ] --START--
INFO: Run Behavior\WriteHtmlCacheBehavior [ RunTime:0.000309s ]
INFO: [ view_filter ] --END-- [ RunTime:0.000338s ]
INFO: [ app_end ] --START--
INFO: Run Behavior\ShowPageTraceBehavior [ RunTime:0.000485s ]
INFO: [ app_end ] --END-- [ RunTime:0.000513s ]

[ 2017-12-04T10:14:31+08:00 ] 127.0.0.1 /index.php/Home/Article/ArticleSonCate/cId/2.html
INFO: [ app_init ] --START--
INFO: Run Behavior\BuildLiteBehavior [ RunTime:0.000014s ]
INFO: [ app_init ] --END-- [ RunTime:0.000513s ]
INFO: [ app_begin ] --START--
INFO: Run Behavior\ReadHtmlCacheBehavior [ RunTime:0.000804s ]
INFO: [ app_begin ] --END-- [ RunTime:0.000884s ]
SQL: SHOW COLUMNS FROM `article` [ RunTime:0.0267s ]
SQL: SHOW COLUMNS FROM `category` [ RunTime:0.0264s ]
SQL: SELECT * FROM `category` WHERE ( cat_son_id=2 )  [ RunTime:0.0268s ]
SQL: SHOW COLUMNS FROM `article` [ RunTime:0.0250s ]
SQL: SELECT `a_id`,`article_name`,`article_time` FROM `article` WHERE ( article_category_id=5 )  [ RunTime:1.0238s ]
SQL: SELECT `a_id`,`article_name`,`article_time` FROM `article` WHERE ( article_category_id=6 )  [ RunTime:0.0257s ]
SQL: SELECT * FROM `category` WHERE ( cat_son_id=0 )  [ RunTime:0.0260s ]
INFO: [ view_parse ] --START--
INFO: [ template_filter ] --START--
INFO: Run Behavior\ContentReplaceBehavior [ RunTime:0.000059s ]
INFO: [ template_filter ] --END-- [ RunTime:0.000106s ]
INFO: Run Behavior\ParseTemplateBehavior [ RunTime:0.009568s ]
INFO: [ view_parse ] --END-- [ RunTime:0.009634s ]
INFO: [ view_filter ] --START--
INFO: Run Behavior\WriteHtmlCacheBehavior [ RunTime:0.000715s ]
INFO: [ view_filter ] --END-- [ RunTime:0.000781s ]
INFO: [ app_end ] --START--
INFO: Run Behavior\ShowPageTraceBehavior [ RunTime:0.001166s ]
INFO: [ app_end ] --END-- [ RunTime:0.001226s ]

[ 2017-12-04T10:14:32+08:00 ] 127.0.0.1 /index.php/Home/Article/ArticleSonCate/cId/1.html
INFO: [ app_init ] --START--
INFO: Run Behavior\BuildLiteBehavior [ RunTime:0.000013s ]
INFO: [ app_init ] --END-- [ RunTime:0.000471s ]
INFO: [ app_begin ] --START--
INFO: Run Behavior\ReadHtmlCacheBehavior [ RunTime:0.000636s ]
INFO: [ app_begin ] --END-- [ RunTime:0.000681s ]
SQL: SHOW COLUMNS FROM `article` [ RunTime:0.0363s ]
SQL: SHOW COLUMNS FROM `category` [ RunTime:0.0365s ]
SQL: SELECT * FROM `category` WHERE ( cat_son_id=1 )  [ RunTime:0.0360s ]
SQL: SHOW COLUMNS FROM `article` [ RunTime:0.0361s ]
SQL: SELECT `a_id`,`article_name`,`article_time` FROM `article` WHERE ( article_category_id=3 )  [ RunTime:0.0355s ]
SQL: SELECT `a_id`,`article_name`,`article_time` FROM `article` WHERE ( article_category_id=4 )  [ RunTime:0.0363s ]
SQL: SELECT `a_id`,`article_name`,`article_time` FROM `article` WHERE ( article_category_id=7 )  [ RunTime:0.0349s ]
SQL: SELECT `a_id`,`article_name`,`article_time` FROM `article` WHERE ( article_category_id=8 )  [ RunTime:0.0347s ]
SQL: SELECT `a_id`,`article_name`,`article_time` FROM `article` WHERE ( article_category_id=9 )  [ RunTime:0.0355s ]
SQL: SELECT * FROM `category` WHERE ( cat_son_id=0 )  [ RunTime:0.0351s ]
INFO: [ view_parse ] --START--
INFO: [ template_filter ] --START--
INFO: Run Behavior\ContentReplaceBehavior [ RunTime:0.000130s ]
INFO: [ template_filter ] --END-- [ RunTime:0.000243s ]
INFO: Run Behavior\ParseTemplateBehavior [ RunTime:0.024940s ]
INFO: [ view_parse ] --END-- [ RunTime:0.025061s ]
INFO: [ view_filter ] --START--
INFO: Run Behavior\WriteHtmlCacheBehavior [ RunTime:0.000975s ]
INFO: [ view_filter ] --END-- [ RunTime:0.001061s ]
INFO: [ app_end ] --START--
INFO: Run Behavior\ShowPageTraceBehavior [ RunTime:0.001578s ]
INFO: [ app_end ] --END-- [ RunTime:0.001671s ]

[ 2017-12-04T10:14:33+08:00 ] 127.0.0.1 /index.php/Home/Article/ArticleCategory.html
INFO: [ app_init ] --START--
INFO: Run Behavior\BuildLiteBehavior [ RunTime:0.000024s ]
INFO: [ app_init ] --END-- [ RunTime:0.000656s ]
INFO: [ app_begin ] --START--
INFO: Run Behavior\ReadHtmlCacheBehavior [ RunTime:0.000558s ]
INFO: [ app_begin ] --END-- [ RunTime:0.000597s ]
SQL: SHOW COLUMNS FROM `article` [ RunTime:0.0303s ]
SQL: SHOW COLUMNS FROM `category` [ RunTime:0.0318s ]
SQL: SELECT * FROM `category` WHERE ( cat_son_id=0 )  [ RunTime:0.0312s ]
SQL: SHOW COLUMNS FROM `article` [ RunTime:0.0330s ]
SQL: SELECT `a_id`,`article_name`,`article_time` FROM `article` ORDER BY article_time desc LIMIT 20   [ RunTime:0.0313s ]
INFO: [ view_parse ] --START--
INFO: [ template_filter ] --START--
INFO: Run Behavior\ContentReplaceBehavior [ RunTime:0.000084s ]
INFO: [ template_filter ] --END-- [ RunTime:0.000154s ]
INFO: Run Behavior\ParseTemplateBehavior [ RunTime:0.015472s ]
INFO: [ view_parse ] --END-- [ RunTime:0.015550s ]
INFO: [ view_filter ] --START--
INFO: Run Behavior\WriteHtmlCacheBehavior [ RunTime:0.000615s ]
INFO: [ view_filter ] --END-- [ RunTime:0.000673s ]
INFO: [ app_end ] --START--
INFO: Run Behavior\ShowPageTraceBehavior [ RunTime:0.000978s ]
INFO: [ app_end ] --END-- [ RunTime:0.001035s ]

[ 2017-12-04T10:14:36+08:00 ] 127.0.0.1 /index.php/Home/Article/SearchArticle.html
INFO: [ app_init ] --START--
INFO: Run Behavior\BuildLiteBehavior [ RunTime:0.000014s ]
INFO: [ app_init ] --END-- [ RunTime:0.000484s ]
INFO: [ app_begin ] --START--
INFO: Run Behavior\ReadHtmlCacheBehavior [ RunTime:0.000619s ]
INFO: [ app_begin ] --END-- [ RunTime:0.000663s ]
SQL: SHOW COLUMNS FROM `article` [ RunTime:0.0348s ]
SQL: SHOW COLUMNS FROM `article` [ RunTime:0.0316s ]
SQL:  SELECT * FROM article WHERE article_name LIKE '%ee%'  [ RunTime:0.0416s ]
SQL: SHOW COLUMNS FROM `category` [ RunTime:0.0471s ]
SQL: SELECT * FROM `category` WHERE ( cat_son_id=0 )  [ RunTime:0.0455s ]
INFO: [ view_parse ] --START--
INFO: [ template_filter ] --START--
INFO: Run Behavior\ContentReplaceBehavior [ RunTime:0.000185s ]
INFO: [ template_filter ] --END-- [ RunTime:0.000334s ]
INFO: Run Behavior\ParseTemplateBehavior [ RunTime:0.033526s ]
INFO: [ view_parse ] --END-- [ RunTime:0.033636s ]
INFO: [ view_filter ] --START--
INFO: Run Behavior\WriteHtmlCacheBehavior [ RunTime:0.000623s ]
INFO: [ view_filter ] --END-- [ RunTime:0.000688s ]
INFO: [ app_end ] --START--
INFO: Run Behavior\ShowPageTraceBehavior [ RunTime:0.001080s ]
INFO: [ app_end ] --END-- [ RunTime:0.001149s ]

[ 2017-12-04T10:14:39+08:00 ] 127.0.0.1 /index.php/Home/Article/SearchArticle.html
INFO: [ app_init ] --START--
INFO: Run Behavior\BuildLiteBehavior [ RunTime:0.000014s ]
INFO: [ app_init ] --END-- [ RunTime:0.000487s ]
INFO: [ app_begin ] --START--
INFO: Run Behavior\ReadHtmlCacheBehavior [ RunTime:0.000613s ]
INFO: [ app_begin ] --END-- [ RunTime:0.000656s ]
SQL: SHOW COLUMNS FROM `article` [ RunTime:0.0418s ]
SQL: SHOW COLUMNS FROM `article` [ RunTime:0.0454s ]
SQL:  SELECT * FROM article WHERE article_name LIKE '%test%'  [ RunTime:0.0469s ]
SQL: SHOW COLUMNS FROM `category` [ RunTime:0.0425s ]
SQL: SELECT * FROM `category` WHERE ( cat_son_id=0 )  [ RunTime:0.0445s ]
INFO: [ view_parse ] --START--
INFO: [ template_filter ] --START--
INFO: Run Behavior\ContentReplaceBehavior [ RunTime:0.000126s ]
INFO: [ template_filter ] --END-- [ RunTime:0.000231s ]
INFO: Run Behavior\ParseTemplateBehavior [ RunTime:0.022107s ]
INFO: [ view_parse ] --END-- [ RunTime:0.022277s ]
INFO: [ view_filter ] --START--
INFO: Run Behavior\WriteHtmlCacheBehavior [ RunTime:0.000752s ]
INFO: [ view_filter ] --END-- [ RunTime:0.000833s ]
INFO: [ app_end ] --START--
INFO: Run Behavior\ShowPageTraceBehavior [ RunTime:0.001328s ]
INFO: [ app_end ] --END-- [ RunTime:0.001413s ]

[ 2017-12-04T10:14:43+08:00 ] 127.0.0.1 /index.php/Home/Article/ArticleContent/a_id/17.html
INFO: [ app_init ] --START--
INFO: Run Behavior\BuildLiteBehavior [ RunTime:0.000011s ]
INFO: [ app_init ] --END-- [ RunTime:0.000361s ]
INFO: [ app_begin ] --START--
INFO: Run Behavior\ReadHtmlCacheBehavior [ RunTime:0.000564s ]
INFO: [ app_begin ] --END-- [ RunTime:0.000605s ]
SQL: SHOW COLUMNS FROM `article` [ RunTime:0.0364s ]
SQL: SHOW COLUMNS FROM `article` [ RunTime:0.0306s ]
SQL: SELECT * FROM `article` WHERE ( a_id=17 ) LIMIT 1   [ RunTime:0.0324s ]
INFO: [ view_parse ] --START--
INFO: [ template_filter ] --START--
INFO: Run Behavior\ContentReplaceBehavior [ RunTime:0.000147s ]
INFO: [ template_filter ] --END-- [ RunTime:0.000287s ]
INFO: Run Behavior\ParseTemplateBehavior [ RunTime:0.014371s ]
INFO: [ view_parse ] --END-- [ RunTime:0.014499s ]
INFO: [ view_filter ] --START--
INFO: Run Behavior\WriteHtmlCacheBehavior [ RunTime:0.000771s ]
INFO: [ view_filter ] --END-- [ RunTime:0.000846s ]
INFO: [ app_end ] --START--
INFO: Run Behavior\ShowPageTraceBehavior [ RunTime:0.001203s ]
INFO: [ app_end ] --END-- [ RunTime:0.001290s ]

[ 2017-12-04T10:14:48+08:00 ] 127.0.0.1 /index.php/Home/Article/ArticleCategory.html
INFO: [ app_init ] --START--
INFO: Run Behavior\BuildLiteBehavior [ RunTime:0.000020s ]
INFO: [ app_init ] --END-- [ RunTime:0.001349s ]
INFO: [ app_begin ] --START--
INFO: Run Behavior\ReadHtmlCacheBehavior [ RunTime:0.000552s ]
INFO: [ app_begin ] --END-- [ RunTime:0.000590s ]
SQL: SHOW COLUMNS FROM `article` [ RunTime:0.0281s ]
SQL: SHOW COLUMNS FROM `category` [ RunTime:0.0300s ]
SQL: SELECT * FROM `category` WHERE ( cat_son_id=0 )  [ RunTime:0.0311s ]
SQL: SHOW COLUMNS FROM `article` [ RunTime:0.0294s ]
SQL: SELECT `a_id`,`article_name`,`article_time` FROM `article` ORDER BY article_time desc LIMIT 20   [ RunTime:0.0280s ]
INFO: [ view_parse ] --START--
INFO: [ template_filter ] --START--
INFO: Run Behavior\ContentReplaceBehavior [ RunTime:0.000061s ]
INFO: [ template_filter ] --END-- [ RunTime:0.000114s ]
INFO: Run Behavior\ParseTemplateBehavior [ RunTime:0.010387s ]
INFO: [ view_parse ] --END-- [ RunTime:0.010440s ]
INFO: [ view_filter ] --START--
INFO: Run Behavior\WriteHtmlCacheBehavior [ RunTime:0.000387s ]
INFO: [ view_filter ] --END-- [ RunTime:0.000421s ]
INFO: [ app_end ] --START--
INFO: Run Behavior\ShowPageTraceBehavior [ RunTime:0.000614s ]
INFO: [ app_end ] --END-- [ RunTime:0.000650s ]

[ 2017-12-04T10:14:51+08:00 ] 127.0.0.1 /index.php/Home/Article/ArticleSonCate/cId/1.html
INFO: [ app_init ] --START--
INFO: Run Behavior\BuildLiteBehavior [ RunTime:0.000026s ]
INFO: [ app_init ] --END-- [ RunTime:0.000535s ]
INFO: [ app_begin ] --START--
INFO: Run Behavior\ReadHtmlCacheBehavior [ RunTime:0.000725s ]
INFO: [ app_begin ] --END-- [ RunTime:0.000781s ]
SQL: SHOW COLUMNS FROM `article` [ RunTime:0.0236s ]
SQL: SHOW COLUMNS FROM `category` [ RunTime:0.0247s ]
SQL: SELECT * FROM `category` WHERE ( cat_son_id=1 )  [ RunTime:0.0238s ]
SQL: SHOW COLUMNS FROM `article` [ RunTime:0.0295s ]
SQL: SELECT `a_id`,`article_name`,`article_time` FROM `article` WHERE ( article_category_id=3 )  [ RunTime:0.0263s ]
SQL: SELECT `a_id`,`article_name`,`article_time` FROM `article` WHERE ( article_category_id=4 )  [ RunTime:0.0282s ]
SQL: SELECT `a_id`,`article_name`,`article_time` FROM `article` WHERE ( article_category_id=7 )  [ RunTime:0.0257s ]
SQL: SELECT `a_id`,`article_name`,`article_time` FROM `article` WHERE ( article_category_id=8 )  [ RunTime:0.0219s ]
SQL: SELECT `a_id`,`article_name`,`article_time` FROM `article` WHERE ( article_category_id=9 )  [ RunTime:0.0238s ]
SQL: SELECT * FROM `category` WHERE ( cat_son_id=0 )  [ RunTime:0.0256s ]
INFO: [ view_parse ] --START--
INFO: [ template_filter ] --START--
INFO: Run Behavior\ContentReplaceBehavior [ RunTime:0.000059s ]
INFO: [ template_filter ] --END-- [ RunTime:0.000113s ]
INFO: Run Behavior\ParseTemplateBehavior [ RunTime:0.010330s ]
INFO: [ view_parse ] --END-- [ RunTime:0.010380s ]
INFO: [ view_filter ] --START--
INFO: Run Behavior\WriteHtmlCacheBehavior [ RunTime:0.000388s ]
INFO: [ view_filter ] --END-- [ RunTime:0.000423s ]
INFO: [ app_end ] --START--
INFO: Run Behavior\ShowPageTraceBehavior [ RunTime:0.000618s ]
INFO: [ app_end ] --END-- [ RunTime:0.000655s ]

[ 2017-12-04T10:14:52+08:00 ] 127.0.0.1 /index.php/Home/Article/ArticleSonCate/cId/2.html
INFO: [ app_init ] --START--
INFO: Run Behavior\BuildLiteBehavior [ RunTime:0.000013s ]
INFO: [ app_init ] --END-- [ RunTime:0.000487s ]
INFO: [ app_begin ] --START--
INFO: Run Behavior\ReadHtmlCacheBehavior [ RunTime:0.000613s ]
INFO: [ app_begin ] --END-- [ RunTime:0.000658s ]
SQL: SHOW COLUMNS FROM `article` [ RunTime:0.0271s ]
SQL: SHOW COLUMNS FROM `category` [ RunTime:0.0273s ]
SQL: SELECT * FROM `category` WHERE ( cat_son_id=2 )  [ RunTime:0.0265s ]
SQL: SHOW COLUMNS FROM `article` [ RunTime:0.0269s ]
SQL: SELECT `a_id`,`article_name`,`article_time` FROM `article` WHERE ( article_category_id=5 )  [ RunTime:0.0264s ]
SQL: SELECT `a_id`,`article_name`,`article_time` FROM `article` WHERE ( article_category_id=6 )  [ RunTime:0.0264s ]
SQL: SELECT * FROM `category` WHERE ( cat_son_id=0 )  [ RunTime:0.0266s ]
INFO: [ view_parse ] --START--
INFO: [ template_filter ] --START--
INFO: Run Behavior\ContentReplaceBehavior [ RunTime:0.000185s ]
INFO: [ template_filter ] --END-- [ RunTime:0.000345s ]
INFO: Run Behavior\ParseTemplateBehavior [ RunTime:0.033112s ]
INFO: [ view_parse ] --END-- [ RunTime:0.033272s ]
INFO: [ view_filter ] --START--
INFO: Run Behavior\WriteHtmlCacheBehavior [ RunTime:0.001110s ]
INFO: [ view_filter ] --END-- [ RunTime:0.001228s ]
INFO: [ app_end ] --START--
INFO: Run Behavior\ShowPageTraceBehavior [ RunTime:0.002019s ]
INFO: [ app_end ] --END-- [ RunTime:0.002157s ]

[ 2017-12-04T10:37:39+08:00 ] 127.0.0.1 /index.php/Home/Article/ArticleSonCate/cId/2.html
INFO: [ app_init ] --START--
INFO: Run Behavior\BuildLiteBehavior [ RunTime:0.000011s ]
INFO: [ app_init ] --END-- [ RunTime:0.000447s ]
INFO: [ app_begin ] --START--
INFO: Run Behavior\ReadHtmlCacheBehavior [ RunTime:0.000987s ]
INFO: [ app_begin ] --END-- [ RunTime:0.001033s ]
SQL: SHOW COLUMNS FROM `article` [ RunTime:0.0320s ]
SQL: SHOW COLUMNS FROM `category` [ RunTime:0.0321s ]
SQL: SELECT * FROM `category` WHERE ( cat_son_id=2 )  [ RunTime:0.0317s ]
SQL: SHOW COLUMNS FROM `article` [ RunTime:0.0326s ]
SQL: SELECT `a_id`,`article_name`,`article_time` FROM `article` WHERE ( article_category_id=5 )  [ RunTime:0.0321s ]
SQL: SELECT `a_id`,`article_name`,`article_time` FROM `article` WHERE ( article_category_id=6 )  [ RunTime:1.0256s ]
SQL: SELECT * FROM `category` WHERE ( cat_son_id=0 )  [ RunTime:0.0305s ]
INFO: [ view_parse ] --START--
INFO: [ template_filter ] --START--
INFO: Run Behavior\ContentReplaceBehavior [ RunTime:0.000111s ]
INFO: [ template_filter ] --END-- [ RunTime:0.000207s ]
INFO: Run Behavior\ParseTemplateBehavior [ RunTime:0.024704s ]
INFO: [ view_parse ] --END-- [ RunTime:0.024810s ]
INFO: [ view_filter ] --START--
INFO: Run Behavior\WriteHtmlCacheBehavior [ RunTime:0.001687s ]
INFO: [ view_filter ] --END-- [ RunTime:0.001769s ]
INFO: [ app_end ] --START--
INFO: Run Behavior\ShowPageTraceBehavior [ RunTime:0.003085s ]
INFO: [ app_end ] --END-- [ RunTime:0.003205s ]

[ 2017-12-04T10:37:40+08:00 ] 127.0.0.1 /index.php/Home/Article/ArticleSonCate/cId/2.html
INFO: [ app_init ] --START--
INFO: Run Behavior\BuildLiteBehavior [ RunTime:0.000026s ]
INFO: [ app_init ] --END-- [ RunTime:0.000521s ]
INFO: [ app_begin ] --START--
INFO: Run Behavior\ReadHtmlCacheBehavior [ RunTime:0.000908s ]
INFO: [ app_begin ] --END-- [ RunTime:0.000973s ]
SQL: SHOW COLUMNS FROM `article` [ RunTime:0.0310s ]
SQL: SHOW COLUMNS FROM `category` [ RunTime:0.0303s ]
SQL: SELECT * FROM `category` WHERE ( cat_son_id=2 )  [ RunTime:0.0305s ]
SQL: SHOW COLUMNS FROM `article` [ RunTime:0.0318s ]
SQL: SELECT `a_id`,`article_name`,`article_time` FROM `article` WHERE ( article_category_id=5 )  [ RunTime:0.0301s ]
SQL: SELECT `a_id`,`article_name`,`article_time` FROM `article` WHERE ( article_category_id=6 )  [ RunTime:0.0307s ]
SQL: SELECT * FROM `category` WHERE ( cat_son_id=0 )  [ RunTime:0.0305s ]
INFO: [ view_parse ] --START--
INFO: [ template_filter ] --START--
INFO: Run Behavior\ContentReplaceBehavior [ RunTime:0.000049s ]
INFO: [ template_filter ] --END-- [ RunTime:0.000092s ]
INFO: Run Behavior\ParseTemplateBehavior [ RunTime:0.010313s ]
INFO: [ view_parse ] --END-- [ RunTime:0.010360s ]
INFO: [ view_filter ] --START--
INFO: Run Behavior\WriteHtmlCacheBehavior [ RunTime:0.000627s ]
INFO: [ view_filter ] --END-- [ RunTime:0.000655s ]
INFO: [ app_end ] --START--
INFO: Run Behavior\ShowPageTraceBehavior [ RunTime:0.001370s ]
INFO: [ app_end ] --END-- [ RunTime:0.001424s ]

[ 2017-12-04T10:37:43+08:00 ] 127.0.0.1 /index.php/Home/Article/ArticleSonCate/cId/1.html
INFO: [ app_init ] --START--
INFO: Run Behavior\BuildLiteBehavior [ RunTime:0.000013s ]
INFO: [ app_init ] --END-- [ RunTime:0.000467s ]
INFO: [ app_begin ] --START--
INFO: Run Behavior\ReadHtmlCacheBehavior [ RunTime:0.000804s ]
INFO: [ app_begin ] --END-- [ RunTime:0.000846s ]
SQL: SHOW COLUMNS FROM `article` [ RunTime:0.0261s ]
SQL: SHOW COLUMNS FROM `category` [ RunTime:0.0257s ]
SQL: SELECT * FROM `category` WHERE ( cat_son_id=1 )  [ RunTime:0.0252s ]
SQL: SHOW COLUMNS FROM `article` [ RunTime:0.0265s ]
SQL: SELECT `a_id`,`article_name`,`article_time` FROM `article` WHERE ( article_category_id=3 )  [ RunTime:0.0252s ]
SQL: SELECT `a_id`,`article_name`,`article_time` FROM `article` WHERE ( article_category_id=4 )  [ RunTime:0.0257s ]
SQL: SELECT `a_id`,`article_name`,`article_time` FROM `article` WHERE ( article_category_id=7 )  [ RunTime:1.0261s ]
SQL: SELECT `a_id`,`article_name`,`article_time` FROM `article` WHERE ( article_category_id=8 )  [ RunTime:0.0249s ]
SQL: SELECT `a_id`,`article_name`,`article_time` FROM `article` WHERE ( article_category_id=9 )  [ RunTime:0.0253s ]
SQL: SELECT * FROM `category` WHERE ( cat_son_id=0 )  [ RunTime:0.0246s ]
INFO: [ view_parse ] --START--
INFO: [ template_filter ] --START--
INFO: Run Behavior\ContentReplaceBehavior [ RunTime:0.000184s ]
INFO: [ template_filter ] --END-- [ RunTime:0.000354s ]
INFO: Run Behavior\ParseTemplateBehavior [ RunTime:0.041883s ]
INFO: [ view_parse ] --END-- [ RunTime:0.042011s ]
INFO: [ view_filter ] --START--
INFO: Run Behavior\WriteHtmlCacheBehavior [ RunTime:0.001415s ]
INFO: [ view_filter ] --END-- [ RunTime:0.001486s ]
INFO: [ app_end ] --START--
INFO: Run Behavior\ShowPageTraceBehavior [ RunTime:0.002193s ]
INFO: [ app_end ] --END-- [ RunTime:0.002293s ]

[ 2017-12-04T10:37:44+08:00 ] 127.0.0.1 /index.php/Home/Article/ArticleCategory.html
INFO: [ app_init ] --START--
INFO: Run Behavior\BuildLiteBehavior [ RunTime:0.000014s ]
INFO: [ app_init ] --END-- [ RunTime:0.000585s ]
INFO: [ app_begin ] --START--
INFO: Run Behavior\ReadHtmlCacheBehavior [ RunTime:0.001026s ]
INFO: [ app_begin ] --END-- [ RunTime:0.001071s ]
SQL: SHOW COLUMNS FROM `article` [ RunTime:0.0280s ]
SQL: SHOW COLUMNS FROM `category` [ RunTime:0.0276s ]
SQL: SELECT * FROM `category` WHERE ( cat_son_id=0 )  [ RunTime:0.0272s ]
SQL: SHOW COLUMNS FROM `article` [ RunTime:0.0275s ]
SQL: SELECT `a_id`,`article_name`,`article_time` FROM `article` ORDER BY article_time desc LIMIT 20   [ RunTime:0.0269s ]
INFO: [ view_parse ] --START--
INFO: [ template_filter ] --START--
INFO: Run Behavior\ContentReplaceBehavior [ RunTime:0.000052s ]
INFO: [ template_filter ] --END-- [ RunTime:0.000099s ]
INFO: Run Behavior\ParseTemplateBehavior [ RunTime:0.009718s ]
INFO: [ view_parse ] --END-- [ RunTime:0.009763s ]
INFO: [ view_filter ] --START--
INFO: Run Behavior\WriteHtmlCacheBehavior [ RunTime:0.000664s ]
INFO: [ view_filter ] --END-- [ RunTime:0.000696s ]
INFO: [ app_end ] --START--
INFO: Run Behavior\ShowPageTraceBehavior [ RunTime:0.001742s ]
INFO: [ app_end ] --END-- [ RunTime:0.001822s ]

[ 2017-12-04T10:37:49+08:00 ] 127.0.0.1 /index.php/Home/Article/SearchArticle.html
INFO: [ app_init ] --START--
INFO: Run Behavior\BuildLiteBehavior [ RunTime:0.000014s ]
INFO: [ app_init ] --END-- [ RunTime:0.000590s ]
INFO: [ app_begin ] --START--
INFO: Run Behavior\ReadHtmlCacheBehavior [ RunTime:0.001054s ]
INFO: [ app_begin ] --END-- [ RunTime:0.001100s ]
SQL: SHOW COLUMNS FROM `article` [ RunTime:0.0283s ]
SQL: SHOW COLUMNS FROM `article` [ RunTime:0.0313s ]
SQL:  SELECT * FROM article WHERE article_name LIKE '%t%'  [ RunTime:0.0320s ]
SQL: SHOW COLUMNS FROM `category` [ RunTime:0.0297s ]
SQL: SELECT * FROM `category` WHERE ( cat_son_id=0 )  [ RunTime:0.0287s ]
INFO: [ view_parse ] --START--
INFO: [ template_filter ] --START--
INFO: Run Behavior\ContentReplaceBehavior [ RunTime:0.000185s ]
INFO: [ template_filter ] --END-- [ RunTime:0.000338s ]
INFO: Run Behavior\ParseTemplateBehavior [ RunTime:0.040512s ]
INFO: [ view_parse ] --END-- [ RunTime:0.040726s ]
INFO: [ view_filter ] --START--
INFO: Run Behavior\WriteHtmlCacheBehavior [ RunTime:0.003148s ]
INFO: [ view_filter ] --END-- [ RunTime:0.003275s ]
INFO: [ app_end ] --START--
INFO: Run Behavior\ShowPageTraceBehavior [ RunTime:0.005495s ]
INFO: [ app_end ] --END-- [ RunTime:0.005659s ]

[ 2017-12-04T10:37:55+08:00 ] 127.0.0.1 /index.php/Home/Article/SearchArticle.html
INFO: [ app_init ] --START--
INFO: Run Behavior\BuildLiteBehavior [ RunTime:0.000012s ]
INFO: [ app_init ] --END-- [ RunTime:0.000506s ]
INFO: [ app_begin ] --START--
INFO: Run Behavior\ReadHtmlCacheBehavior [ RunTime:0.000797s ]
INFO: [ app_begin ] --END-- [ RunTime:0.000834s ]
SQL: SHOW COLUMNS FROM `article` [ RunTime:0.0297s ]
SQL: SHOW COLUMNS FROM `article` [ RunTime:0.0288s ]
SQL:  SELECT * FROM article WHERE article_name LIKE '%额%'  [ RunTime:0.0286s ]
SQL: SHOW COLUMNS FROM `category` [ RunTime:0.0284s ]
SQL: SELECT * FROM `category` WHERE ( cat_son_id=0 )  [ RunTime:0.0279s ]
INFO: [ view_parse ] --START--
INFO: [ template_filter ] --START--
INFO: Run Behavior\ContentReplaceBehavior [ RunTime:0.000080s ]
INFO: [ template_filter ] --END-- [ RunTime:0.000145s ]
INFO: Run Behavior\ParseTemplateBehavior [ RunTime:0.015949s ]
INFO: [ view_parse ] --END-- [ RunTime:0.016023s ]
INFO: [ view_filter ] --START--
INFO: Run Behavior\WriteHtmlCacheBehavior [ RunTime:0.001279s ]
INFO: [ view_filter ] --END-- [ RunTime:0.001414s ]
INFO: [ app_end ] --START--
INFO: Run Behavior\ShowPageTraceBehavior [ RunTime:0.001895s ]
INFO: [ app_end ] --END-- [ RunTime:0.001976s ]

[ 2017-12-04T10:38:01+08:00 ] 127.0.0.1 /index.php/Home/Article/SearchArticle.html
INFO: [ app_init ] --START--
INFO: Run Behavior\BuildLiteBehavior [ RunTime:0.000015s ]
INFO: [ app_init ] --END-- [ RunTime:0.000588s ]
INFO: [ app_begin ] --START--
INFO: Run Behavior\ReadHtmlCacheBehavior [ RunTime:0.001142s ]
INFO: [ app_begin ] --END-- [ RunTime:0.001209s ]
SQL: SHOW COLUMNS FROM `article` [ RunTime:0.0308s ]
SQL: SHOW COLUMNS FROM `article` [ RunTime:0.0305s ]
SQL:  SELECT * FROM article WHERE article_name LIKE '%额%'  [ RunTime:1.0253s ]
SQL: SHOW COLUMNS FROM `category` [ RunTime:0.0314s ]
SQL: SELECT * FROM `category` WHERE ( cat_son_id=0 )  [ RunTime:0.0298s ]
INFO: [ view_parse ] --START--
INFO: [ template_filter ] --START--
INFO: Run Behavior\ContentReplaceBehavior [ RunTime:0.000286s ]
INFO: [ template_filter ] --END-- [ RunTime:0.000757s ]
INFO: Run Behavior\ParseTemplateBehavior [ RunTime:0.043383s ]
INFO: [ view_parse ] --END-- [ RunTime:0.043527s ]
INFO: [ view_filter ] --START--
INFO: Run Behavior\WriteHtmlCacheBehavior [ RunTime:0.001536s ]
INFO: [ view_filter ] --END-- [ RunTime:0.001613s ]
INFO: [ app_end ] --START--
INFO: Run Behavior\ShowPageTraceBehavior [ RunTime:0.001983s ]
INFO: [ app_end ] --END-- [ RunTime:0.002059s ]

[ 2017-12-04T10:38:04+08:00 ] 127.0.0.1 /index.php/Home/Article/ArticleCategory.html
INFO: [ app_init ] --START--
INFO: Run Behavior\BuildLiteBehavior [ RunTime:0.000015s ]
INFO: [ app_init ] --END-- [ RunTime:0.000588s ]
INFO: [ app_begin ] --START--
INFO: Run Behavior\ReadHtmlCacheBehavior [ RunTime:0.002449s ]
INFO: [ app_begin ] --END-- [ RunTime:0.002603s ]
SQL: SHOW COLUMNS FROM `article` [ RunTime:0.0260s ]
SQL: SHOW COLUMNS FROM `category` [ RunTime:0.0255s ]
SQL: SELECT * FROM `category` WHERE ( cat_son_id=0 )  [ RunTime:0.0253s ]
SQL: SHOW COLUMNS FROM `article` [ RunTime:0.0264s ]
SQL: SELECT `a_id`,`article_name`,`article_time` FROM `article` ORDER BY article_time desc LIMIT 20   [ RunTime:0.0250s ]
INFO: [ view_parse ] --START--
INFO: [ template_filter ] --START--
INFO: Run Behavior\ContentReplaceBehavior [ RunTime:0.000057s ]
INFO: [ template_filter ] --END-- [ RunTime:0.000105s ]
INFO: Run Behavior\ParseTemplateBehavior [ RunTime:0.012186s ]
INFO: [ view_parse ] --END-- [ RunTime:0.012238s ]
INFO: [ view_filter ] --START--
INFO: Run Behavior\WriteHtmlCacheBehavior [ RunTime:0.000813s ]
INFO: [ view_filter ] --END-- [ RunTime:0.000848s ]
INFO: [ app_end ] --START--
INFO: Run Behavior\ShowPageTraceBehavior [ RunTime:0.001507s ]
INFO: [ app_end ] --END-- [ RunTime:0.001569s ]

[ 2017-12-04T10:38:05+08:00 ] 127.0.0.1 /index.php/Home/Article/ArticleContent/a_id/18.html
INFO: [ app_init ] --START--
INFO: Run Behavior\BuildLiteBehavior [ RunTime:0.000013s ]
INFO: [ app_init ] --END-- [ RunTime:0.000468s ]
INFO: [ app_begin ] --START--
INFO: Run Behavior\ReadHtmlCacheBehavior [ RunTime:0.003689s ]
INFO: [ app_begin ] --END-- [ RunTime:0.003779s ]
SQL: SHOW COLUMNS FROM `article` [ RunTime:0.0310s ]
SQL: SHOW COLUMNS FROM `article` [ RunTime:0.0315s ]
SQL: SELECT * FROM `article` WHERE ( a_id=18 ) LIMIT 1   [ RunTime:0.0304s ]
INFO: [ view_parse ] --START--
INFO: [ template_filter ] --START--
INFO: Run Behavior\ContentReplaceBehavior [ RunTime:0.000076s ]
INFO: [ template_filter ] --END-- [ RunTime:0.000154s ]
INFO: Run Behavior\ParseTemplateBehavior [ RunTime:0.059151s ]
INFO: [ view_parse ] --END-- [ RunTime:0.059227s ]
INFO: [ view_filter ] --START--
INFO: Run Behavior\WriteHtmlCacheBehavior [ RunTime:0.000679s ]
INFO: [ view_filter ] --END-- [ RunTime:0.000715s ]
INFO: [ app_end ] --START--
INFO: Run Behavior\ShowPageTraceBehavior [ RunTime:0.000809s ]
INFO: [ app_end ] --END-- [ RunTime:0.000841s ]

[ 2017-12-04T10:38:16+08:00 ] 127.0.0.1 /index.php/Home/Article/ArticleCategory.html
INFO: [ app_init ] --START--
INFO: Run Behavior\BuildLiteBehavior [ RunTime:0.000013s ]
INFO: [ app_init ] --END-- [ RunTime:0.000583s ]
INFO: [ app_begin ] --START--
INFO: Run Behavior\ReadHtmlCacheBehavior [ RunTime:0.001194s ]
INFO: [ app_begin ] --END-- [ RunTime:0.001255s ]
SQL: SHOW COLUMNS FROM `article` [ RunTime:0.0291s ]
SQL: SHOW COLUMNS FROM `category` [ RunTime:0.0284s ]
SQL: SELECT * FROM `category` WHERE ( cat_son_id=0 )  [ RunTime:0.0276s ]
SQL: SHOW COLUMNS FROM `article` [ RunTime:0.0281s ]
SQL: SELECT `a_id`,`article_name`,`article_time` FROM `article` ORDER BY article_time desc LIMIT 20   [ RunTime:0.0280s ]
INFO: [ view_parse ] --START--
INFO: [ template_filter ] --START--
INFO: Run Behavior\ContentReplaceBehavior [ RunTime:0.000082s ]
INFO: [ template_filter ] --END-- [ RunTime:0.000152s ]
INFO: Run Behavior\ParseTemplateBehavior [ RunTime:0.025025s ]
INFO: [ view_parse ] --END-- [ RunTime:0.025140s ]
INFO: [ view_filter ] --START--
INFO: Run Behavior\WriteHtmlCacheBehavior [ RunTime:0.001127s ]
INFO: [ view_filter ] --END-- [ RunTime:0.001177s ]
INFO: [ app_end ] --START--
INFO: Run Behavior\ShowPageTraceBehavior [ RunTime:0.002232s ]
INFO: [ app_end ] --END-- [ RunTime:0.002318s ]

[ 2017-12-04T10:38:18+08:00 ] 127.0.0.1 /index.php/Home/Article/ArticleSonCate/cId/1.html
INFO: [ app_init ] --START--
INFO: Run Behavior\BuildLiteBehavior [ RunTime:0.000016s ]
INFO: [ app_init ] --END-- [ RunTime:0.000478s ]
INFO: [ app_begin ] --START--
INFO: Run Behavior\ReadHtmlCacheBehavior [ RunTime:0.000843s ]
INFO: [ app_begin ] --END-- [ RunTime:0.000898s ]
SQL: SHOW COLUMNS FROM `article` [ RunTime:0.0322s ]
SQL: SHOW COLUMNS FROM `category` [ RunTime:0.0318s ]
SQL: SELECT * FROM `category` WHERE ( cat_son_id=1 )  [ RunTime:0.0319s ]
SQL: SHOW COLUMNS FROM `article` [ RunTime:0.0346s ]
SQL: SELECT `a_id`,`article_name`,`article_time` FROM `article` WHERE ( article_category_id=3 )  [ RunTime:0.0318s ]
SQL: SELECT `a_id`,`article_name`,`article_time` FROM `article` WHERE ( article_category_id=4 )  [ RunTime:0.0314s ]
SQL: SELECT `a_id`,`article_name`,`article_time` FROM `article` WHERE ( article_category_id=7 )  [ RunTime:0.0317s ]
SQL: SELECT `a_id`,`article_name`,`article_time` FROM `article` WHERE ( article_category_id=8 )  [ RunTime:0.0313s ]
SQL: SELECT `a_id`,`article_name`,`article_time` FROM `article` WHERE ( article_category_id=9 )  [ RunTime:0.0326s ]
SQL: SELECT * FROM `category` WHERE ( cat_son_id=0 )  [ RunTime:0.0317s ]
INFO: [ view_parse ] --START--
INFO: [ template_filter ] --START--
INFO: Run Behavior\ContentReplaceBehavior [ RunTime:0.000053s ]
INFO: [ template_filter ] --END-- [ RunTime:0.000103s ]
INFO: Run Behavior\ParseTemplateBehavior [ RunTime:0.010684s ]
INFO: [ view_parse ] --END-- [ RunTime:0.010736s ]
INFO: [ view_filter ] --START--
INFO: Run Behavior\WriteHtmlCacheBehavior [ RunTime:0.000716s ]
INFO: [ view_filter ] --END-- [ RunTime:0.000761s ]
INFO: [ app_end ] --START--
INFO: Run Behavior\ShowPageTraceBehavior [ RunTime:0.000875s ]
INFO: [ app_end ] --END-- [ RunTime:0.000906s ]

[ 2017-12-04T10:38:19+08:00 ] 127.0.0.1 /index.php/Home/Article/ArticleSonCate/cId/2.html
INFO: [ app_init ] --START--
INFO: Run Behavior\BuildLiteBehavior [ RunTime:0.000013s ]
INFO: [ app_init ] --END-- [ RunTime:0.000444s ]
INFO: [ app_begin ] --START--
INFO: Run Behavior\ReadHtmlCacheBehavior [ RunTime:0.000882s ]
INFO: [ app_begin ] --END-- [ RunTime:0.000926s ]
SQL: SHOW COLUMNS FROM `article` [ RunTime:0.0290s ]
SQL: SHOW COLUMNS FROM `category` [ RunTime:0.0286s ]
SQL: SELECT * FROM `category` WHERE ( cat_son_id=2 )  [ RunTime:0.0291s ]
SQL: SHOW COLUMNS FROM `article` [ RunTime:0.0295s ]
SQL: SELECT `a_id`,`article_name`,`article_time` FROM `article` WHERE ( article_category_id=5 )  [ RunTime:0.0283s ]
SQL: SELECT `a_id`,`article_name`,`article_time` FROM `article` WHERE ( article_category_id=6 )  [ RunTime:0.0297s ]
SQL: SELECT * FROM `category` WHERE ( cat_son_id=0 )  [ RunTime:0.0286s ]
INFO: [ view_parse ] --START--
INFO: [ template_filter ] --START--
INFO: Run Behavior\ContentReplaceBehavior [ RunTime:0.000050s ]
INFO: [ template_filter ] --END-- [ RunTime:0.000092s ]
INFO: Run Behavior\ParseTemplateBehavior [ RunTime:0.009509s ]
INFO: [ view_parse ] --END-- [ RunTime:0.009555s ]
INFO: [ view_filter ] --START--
INFO: Run Behavior\WriteHtmlCacheBehavior [ RunTime:0.000810s ]
INFO: [ view_filter ] --END-- [ RunTime:0.000856s ]
INFO: [ app_end ] --START--
INFO: Run Behavior\ShowPageTraceBehavior [ RunTime:0.001660s ]
INFO: [ app_end ] --END-- [ RunTime:0.001767s ]

[ 2017-12-04T10:38:22+08:00 ] 127.0.0.1 /index.php/Home/Article/ArticleSonCate/cId/1.html
INFO: [ app_init ] --START--
INFO: Run Behavior\BuildLiteBehavior [ RunTime:0.000015s ]
INFO: [ app_init ] --END-- [ RunTime:0.000688s ]
INFO: [ app_begin ] --START--
INFO: Run Behavior\ReadHtmlCacheBehavior [ RunTime:0.001475s ]
INFO: [ app_begin ] --END-- [ RunTime:0.001558s ]
SQL: SHOW COLUMNS FROM `article` [ RunTime:0.0283s ]
SQL: SHOW COLUMNS FROM `category` [ RunTime:0.0275s ]
SQL: SELECT * FROM `category` WHERE ( cat_son_id=1 )  [ RunTime:0.0270s ]
SQL: SHOW COLUMNS FROM `article` [ RunTime:0.0280s ]
SQL: SELECT `a_id`,`article_name`,`article_time` FROM `article` WHERE ( article_category_id=3 )  [ RunTime:0.0268s ]
SQL: SELECT `a_id`,`article_name`,`article_time` FROM `article` WHERE ( article_category_id=4 )  [ RunTime:0.0266s ]
SQL: SELECT `a_id`,`article_name`,`article_time` FROM `article` WHERE ( article_category_id=7 )  [ RunTime:0.0270s ]
SQL: SELECT `a_id`,`article_name`,`article_time` FROM `article` WHERE ( article_category_id=8 )  [ RunTime:1.0238s ]
SQL: SELECT `a_id`,`article_name`,`article_time` FROM `article` WHERE ( article_category_id=9 )  [ RunTime:0.0271s ]
SQL: SELECT * FROM `category` WHERE ( cat_son_id=0 )  [ RunTime:0.0266s ]
INFO: [ view_parse ] --START--
INFO: [ template_filter ] --START--
INFO: Run Behavior\ContentReplaceBehavior [ RunTime:0.000206s ]
INFO: [ template_filter ] --END-- [ RunTime:0.000389s ]
INFO: Run Behavior\ParseTemplateBehavior [ RunTime:0.044254s ]
INFO: [ view_parse ] --END-- [ RunTime:0.044441s ]
INFO: [ view_filter ] --START--
INFO: Run Behavior\WriteHtmlCacheBehavior [ RunTime:0.002382s ]
INFO: [ view_filter ] --END-- [ RunTime:0.002473s ]
INFO: [ app_end ] --START--
INFO: Run Behavior\ShowPageTraceBehavior [ RunTime:0.001963s ]
INFO: [ app_end ] --END-- [ RunTime:0.002032s ]

[ 2017-12-04T10:38:23+08:00 ] 127.0.0.1 /index.php/Home/Article/ArticleSonCate/cId/2.html
INFO: [ app_init ] --START--
INFO: Run Behavior\BuildLiteBehavior [ RunTime:0.000014s ]
INFO: [ app_init ] --END-- [ RunTime:0.000539s ]
INFO: [ app_begin ] --START--
INFO: Run Behavior\ReadHtmlCacheBehavior [ RunTime:0.000719s ]
INFO: [ app_begin ] --END-- [ RunTime:0.000761s ]
SQL: SHOW COLUMNS FROM `article` [ RunTime:0.0329s ]
SQL: SHOW COLUMNS FROM `category` [ RunTime:0.0319s ]
SQL: SELECT * FROM `category` WHERE ( cat_son_id=2 )  [ RunTime:0.0321s ]
SQL: SHOW COLUMNS FROM `article` [ RunTime:0.0323s ]
SQL: SELECT `a_id`,`article_name`,`article_time` FROM `article` WHERE ( article_category_id=5 )  [ RunTime:0.0312s ]
SQL: SELECT `a_id`,`article_name`,`article_time` FROM `article` WHERE ( article_category_id=6 )  [ RunTime:0.0312s ]
SQL: SELECT * FROM `category` WHERE ( cat_son_id=0 )  [ RunTime:0.0311s ]
INFO: [ view_parse ] --START--
INFO: [ template_filter ] --START--
INFO: Run Behavior\ContentReplaceBehavior [ RunTime:0.000190s ]
INFO: [ template_filter ] --END-- [ RunTime:0.000335s ]
INFO: Run Behavior\ParseTemplateBehavior [ RunTime:0.035531s ]
INFO: [ view_parse ] --END-- [ RunTime:0.035717s ]
INFO: [ view_filter ] --START--
INFO: Run Behavior\WriteHtmlCacheBehavior [ RunTime:0.002010s ]
INFO: [ view_filter ] --END-- [ RunTime:0.002141s ]
INFO: [ app_end ] --START--
INFO: Run Behavior\ShowPageTraceBehavior [ RunTime:0.002541s ]
INFO: [ app_end ] --END-- [ RunTime:0.002700s ]

[ 2017-12-04T10:38:24+08:00 ] 127.0.0.1 /index.php/Home/Article/ArticleSonCate/cId/1.html
INFO: [ app_init ] --START--
INFO: Run Behavior\BuildLiteBehavior [ RunTime:0.000014s ]
INFO: [ app_init ] --END-- [ RunTime:0.000406s ]
INFO: [ app_begin ] --START--
INFO: Run Behavior\ReadHtmlCacheBehavior [ RunTime:0.000577s ]
INFO: [ app_begin ] --END-- [ RunTime:0.000621s ]
SQL: SHOW COLUMNS FROM `article` [ RunTime:0.0336s ]
SQL: SHOW COLUMNS FROM `category` [ RunTime:0.0333s ]
SQL: SELECT * FROM `category` WHERE ( cat_son_id=1 )  [ RunTime:0.0336s ]
SQL: SHOW COLUMNS FROM `article` [ RunTime:0.0332s ]
SQL: SELECT `a_id`,`article_name`,`article_time` FROM `article` WHERE ( article_category_id=3 )  [ RunTime:0.0318s ]
SQL: SELECT `a_id`,`article_name`,`article_time` FROM `article` WHERE ( article_category_id=4 )  [ RunTime:0.0322s ]
SQL: SELECT `a_id`,`article_name`,`article_time` FROM `article` WHERE ( article_category_id=7 )  [ RunTime:0.0319s ]
SQL: SELECT `a_id`,`article_name`,`article_time` FROM `article` WHERE ( article_category_id=8 )  [ RunTime:0.0328s ]
SQL: SELECT `a_id`,`article_name`,`article_time` FROM `article` WHERE ( article_category_id=9 )  [ RunTime:0.0338s ]
SQL: SELECT * FROM `category` WHERE ( cat_son_id=0 )  [ RunTime:0.0320s ]
INFO: [ view_parse ] --START--
INFO: [ template_filter ] --START--
INFO: Run Behavior\ContentReplaceBehavior [ RunTime:0.000050s ]
INFO: [ template_filter ] --END-- [ RunTime:0.000092s ]
INFO: Run Behavior\ParseTemplateBehavior [ RunTime:0.007669s ]
INFO: [ view_parse ] --END-- [ RunTime:0.007715s ]
INFO: [ view_filter ] --START--
INFO: Run Behavior\WriteHtmlCacheBehavior [ RunTime:0.000305s ]
INFO: [ view_filter ] --END-- [ RunTime:0.000335s ]
INFO: [ app_end ] --START--
INFO: Run Behavior\ShowPageTraceBehavior [ RunTime:0.000507s ]
INFO: [ app_end ] --END-- [ RunTime:0.000538s ]

[ 2017-12-04T10:38:25+08:00 ] 127.0.0.1 /index.php/Home/Article/ArticleSonCate/cId/2.html
INFO: [ app_init ] --START--
INFO: Run Behavior\BuildLiteBehavior [ RunTime:0.000015s ]
INFO: [ app_init ] --END-- [ RunTime:0.000517s ]
INFO: [ app_begin ] --START--
INFO: Run Behavior\ReadHtmlCacheBehavior [ RunTime:0.000638s ]
INFO: [ app_begin ] --END-- [ RunTime:0.000681s ]
SQL: SHOW COLUMNS FROM `article` [ RunTime:0.0258s ]
SQL: SHOW COLUMNS FROM `category` [ RunTime:0.0257s ]
SQL: SELECT * FROM `category` WHERE ( cat_son_id=2 )  [ RunTime:0.0248s ]
SQL: SHOW COLUMNS FROM `article` [ RunTime:0.0258s ]
SQL: SELECT `a_id`,`article_name`,`article_time` FROM `article` WHERE ( article_category_id=5 )  [ RunTime:0.0246s ]
SQL: SELECT `a_id`,`article_name`,`article_time` FROM `article` WHERE ( article_category_id=6 )  [ RunTime:0.0249s ]
SQL: SELECT * FROM `category` WHERE ( cat_son_id=0 )  [ RunTime:0.0251s ]
INFO: [ view_parse ] --START--
INFO: [ template_filter ] --START--
INFO: Run Behavior\ContentReplaceBehavior [ RunTime:0.000061s ]
INFO: [ template_filter ] --END-- [ RunTime:0.000114s ]
INFO: Run Behavior\ParseTemplateBehavior [ RunTime:0.009794s ]
INFO: [ view_parse ] --END-- [ RunTime:0.009847s ]
INFO: [ view_filter ] --START--
INFO: Run Behavior\WriteHtmlCacheBehavior [ RunTime:0.000397s ]
INFO: [ view_filter ] --END-- [ RunTime:0.000432s ]
INFO: [ app_end ] --START--
INFO: Run Behavior\ShowPageTraceBehavior [ RunTime:0.000845s ]
INFO: [ app_end ] --END-- [ RunTime:0.000902s ]

[ 2017-12-04T10:38:27+08:00 ] 127.0.0.1 /index.php/Home/Article/ArticleSonCate/cId/1.html
INFO: [ app_init ] --START--
INFO: Run Behavior\BuildLiteBehavior [ RunTime:0.000025s ]
INFO: [ app_init ] --END-- [ RunTime:0.000706s ]
INFO: [ app_begin ] --START--
INFO: Run Behavior\ReadHtmlCacheBehavior [ RunTime:0.000604s ]
INFO: [ app_begin ] --END-- [ RunTime:0.000653s ]
SQL: SHOW COLUMNS FROM `article` [ RunTime:0.0290s ]
SQL: SHOW COLUMNS FROM `category` [ RunTime:0.0280s ]
SQL: SELECT * FROM `category` WHERE ( cat_son_id=1 )  [ RunTime:0.0280s ]
SQL: SHOW COLUMNS FROM `article` [ RunTime:0.0285s ]
SQL: SELECT `a_id`,`article_name`,`article_time` FROM `article` WHERE ( article_category_id=3 )  [ RunTime:0.0280s ]
SQL: SELECT `a_id`,`article_name`,`article_time` FROM `article` WHERE ( article_category_id=4 )  [ RunTime:0.0277s ]
SQL: SELECT `a_id`,`article_name`,`article_time` FROM `article` WHERE ( article_category_id=7 )  [ RunTime:0.0279s ]
SQL: SELECT `a_id`,`article_name`,`article_time` FROM `article` WHERE ( article_category_id=8 )  [ RunTime:0.0277s ]
SQL: SELECT `a_id`,`article_name`,`article_time` FROM `article` WHERE ( article_category_id=9 )  [ RunTime:0.0278s ]
SQL: SELECT * FROM `category` WHERE ( cat_son_id=0 )  [ RunTime:0.0279s ]
INFO: [ view_parse ] --START--
INFO: [ template_filter ] --START--
INFO: Run Behavior\ContentReplaceBehavior [ RunTime:0.000076s ]
INFO: [ template_filter ] --END-- [ RunTime:0.000150s ]
INFO: Run Behavior\ParseTemplateBehavior [ RunTime:0.012360s ]
INFO: [ view_parse ] --END-- [ RunTime:0.012420s ]
INFO: [ view_filter ] --START--
INFO: Run Behavior\WriteHtmlCacheBehavior [ RunTime:0.000365s ]
INFO: [ view_filter ] --END-- [ RunTime:0.000403s ]
INFO: [ app_end ] --START--
INFO: Run Behavior\ShowPageTraceBehavior [ RunTime:0.000580s ]
INFO: [ app_end ] --END-- [ RunTime:0.000617s ]

[ 2017-12-04T10:38:28+08:00 ] 127.0.0.1 /index.php/Home/Article/ArticleSonCate/cId/2.html
INFO: [ app_init ] --START--
INFO: Run Behavior\BuildLiteBehavior [ RunTime:0.000013s ]
INFO: [ app_init ] --END-- [ RunTime:0.000505s ]
INFO: [ app_begin ] --START--
INFO: Run Behavior\ReadHtmlCacheBehavior [ RunTime:0.000632s ]
INFO: [ app_begin ] --END-- [ RunTime:0.000677s ]
SQL: SHOW COLUMNS FROM `article` [ RunTime:0.0322s ]
SQL: SHOW COLUMNS FROM `category` [ RunTime:0.0315s ]
SQL: SELECT * FROM `category` WHERE ( cat_son_id=2 )  [ RunTime:0.0307s ]
SQL: SHOW COLUMNS FROM `article` [ RunTime:0.0314s ]
SQL: SELECT `a_id`,`article_name`,`article_time` FROM `article` WHERE ( article_category_id=5 )  [ RunTime:0.0309s ]
SQL: SELECT `a_id`,`article_name`,`article_time` FROM `article` WHERE ( article_category_id=6 )  [ RunTime:0.0305s ]
SQL: SELECT * FROM `category` WHERE ( cat_son_id=0 )  [ RunTime:0.0306s ]
INFO: [ view_parse ] --START--
INFO: [ template_filter ] --START--
INFO: Run Behavior\ContentReplaceBehavior [ RunTime:0.000129s ]
INFO: [ template_filter ] --END-- [ RunTime:0.000237s ]
INFO: Run Behavior\ParseTemplateBehavior [ RunTime:0.021486s ]
INFO: [ view_parse ] --END-- [ RunTime:0.021598s ]
INFO: [ view_filter ] --START--
INFO: Run Behavior\WriteHtmlCacheBehavior [ RunTime:0.000766s ]
INFO: [ view_filter ] --END-- [ RunTime:0.000846s ]
INFO: [ app_end ] --START--
INFO: Run Behavior\ShowPageTraceBehavior [ RunTime:0.000952s ]
INFO: [ app_end ] --END-- [ RunTime:0.001032s ]

[ 2017-12-04T10:38:29+08:00 ] 127.0.0.1 /index.php/Home/Article/ArticleSonCate/cId/1.html
INFO: [ app_init ] --START--
INFO: Run Behavior\BuildLiteBehavior [ RunTime:0.000018s ]
INFO: [ app_init ] --END-- [ RunTime:0.000481s ]
INFO: [ app_begin ] --START--
INFO: Run Behavior\ReadHtmlCacheBehavior [ RunTime:0.000708s ]
INFO: [ app_begin ] --END-- [ RunTime:0.000765s ]
SQL: SHOW COLUMNS FROM `article` [ RunTime:0.0327s ]
SQL: SHOW COLUMNS FROM `category` [ RunTime:0.0330s ]
SQL: SELECT * FROM `category` WHERE ( cat_son_id=1 )  [ RunTime:0.0325s ]
SQL: SHOW COLUMNS FROM `article` [ RunTime:0.0331s ]
SQL: SELECT `a_id`,`article_name`,`article_time` FROM `article` WHERE ( article_category_id=3 )  [ RunTime:0.0320s ]
SQL: SELECT `a_id`,`article_name`,`article_time` FROM `article` WHERE ( article_category_id=4 )  [ RunTime:0.0329s ]
SQL: SELECT `a_id`,`article_name`,`article_time` FROM `article` WHERE ( article_category_id=7 )  [ RunTime:0.0320s ]
SQL: SELECT `a_id`,`article_name`,`article_time` FROM `article` WHERE ( article_category_id=8 )  [ RunTime:0.0313s ]
SQL: SELECT `a_id`,`article_name`,`article_time` FROM `article` WHERE ( article_category_id=9 )  [ RunTime:0.0320s ]
SQL: SELECT * FROM `category` WHERE ( cat_son_id=0 )  [ RunTime:0.0317s ]
INFO: [ view_parse ] --START--
INFO: [ template_filter ] --START--
INFO: Run Behavior\ContentReplaceBehavior [ RunTime:0.000057s ]
INFO: [ template_filter ] --END-- [ RunTime:0.000108s ]
INFO: Run Behavior\ParseTemplateBehavior [ RunTime:0.009802s ]
INFO: [ view_parse ] --END-- [ RunTime:0.009857s ]
INFO: [ view_filter ] --START--
INFO: Run Behavior\WriteHtmlCacheBehavior [ RunTime:0.000338s ]
INFO: [ view_filter ] --END-- [ RunTime:0.000372s ]
INFO: [ app_end ] --START--
INFO: Run Behavior\ShowPageTraceBehavior [ RunTime:0.000715s ]
INFO: [ app_end ] --END-- [ RunTime:0.000767s ]

[ 2017-12-04T10:38:31+08:00 ] 127.0.0.1 /index.php/Home/Article/ArticleSonCate/cId/2.html
INFO: [ app_init ] --START--
INFO: Run Behavior\BuildLiteBehavior [ RunTime:0.000014s ]
INFO: [ app_init ] --END-- [ RunTime:0.000469s ]
INFO: [ app_begin ] --START--
INFO: Run Behavior\ReadHtmlCacheBehavior [ RunTime:0.000641s ]
INFO: [ app_begin ] --END-- [ RunTime:0.000703s ]
SQL: SHOW COLUMNS FROM `article` [ RunTime:0.0314s ]
SQL: SHOW COLUMNS FROM `category` [ RunTime:0.0311s ]
SQL: SELECT * FROM `category` WHERE ( cat_son_id=2 )  [ RunTime:0.0305s ]
SQL: SHOW COLUMNS FROM `article` [ RunTime:0.0316s ]
SQL: SELECT `a_id`,`article_name`,`article_time` FROM `article` WHERE ( article_category_id=5 )  [ RunTime:0.0306s ]
SQL: SELECT `a_id`,`article_name`,`article_time` FROM `article` WHERE ( article_category_id=6 )  [ RunTime:0.0316s ]
SQL: SELECT * FROM `category` WHERE ( cat_son_id=0 )  [ RunTime:0.0307s ]
INFO: [ view_parse ] --START--
INFO: [ template_filter ] --START--
INFO: Run Behavior\ContentReplaceBehavior [ RunTime:0.000111s ]
INFO: [ template_filter ] --END-- [ RunTime:0.000202s ]
INFO: Run Behavior\ParseTemplateBehavior [ RunTime:0.029333s ]
INFO: [ view_parse ] --END-- [ RunTime:0.029458s ]
INFO: [ view_filter ] --START--
INFO: Run Behavior\WriteHtmlCacheBehavior [ RunTime:0.000793s ]
INFO: [ view_filter ] --END-- [ RunTime:0.000865s ]
INFO: [ app_end ] --START--
INFO: Run Behavior\ShowPageTraceBehavior [ RunTime:0.001781s ]
INFO: [ app_end ] --END-- [ RunTime:0.001896s ]

