[ 2017-10-10T20:12:31+08:00 ] 127.0.0.1 /blog/Public/images/2017-09-29/59cd9c8232095.JPG
INFO: [ app_init ] --START--
INFO: Run Behavior\BuildLiteBehavior [ RunTime:0.000000s ]
INFO: [ app_init ] --END-- [ RunTime:0.000000s ]
ERR: 无法加载模块:Public

[ 2017-10-10T20:12:32+08:00 ] 127.0.0.1 /blog/Public/images/2017-10-09/59db0a20296c0.jpg
INFO: [ app_init ] --START--
INFO: Run Behavior\BuildLiteBehavior [ RunTime:0.000000s ]
INFO: [ app_init ] --END-- [ RunTime:0.000000s ]
ERR: 无法加载模块:Public

[ 2017-10-10T20:12:32+08:00 ] 127.0.0.1 /blog/Public/images/2017-10-09/59db0a91f3b1e.jpg
INFO: [ app_init ] --START--
INFO: Run Behavior\BuildLiteBehavior [ RunTime:0.000000s ]
INFO: [ app_init ] --END-- [ RunTime:0.001000s ]
ERR: 无法加载模块:Public

[ 2017-10-10T20:12:33+08:00 ] 127.0.0.1 /blog/Public/images/2017-10-09/59db0c605d2b5.jpg
INFO: [ app_init ] --START--
INFO: Run Behavior\BuildLiteBehavior [ RunTime:0.000000s ]
INFO: [ app_init ] --END-- [ RunTime:0.000000s ]
ERR: 无法加载模块:Public

[ 2017-10-10T20:12:33+08:00 ] 127.0.0.1 /blog/Public/images/2017-10-09/59db0c3986600.jpg
INFO: [ app_init ] --START--
INFO: Run Behavior\BuildLiteBehavior [ RunTime:0.000000s ]
INFO: [ app_init ] --END-- [ RunTime:0.001000s ]
ERR: 无法加载模块:Public

[ 2017-10-10T20:12:34+08:00 ] 127.0.0.1 /blog/Public/images/2017-10-09/59db0e2a8f835.jpg
INFO: [ app_init ] --START--
INFO: Run Behavior\BuildLiteBehavior [ RunTime:0.000000s ]
INFO: [ app_init ] --END-- [ RunTime:0.000000s ]
ERR: 无法加载模块:Public

