[ 2017-12-02T09:31:00+08:00 ] 127.0.0.1 /Public/images/2017-11-22/5a156cb9cd378.jpg
ERR: 无法加载模块:Public

[ 2017-12-02T09:31:34+08:00 ] 127.0.0.1 /favicon.ico
ERR: 无法加载模块:Favicon

[ 2017-12-02T09:56:43+08:00 ] 127.0.0.1 /Public/images/2017-11-22/5a156cb9cd378.jpg
INFO: [ app_init ] --START--
INFO: Run Behavior\BuildLiteBehavior [ RunTime:0.000012s ]
INFO: [ app_init ] --END-- [ RunTime:0.000327s ]
ERR: 无法加载模块:Public

[ 2017-12-02T09:56:45+08:00 ] 127.0.0.1 /Public/images/2017-11-22/5a156cb9cd378.jpg
INFO: [ app_init ] --START--
INFO: Run Behavior\BuildLiteBehavior [ RunTime:0.000015s ]
INFO: [ app_init ] --END-- [ RunTime:0.000402s ]
ERR: 无法加载模块:Public

[ 2017-12-02T10:05:09+08:00 ] 127.0.0.1 /favicon.ico
INFO: [ app_init ] --START--
INFO: Run Behavior\BuildLiteBehavior [ RunTime:0.000070s ]
INFO: [ app_init ] --END-- [ RunTime:0.001546s ]
ERR: 无法加载模块:Favicon

[ 2017-12-02T10:58:48+08:00 ] 127.0.0.1 /Public/images/2017-11-22/5a156cb9cd378.jpg
INFO: [ app_init ] --START--
INFO: Run Behavior\BuildLiteBehavior [ RunTime:0.000024s ]
INFO: [ app_init ] --END-- [ RunTime:0.000861s ]
ERR: 无法加载模块:Public

[ 2017-12-02T10:59:50+08:00 ] 127.0.0.1 /Public/images/2017-11-22/5a156cb9cd378.jpg
INFO: [ app_init ] --START--
INFO: Run Behavior\BuildLiteBehavior [ RunTime:0.000011s ]
INFO: [ app_init ] --END-- [ RunTime:0.000345s ]
ERR: 无法加载模块:Public

[ 2017-12-02T11:01:20+08:00 ] 127.0.0.1 /Public/images/2017-11-22/5a156cb9cd378.jpg
INFO: [ app_init ] --START--
INFO: Run Behavior\BuildLiteBehavior [ RunTime:0.000015s ]
INFO: [ app_init ] --END-- [ RunTime:0.000386s ]
ERR: 无法加载模块:Public

[ 2017-12-02T11:01:20+08:00 ] 127.0.0.1 /Public/images/2017-11-22/5a156cb9cd378.jpg
INFO: [ app_init ] --START--
INFO: Run Behavior\BuildLiteBehavior [ RunTime:0.000038s ]
INFO: [ app_init ] --END-- [ RunTime:0.000816s ]
ERR: 无法加载模块:Public

[ 2017-12-02T11:01:25+08:00 ] 127.0.0.1 /Public/images/2017-11-22/5a156cb9cd378.jpg
INFO: [ app_init ] --START--
INFO: Run Behavior\BuildLiteBehavior [ RunTime:0.000014s ]
INFO: [ app_init ] --END-- [ RunTime:0.000423s ]
ERR: 无法加载模块:Public

[ 2017-12-02T11:02:04+08:00 ] 127.0.0.1 /Public/images/2017-11-22/5a156cb9cd378.jpg
INFO: [ app_init ] --START--
INFO: Run Behavior\BuildLiteBehavior [ RunTime:0.000022s ]
INFO: [ app_init ] --END-- [ RunTime:0.000525s ]
ERR: 无法加载模块:Public

[ 2017-12-02T11:02:16+08:00 ] 127.0.0.1 /Public/images/2017-11-22/5a156cb9cd378.jpg
INFO: [ app_init ] --START--
INFO: Run Behavior\BuildLiteBehavior [ RunTime:0.000017s ]
INFO: [ app_init ] --END-- [ RunTime:0.000444s ]
ERR: 无法加载模块:Public

[ 2017-12-02T11:24:45+08:00 ] 127.0.0.1 /Public/images/2017-11-22/5a156cb9cd378.jpg
INFO: [ app_init ] --START--
INFO: Run Behavior\BuildLiteBehavior [ RunTime:0.000013s ]
INFO: [ app_init ] --END-- [ RunTime:0.000386s ]
ERR: 无法加载模块:Public

[ 2017-12-02T11:24:48+08:00 ] 127.0.0.1 /Public/images/2017-11-22/5a156cb9cd378.jpg
INFO: [ app_init ] --START--
INFO: Run Behavior\BuildLiteBehavior [ RunTime:0.000014s ]
INFO: [ app_init ] --END-- [ RunTime:0.000378s ]
ERR: 无法加载模块:Public

[ 2017-12-02T11:24:54+08:00 ] 127.0.0.1 /Public/images/2017-11-22/5a156cb9cd378.jpg
INFO: [ app_init ] --START--
INFO: Run Behavior\BuildLiteBehavior [ RunTime:0.000014s ]
INFO: [ app_init ] --END-- [ RunTime:0.000379s ]
ERR: 无法加载模块:Public

[ 2017-12-02T11:27:32+08:00 ] 127.0.0.1 /Public/images/2017-11-22/5a156cb9cd378.jpg
INFO: [ app_init ] --START--
INFO: Run Behavior\BuildLiteBehavior [ RunTime:0.000027s ]
INFO: [ app_init ] --END-- [ RunTime:0.000874s ]
ERR: 无法加载模块:Public

[ 2017-12-02T11:27:35+08:00 ] 127.0.0.1 /Public/images/2017-11-22/5a156cb9cd378.jpg
INFO: [ app_init ] --START--
INFO: Run Behavior\BuildLiteBehavior [ RunTime:0.000013s ]
INFO: [ app_init ] --END-- [ RunTime:0.000359s ]
ERR: 无法加载模块:Public

[ 2017-12-02T11:27:38+08:00 ] 127.0.0.1 /Public/images/2017-11-22/5a156cb9cd378.jpg
INFO: [ app_init ] --START--
INFO: Run Behavior\BuildLiteBehavior [ RunTime:0.000020s ]
INFO: [ app_init ] --END-- [ RunTime:0.000545s ]
ERR: 无法加载模块:Public

[ 2017-12-02T11:27:41+08:00 ] 127.0.0.1 /Public/images/2017-11-22/5a156cb9cd378.jpg
INFO: [ app_init ] --START--
INFO: Run Behavior\BuildLiteBehavior [ RunTime:0.000021s ]
INFO: [ app_init ] --END-- [ RunTime:0.000574s ]
ERR: 无法加载模块:Public

[ 2017-12-02T11:27:44+08:00 ] 127.0.0.1 /Public/images/2017-11-22/5a156cb9cd378.jpg
INFO: [ app_init ] --START--
INFO: Run Behavior\BuildLiteBehavior [ RunTime:0.000019s ]
INFO: [ app_init ] --END-- [ RunTime:0.000800s ]
ERR: 无法加载模块:Public

[ 2017-12-02T11:39:27+08:00 ] 127.0.0.1 /Public/images/2017-11-22/5a156cb9cd378.jpg
INFO: [ app_init ] --START--
INFO: Run Behavior\BuildLiteBehavior [ RunTime:0.000018s ]
INFO: [ app_init ] --END-- [ RunTime:0.000419s ]
ERR: 无法加载模块:Public

[ 2017-12-02T11:39:37+08:00 ] 127.0.0.1 /Public/images/2017-11-22/5a156cb9cd378.jpg
INFO: [ app_init ] --START--
INFO: Run Behavior\BuildLiteBehavior [ RunTime:0.000013s ]
INFO: [ app_init ] --END-- [ RunTime:0.000363s ]
ERR: 无法加载模块:Public

[ 2017-12-02T11:40:25+08:00 ] 127.0.0.1 /Public/images/2017-11-22/5a156cb9cd378.jpg
INFO: [ app_init ] --START--
INFO: Run Behavior\BuildLiteBehavior [ RunTime:0.000021s ]
INFO: [ app_init ] --END-- [ RunTime:0.000649s ]
ERR: 无法加载模块:Public

[ 2017-12-02T11:54:27+08:00 ] 127.0.0.1 /Public/images/2017-11-22/5a156cb9cd378.jpg
INFO: [ app_init ] --START--
INFO: Run Behavior\BuildLiteBehavior [ RunTime:0.000013s ]
INFO: [ app_init ] --END-- [ RunTime:0.000439s ]
ERR: 无法加载模块:Public

[ 2017-12-02T11:55:45+08:00 ] 127.0.0.1 /Public/images/2017-11-22/5a156cb9cd378.jpg
INFO: [ app_init ] --START--
INFO: Run Behavior\BuildLiteBehavior [ RunTime:0.000013s ]
INFO: [ app_init ] --END-- [ RunTime:0.000363s ]
ERR: 无法加载模块:Public

[ 2017-12-02T14:30:37+08:00 ] 127.0.0.1 /Public/images/2017-11-22/5a156cb9cd378.jpg
INFO: [ app_init ] --START--
INFO: Run Behavior\BuildLiteBehavior [ RunTime:0.000020s ]
INFO: [ app_init ] --END-- [ RunTime:0.000654s ]
ERR: 无法加载模块:Public

