[ 2017-11-13T18:25:54+08:00 ] 127.0.0.1 /Public/images/2017-11-13/5a09705843650.jpg
INFO: [ app_init ] --START--
INFO: Run Behavior\BuildLiteBehavior [ RunTime:0.001000s ]
INFO: [ app_init ] --END-- [ RunTime:0.001000s ]
ERR: 无法加载模块:Public

[ 2017-11-13T18:25:54+08:00 ] 127.0.0.1 /Public/images/2017-11-13/5a0971b32f94b.jpg
INFO: [ app_init ] --START--
INFO: Run Behavior\BuildLiteBehavior [ RunTime:0.000000s ]
INFO: [ app_init ] --END-- [ RunTime:0.000000s ]
ERR: 无法加载模块:Public

[ 2017-11-13T18:29:46+08:00 ] 127.0.0.1 /Public/images/2017-11-13/5a0971b32f94b.jpg
INFO: [ app_init ] --START--
INFO: Run Behavior\BuildLiteBehavior [ RunTime:0.000000s ]
INFO: [ app_init ] --END-- [ RunTime:0.001000s ]
ERR: 无法加载模块:Public

[ 2017-11-13T18:29:46+08:00 ] 127.0.0.1 /Public/images/2017-11-13/5a09705843650.jpg
INFO: [ app_init ] --START--
INFO: Run Behavior\BuildLiteBehavior [ RunTime:0.000000s ]
INFO: [ app_init ] --END-- [ RunTime:0.001000s ]
ERR: 无法加载模块:Public

[ 2017-11-13T18:30:21+08:00 ] 127.0.0.1 /Public/images/2017-11-13/5a09705843650.jpg
INFO: [ app_init ] --START--
INFO: Run Behavior\BuildLiteBehavior [ RunTime:0.000000s ]
INFO: [ app_init ] --END-- [ RunTime:0.001000s ]
ERR: 无法加载模块:Public

[ 2017-11-13T18:30:21+08:00 ] 127.0.0.1 /Public/images/2017-11-13/5a0971b32f94b.jpg
INFO: [ app_init ] --START--
INFO: Run Behavior\BuildLiteBehavior [ RunTime:0.000000s ]
INFO: [ app_init ] --END-- [ RunTime:0.000000s ]
ERR: 无法加载模块:Public

[ 2017-11-13T19:10:48+08:00 ] 127.0.0.1 /Public/images/2017-11-13/5a09705843650.jpg
ERR: 无法加载模块:Public

