[ 2017-12-04T09:02:51+08:00 ] 127.0.0.1 /index.php/Admin/
INFO: [ app_init ] --START--
INFO: Run Behavior\BuildLiteBehavior [ RunTime:0.000015s ]
INFO: [ app_init ] --END-- [ RunTime:0.000687s ]
INFO: [ app_begin ] --START--
INFO: Run Behavior\ReadHtmlCacheBehavior [ RunTime:0.000647s ]
INFO: [ app_begin ] --END-- [ RunTime:0.000692s ]
NOTIC: [2] Missing argument 1 for Think\Controller::show(), called in E:\blog\Application\Admin\Controller\IndexController.class.php on line 6 and defined E:\blog\ThinkPHP\Library\Think\Controller.class.php 第 68 行.
NOTIC: [8] Undefined variable: content E:\blog\ThinkPHP\Library\Think\Controller.class.php 第 69 行.
INFO: [ view_parse ] --START--
INFO: [ template_filter ] --START--
INFO: Run Behavior\ContentReplaceBehavior [ RunTime:0.000071s ]
INFO: [ template_filter ] --END-- [ RunTime:0.000120s ]
INFO: Run Behavior\ParseTemplateBehavior [ RunTime:0.025148s ]
INFO: [ view_parse ] --END-- [ RunTime:0.025190s ]
INFO: [ view_filter ] --START--
INFO: Run Behavior\WriteHtmlCacheBehavior [ RunTime:0.000399s ]
INFO: [ view_filter ] --END-- [ RunTime:0.000433s ]
INFO: [ app_end ] --START--
INFO: Run Behavior\ShowPageTraceBehavior [ RunTime:0.000853s ]
INFO: [ app_end ] --END-- [ RunTime:0.000908s ]

[ 2017-12-04T09:02:53+08:00 ] 127.0.0.1 /index.php/Admin/Article/index.html
INFO: [ app_init ] --START--
INFO: Run Behavior\BuildLiteBehavior [ RunTime:0.000020s ]
INFO: [ app_init ] --END-- [ RunTime:0.000519s ]
INFO: [ app_begin ] --START--
INFO: Run Behavior\ReadHtmlCacheBehavior [ RunTime:0.001270s ]
INFO: [ app_begin ] --END-- [ RunTime:0.001415s ]
SQL: SHOW COLUMNS FROM `article` [ RunTime:0.0287s ]
SQL: SHOW COLUMNS FROM `article` [ RunTime:0.0290s ]
SQL: SELECT `a_id`,`article_name`,`article_time` FROM `article`  [ RunTime:0.0291s ]
SQL: SHOW COLUMNS FROM `category` [ RunTime:0.0299s ]
SQL: SHOW COLUMNS FROM `category` [ RunTime:0.0297s ]
SQL: SELECT * FROM `category`  [ RunTime:0.0281s ]
INFO: [ view_parse ] --START--
INFO: [ template_filter ] --START--
INFO: Run Behavior\ContentReplaceBehavior [ RunTime:0.000059s ]
INFO: [ template_filter ] --END-- [ RunTime:0.000099s ]
INFO: Run Behavior\ParseTemplateBehavior [ RunTime:0.009949s ]
INFO: [ view_parse ] --END-- [ RunTime:0.010022s ]
INFO: [ view_filter ] --START--
INFO: Run Behavior\WriteHtmlCacheBehavior [ RunTime:0.000523s ]
INFO: [ view_filter ] --END-- [ RunTime:0.000560s ]
INFO: [ app_end ] --START--
INFO: Run Behavior\ShowPageTraceBehavior [ RunTime:0.000891s ]
INFO: [ app_end ] --END-- [ RunTime:0.000945s ]

[ 2017-12-04T09:02:56+08:00 ] 127.0.0.1 /index.php/Admin/Article/ajaxSelectCategory.html
INFO: [ app_init ] --START--
INFO: Run Behavior\BuildLiteBehavior [ RunTime:0.000011s ]
INFO: [ app_init ] --END-- [ RunTime:0.000475s ]
INFO: [ app_begin ] --START--
INFO: Run Behavior\ReadHtmlCacheBehavior [ RunTime:0.000570s ]
INFO: [ app_begin ] --END-- [ RunTime:0.000609s ]
SQL: SHOW COLUMNS FROM `category` [ RunTime:0.0329s ]
SQL: SHOW COLUMNS FROM `category` [ RunTime:0.0323s ]
SQL: SELECT * FROM `category` WHERE ( c_id=1 ) LIMIT 1   [ RunTime:0.0318s ]
SQL: SELECT `c_id` FROM `category` WHERE ( cat_son_id=1 )  [ RunTime:0.0327s ]
SQL: SHOW COLUMNS FROM `article` [ RunTime:0.0331s ]
SQL: SHOW COLUMNS FROM `article` [ RunTime:1.0319s ]
SQL: SELECT `a_id`,`article_name`,`article_time` FROM `article` WHERE `article_category_id` IN ('3','4','7','8','9')  [ RunTime:0.0324s ]

[ 2017-12-04T09:02:56+08:00 ] 127.0.0.1 /index.php/Admin/Article/ajaxSelectCategory.html
INFO: [ app_init ] --START--
INFO: Run Behavior\BuildLiteBehavior [ RunTime:0.000015s ]
INFO: [ app_init ] --END-- [ RunTime:0.000456s ]
INFO: [ app_begin ] --START--
INFO: Run Behavior\ReadHtmlCacheBehavior [ RunTime:0.001126s ]
INFO: [ app_begin ] --END-- [ RunTime:0.001184s ]
SQL: SHOW COLUMNS FROM `category` [ RunTime:0.0267s ]
SQL: SHOW COLUMNS FROM `category` [ RunTime:0.0267s ]
SQL: SELECT * FROM `category` WHERE ( c_id=3 ) LIMIT 1   [ RunTime:0.0263s ]
SQL: SHOW COLUMNS FROM `article` [ RunTime:0.0269s ]
SQL: SHOW COLUMNS FROM `article` [ RunTime:0.0264s ]
SQL: SELECT `a_id`,`article_name`,`article_time` FROM `article` WHERE ( article_category_id=3 )  [ RunTime:0.0287s ]

[ 2017-12-04T09:02:57+08:00 ] 127.0.0.1 /index.php/Admin/Article/ajaxSelectCategory.html
INFO: [ app_init ] --START--
INFO: Run Behavior\BuildLiteBehavior [ RunTime:0.000015s ]
INFO: [ app_init ] --END-- [ RunTime:0.000513s ]
INFO: [ app_begin ] --START--
INFO: Run Behavior\ReadHtmlCacheBehavior [ RunTime:0.000629s ]
INFO: [ app_begin ] --END-- [ RunTime:0.000668s ]
SQL: SHOW COLUMNS FROM `category` [ RunTime:0.0362s ]
SQL: SHOW COLUMNS FROM `category` [ RunTime:0.0355s ]
SQL: SELECT * FROM `category` WHERE ( c_id=4 ) LIMIT 1   [ RunTime:0.0344s ]
SQL: SHOW COLUMNS FROM `article` [ RunTime:0.0358s ]
SQL: SHOW COLUMNS FROM `article` [ RunTime:0.0347s ]
SQL: SELECT `a_id`,`article_name`,`article_time` FROM `article` WHERE ( article_category_id=4 )  [ RunTime:0.0347s ]

[ 2017-12-04T09:02:58+08:00 ] 127.0.0.1 /index.php/Admin/Article/ajaxSelectCategory.html
INFO: [ app_init ] --START--
INFO: Run Behavior\BuildLiteBehavior [ RunTime:0.000015s ]
INFO: [ app_init ] --END-- [ RunTime:0.000520s ]
INFO: [ app_begin ] --START--
INFO: Run Behavior\ReadHtmlCacheBehavior [ RunTime:0.000633s ]
INFO: [ app_begin ] --END-- [ RunTime:0.000673s ]
SQL: SHOW COLUMNS FROM `category` [ RunTime:0.0346s ]
SQL: SHOW COLUMNS FROM `category` [ RunTime:0.0335s ]
SQL: SELECT * FROM `category` WHERE ( c_id=8 ) LIMIT 1   [ RunTime:0.0332s ]
SQL: SHOW COLUMNS FROM `article` [ RunTime:0.0336s ]
SQL: SHOW COLUMNS FROM `article` [ RunTime:0.0338s ]
SQL: SELECT `a_id`,`article_name`,`article_time` FROM `article` WHERE ( article_category_id=8 )  [ RunTime:0.0331s ]

[ 2017-12-04T09:03:00+08:00 ] 127.0.0.1 /index.php/Admin/Article/ajaxSelectCategory.html
INFO: [ app_init ] --START--
INFO: Run Behavior\BuildLiteBehavior [ RunTime:0.000012s ]
INFO: [ app_init ] --END-- [ RunTime:0.000363s ]
INFO: [ app_begin ] --START--
INFO: Run Behavior\ReadHtmlCacheBehavior [ RunTime:0.000458s ]
INFO: [ app_begin ] --END-- [ RunTime:0.000491s ]
SQL: SHOW COLUMNS FROM `category` [ RunTime:0.0312s ]
SQL: SHOW COLUMNS FROM `category` [ RunTime:0.0311s ]
SQL: SELECT * FROM `category` WHERE ( c_id=3 ) LIMIT 1   [ RunTime:0.0312s ]
SQL: SHOW COLUMNS FROM `article` [ RunTime:1.0278s ]
SQL: SHOW COLUMNS FROM `article` [ RunTime:0.0316s ]
SQL: SELECT `a_id`,`article_name`,`article_time` FROM `article` WHERE ( article_category_id=3 )  [ RunTime:0.0307s ]

[ 2017-12-04T09:03:01+08:00 ] 127.0.0.1 /index.php/Admin/Article/ajaxSelectCategory.html
INFO: [ app_init ] --START--
INFO: Run Behavior\BuildLiteBehavior [ RunTime:0.000014s ]
INFO: [ app_init ] --END-- [ RunTime:0.000517s ]
INFO: [ app_begin ] --START--
INFO: Run Behavior\ReadHtmlCacheBehavior [ RunTime:0.000630s ]
INFO: [ app_begin ] --END-- [ RunTime:0.000669s ]
SQL: SHOW COLUMNS FROM `category` [ RunTime:0.0251s ]
SQL: SHOW COLUMNS FROM `category` [ RunTime:0.0247s ]
SQL: SELECT * FROM `category` WHERE ( c_id=1 ) LIMIT 1   [ RunTime:0.0238s ]
SQL: SELECT `c_id` FROM `category` WHERE ( cat_son_id=1 )  [ RunTime:0.0246s ]
SQL: SHOW COLUMNS FROM `article` [ RunTime:0.0249s ]
SQL: SHOW COLUMNS FROM `article` [ RunTime:0.0245s ]
SQL: SELECT `a_id`,`article_name`,`article_time` FROM `article` WHERE `article_category_id` IN ('3','4','7','8','9')  [ RunTime:0.0243s ]

[ 2017-12-04T09:03:07+08:00 ] 127.0.0.1 /index.php/Admin/Article/index.html
INFO: [ app_init ] --START--
INFO: Run Behavior\BuildLiteBehavior [ RunTime:0.000019s ]
INFO: [ app_init ] --END-- [ RunTime:0.000493s ]
INFO: [ app_begin ] --START--
INFO: Run Behavior\ReadHtmlCacheBehavior [ RunTime:0.000564s ]
INFO: [ app_begin ] --END-- [ RunTime:0.000601s ]
SQL: SHOW COLUMNS FROM `article` [ RunTime:0.0329s ]
SQL: SHOW COLUMNS FROM `article` [ RunTime:0.0325s ]
SQL: SELECT `a_id`,`article_name`,`article_time` FROM `article`  [ RunTime:0.0319s ]
SQL: SHOW COLUMNS FROM `category` [ RunTime:0.0338s ]
SQL: SHOW COLUMNS FROM `category` [ RunTime:0.0330s ]
SQL: SELECT * FROM `category`  [ RunTime:0.0328s ]
INFO: [ view_parse ] --START--
INFO: [ template_filter ] --START--
INFO: Run Behavior\ContentReplaceBehavior [ RunTime:0.000125s ]
INFO: [ template_filter ] --END-- [ RunTime:0.000222s ]
INFO: Run Behavior\ParseTemplateBehavior [ RunTime:0.032257s ]
INFO: [ view_parse ] --END-- [ RunTime:0.032381s ]
INFO: [ view_filter ] --START--
INFO: Run Behavior\WriteHtmlCacheBehavior [ RunTime:0.000761s ]
INFO: [ view_filter ] --END-- [ RunTime:0.000864s ]
INFO: [ app_end ] --START--
INFO: Run Behavior\ShowPageTraceBehavior [ RunTime:0.001859s ]
INFO: [ app_end ] --END-- [ RunTime:0.001998s ]

[ 2017-12-04T09:03:09+08:00 ] 127.0.0.1 /index.php/Admin/Article/articleEditor/aId/17.html
INFO: [ app_init ] --START--
INFO: Run Behavior\BuildLiteBehavior [ RunTime:0.000093s ]
INFO: [ app_init ] --END-- [ RunTime:0.001974s ]
INFO: [ app_begin ] --START--
INFO: Run Behavior\ReadHtmlCacheBehavior [ RunTime:0.000678s ]
INFO: [ app_begin ] --END-- [ RunTime:0.000743s ]
SQL: SHOW COLUMNS FROM `article` [ RunTime:0.0270s ]
SQL: SHOW COLUMNS FROM `article` [ RunTime:0.0273s ]
SQL: SELECT * FROM `article` WHERE ( a_id=17 ) LIMIT 1   [ RunTime:0.0288s ]
SQL: SHOW COLUMNS FROM `category` [ RunTime:0.0260s ]
SQL: SHOW COLUMNS FROM `category` [ RunTime:0.0264s ]
SQL: SELECT * FROM `category`  [ RunTime:0.0264s ]
INFO: [ view_parse ] --START--
INFO: [ template_filter ] --START--
INFO: Run Behavior\ContentReplaceBehavior [ RunTime:0.000279s ]
INFO: [ template_filter ] --END-- [ RunTime:0.000444s ]
INFO: Run Behavior\ParseTemplateBehavior [ RunTime:0.017231s ]
INFO: [ view_parse ] --END-- [ RunTime:0.017327s ]
INFO: [ view_filter ] --START--
INFO: Run Behavior\WriteHtmlCacheBehavior [ RunTime:0.000626s ]
INFO: [ view_filter ] --END-- [ RunTime:0.000691s ]
INFO: [ app_end ] --START--
INFO: Run Behavior\ShowPageTraceBehavior [ RunTime:0.001581s ]
INFO: [ app_end ] --END-- [ RunTime:0.001685s ]

[ 2017-12-04T09:15:51+08:00 ] 127.0.0.1 /index.php/Admin/Article/articleEditor/aId/17.html
INFO: [ app_init ] --START--
INFO: Run Behavior\BuildLiteBehavior [ RunTime:0.000020s ]
INFO: [ app_init ] --END-- [ RunTime:0.000658s ]
INFO: [ app_begin ] --START--
INFO: Run Behavior\ReadHtmlCacheBehavior [ RunTime:0.000915s ]
INFO: [ app_begin ] --END-- [ RunTime:0.000977s ]
SQL: SHOW COLUMNS FROM `article` [ RunTime:0.0270s ]
SQL: SHOW COLUMNS FROM `article` [ RunTime:0.0274s ]
SQL: SELECT * FROM `article` WHERE ( a_id=17 ) LIMIT 1   [ RunTime:0.0278s ]
SQL: SHOW COLUMNS FROM `category` [ RunTime:1.0515s ]
SQL: SHOW COLUMNS FROM `category` [ RunTime:0.0268s ]
SQL: SELECT * FROM `category`  [ RunTime:0.0255s ]
INFO: [ view_parse ] --START--
INFO: [ template_filter ] --START--
INFO: Run Behavior\ContentReplaceBehavior [ RunTime:0.000182s ]
INFO: [ template_filter ] --END-- [ RunTime:0.000325s ]

[ 2017-12-04T09:16:39+08:00 ] 127.0.0.1 /index.php/Admin/Article/articleEditor/aId/17.html
INFO: [ app_init ] --START--
INFO: Run Behavior\BuildLiteBehavior [ RunTime:0.000020s ]
INFO: [ app_init ] --END-- [ RunTime:0.000749s ]
INFO: [ app_begin ] --START--
INFO: Run Behavior\ReadHtmlCacheBehavior [ RunTime:0.000953s ]
INFO: [ app_begin ] --END-- [ RunTime:0.001022s ]
SQL: SHOW COLUMNS FROM `article` [ RunTime:0.0293s ]
SQL: SHOW COLUMNS FROM `article` [ RunTime:0.0295s ]
SQL: SELECT * FROM `article` WHERE ( a_id=17 ) LIMIT 1   [ RunTime:0.0312s ]
SQL: SHOW COLUMNS FROM `category` [ RunTime:1.0532s ]
SQL: SHOW COLUMNS FROM `category` [ RunTime:0.0285s ]
SQL: SELECT * FROM `category`  [ RunTime:0.0286s ]
INFO: [ view_parse ] --START--
INFO: [ template_filter ] --START--
INFO: Run Behavior\ContentReplaceBehavior [ RunTime:0.000086s ]
INFO: [ template_filter ] --END-- [ RunTime:0.000170s ]

[ 2017-12-04T09:16:59+08:00 ] 127.0.0.1 /index.php/Admin/Article/articleEditor/aId/17.html
INFO: [ app_init ] --START--
INFO: Run Behavior\BuildLiteBehavior [ RunTime:0.000023s ]
INFO: [ app_init ] --END-- [ RunTime:0.000811s ]
INFO: [ app_begin ] --START--
INFO: Run Behavior\ReadHtmlCacheBehavior [ RunTime:0.001088s ]
INFO: [ app_begin ] --END-- [ RunTime:0.001173s ]
SQL: SHOW COLUMNS FROM `article` [ RunTime:0.0304s ]
SQL: SHOW COLUMNS FROM `article` [ RunTime:0.0303s ]
SQL: SELECT * FROM `article` WHERE ( a_id=17 ) LIMIT 1   [ RunTime:0.0338s ]
SQL: SHOW COLUMNS FROM `category` [ RunTime:1.0559s ]
SQL: SHOW COLUMNS FROM `category` [ RunTime:0.0306s ]
SQL: SELECT * FROM `category`  [ RunTime:0.0298s ]
INFO: [ view_parse ] --START--
INFO: [ template_filter ] --START--
INFO: Run Behavior\ContentReplaceBehavior [ RunTime:0.000177s ]
INFO: [ template_filter ] --END-- [ RunTime:0.000318s ]
INFO: Run Behavior\ParseTemplateBehavior [ RunTime:0.030921s ]
INFO: [ view_parse ] --END-- [ RunTime:0.031072s ]
INFO: [ view_filter ] --START--
INFO: Run Behavior\WriteHtmlCacheBehavior [ RunTime:0.001374s ]
INFO: [ view_filter ] --END-- [ RunTime:0.001494s ]
INFO: [ app_end ] --START--
INFO: Run Behavior\ShowPageTraceBehavior [ RunTime:0.001808s ]
INFO: [ app_end ] --END-- [ RunTime:0.001947s ]

[ 2017-12-04T09:18:10+08:00 ] 127.0.0.1 /index.php/Admin/Article/articleEditor/aId/17.html
INFO: [ app_init ] --START--
INFO: Run Behavior\BuildLiteBehavior [ RunTime:0.000014s ]
INFO: [ app_init ] --END-- [ RunTime:0.000461s ]
INFO: [ app_begin ] --START--
INFO: Run Behavior\ReadHtmlCacheBehavior [ RunTime:0.000572s ]
INFO: [ app_begin ] --END-- [ RunTime:0.000615s ]
SQL: SHOW COLUMNS FROM `article` [ RunTime:0.0360s ]
SQL: SHOW COLUMNS FROM `article` [ RunTime:0.0351s ]
SQL: SELECT * FROM `article` WHERE ( a_id=17 ) LIMIT 1   [ RunTime:0.0384s ]
SQL: SHOW COLUMNS FROM `category` [ RunTime:1.0214s ]
SQL: SHOW COLUMNS FROM `category` [ RunTime:0.0350s ]
SQL: SELECT * FROM `category`  [ RunTime:0.0345s ]
INFO: [ view_parse ] --START--
INFO: [ template_filter ] --START--
INFO: Run Behavior\ContentReplaceBehavior [ RunTime:0.000184s ]
INFO: [ template_filter ] --END-- [ RunTime:0.000330s ]
NOTIC: [8] Use of undefined constant article_category_id - assumed 'article_category_id' E:\blog\Application\Runtime\Cache\Admin\55044e28dd6274935231816c42b705c5.php 第 99 行.
NOTIC: [8] Array to string conversion E:\blog\Application\Runtime\Cache\Admin\55044e28dd6274935231816c42b705c5.php 第 99 行.
NOTIC: [8] Use of undefined constant article_category_id - assumed 'article_category_id' E:\blog\Application\Runtime\Cache\Admin\55044e28dd6274935231816c42b705c5.php 第 99 行.
NOTIC: [8] Array to string conversion E:\blog\Application\Runtime\Cache\Admin\55044e28dd6274935231816c42b705c5.php 第 99 行.
NOTIC: [8] Use of undefined constant article_category_id - assumed 'article_category_id' E:\blog\Application\Runtime\Cache\Admin\55044e28dd6274935231816c42b705c5.php 第 99 行.
NOTIC: [8] Array to string conversion E:\blog\Application\Runtime\Cache\Admin\55044e28dd6274935231816c42b705c5.php 第 99 行.
NOTIC: [8] Use of undefined constant article_category_id - assumed 'article_category_id' E:\blog\Application\Runtime\Cache\Admin\55044e28dd6274935231816c42b705c5.php 第 99 行.
NOTIC: [8] Array to string conversion E:\blog\Application\Runtime\Cache\Admin\55044e28dd6274935231816c42b705c5.php 第 99 行.
NOTIC: [8] Use of undefined constant article_category_id - assumed 'article_category_id' E:\blog\Application\Runtime\Cache\Admin\55044e28dd6274935231816c42b705c5.php 第 99 行.
NOTIC: [8] Array to string conversion E:\blog\Application\Runtime\Cache\Admin\55044e28dd6274935231816c42b705c5.php 第 99 行.
NOTIC: [8] Use of undefined constant article_category_id - assumed 'article_category_id' E:\blog\Application\Runtime\Cache\Admin\55044e28dd6274935231816c42b705c5.php 第 99 行.
NOTIC: [8] Array to string conversion E:\blog\Application\Runtime\Cache\Admin\55044e28dd6274935231816c42b705c5.php 第 99 行.
NOTIC: [8] Use of undefined constant article_category_id - assumed 'article_category_id' E:\blog\Application\Runtime\Cache\Admin\55044e28dd6274935231816c42b705c5.php 第 99 行.
NOTIC: [8] Array to string conversion E:\blog\Application\Runtime\Cache\Admin\55044e28dd6274935231816c42b705c5.php 第 99 行.
INFO: Run Behavior\ParseTemplateBehavior [ RunTime:0.032765s ]
INFO: [ view_parse ] --END-- [ RunTime:0.032897s ]
INFO: [ view_filter ] --START--
INFO: Run Behavior\WriteHtmlCacheBehavior [ RunTime:0.001102s ]
INFO: [ view_filter ] --END-- [ RunTime:0.001222s ]
INFO: [ app_end ] --START--
INFO: Run Behavior\ShowPageTraceBehavior [ RunTime:0.002595s ]
INFO: [ app_end ] --END-- [ RunTime:0.002827s ]

[ 2017-12-04T09:18:18+08:00 ] 127.0.0.1 /index.php/Admin/Article/articleEditor/aId/17.html
INFO: [ app_init ] --START--
INFO: Run Behavior\BuildLiteBehavior [ RunTime:0.000021s ]
INFO: [ app_init ] --END-- [ RunTime:0.000642s ]
INFO: [ app_begin ] --START--
INFO: Run Behavior\ReadHtmlCacheBehavior [ RunTime:0.000859s ]
INFO: [ app_begin ] --END-- [ RunTime:0.000927s ]
SQL: SHOW COLUMNS FROM `article` [ RunTime:0.0354s ]
SQL: SHOW COLUMNS FROM `article` [ RunTime:0.0355s ]
SQL: SELECT * FROM `article` WHERE ( a_id=17 ) LIMIT 1   [ RunTime:0.0375s ]
SQL: SHOW COLUMNS FROM `category` [ RunTime:0.0348s ]
SQL: SHOW COLUMNS FROM `category` [ RunTime:1.0260s ]
SQL: SELECT * FROM `category`  [ RunTime:0.0359s ]
INFO: [ view_parse ] --START--
INFO: [ template_filter ] --START--
INFO: Run Behavior\ContentReplaceBehavior [ RunTime:0.000173s ]
INFO: [ template_filter ] --END-- [ RunTime:0.000309s ]
NOTIC: [8] Use of undefined constant article_category_id - assumed 'article_category_id' E:\blog\Application\Runtime\Cache\Admin\55044e28dd6274935231816c42b705c5.php 第 99 行.
NOTIC: [8] Array to string conversion E:\blog\Application\Runtime\Cache\Admin\55044e28dd6274935231816c42b705c5.php 第 99 行.
NOTIC: [8] Use of undefined constant article_category_id - assumed 'article_category_id' E:\blog\Application\Runtime\Cache\Admin\55044e28dd6274935231816c42b705c5.php 第 99 行.
NOTIC: [8] Array to string conversion E:\blog\Application\Runtime\Cache\Admin\55044e28dd6274935231816c42b705c5.php 第 99 行.
NOTIC: [8] Use of undefined constant article_category_id - assumed 'article_category_id' E:\blog\Application\Runtime\Cache\Admin\55044e28dd6274935231816c42b705c5.php 第 99 行.
NOTIC: [8] Array to string conversion E:\blog\Application\Runtime\Cache\Admin\55044e28dd6274935231816c42b705c5.php 第 99 行.
NOTIC: [8] Use of undefined constant article_category_id - assumed 'article_category_id' E:\blog\Application\Runtime\Cache\Admin\55044e28dd6274935231816c42b705c5.php 第 99 行.
NOTIC: [8] Array to string conversion E:\blog\Application\Runtime\Cache\Admin\55044e28dd6274935231816c42b705c5.php 第 99 行.
NOTIC: [8] Use of undefined constant article_category_id - assumed 'article_category_id' E:\blog\Application\Runtime\Cache\Admin\55044e28dd6274935231816c42b705c5.php 第 99 行.
NOTIC: [8] Array to string conversion E:\blog\Application\Runtime\Cache\Admin\55044e28dd6274935231816c42b705c5.php 第 99 行.
NOTIC: [8] Use of undefined constant article_category_id - assumed 'article_category_id' E:\blog\Application\Runtime\Cache\Admin\55044e28dd6274935231816c42b705c5.php 第 99 行.
NOTIC: [8] Array to string conversion E:\blog\Application\Runtime\Cache\Admin\55044e28dd6274935231816c42b705c5.php 第 99 行.
NOTIC: [8] Use of undefined constant article_category_id - assumed 'article_category_id' E:\blog\Application\Runtime\Cache\Admin\55044e28dd6274935231816c42b705c5.php 第 99 行.
NOTIC: [8] Array to string conversion E:\blog\Application\Runtime\Cache\Admin\55044e28dd6274935231816c42b705c5.php 第 99 行.
INFO: Run Behavior\ParseTemplateBehavior [ RunTime:0.029069s ]
INFO: [ view_parse ] --END-- [ RunTime:0.029178s ]
INFO: [ view_filter ] --START--
INFO: Run Behavior\WriteHtmlCacheBehavior [ RunTime:0.000695s ]
INFO: [ view_filter ] --END-- [ RunTime:0.000805s ]
INFO: [ app_end ] --START--
INFO: Run Behavior\ShowPageTraceBehavior [ RunTime:0.001495s ]
INFO: [ app_end ] --END-- [ RunTime:0.001601s ]

[ 2017-12-04T09:20:35+08:00 ] 127.0.0.1 /index.php/Admin/Article/index.html
INFO: [ app_init ] --START--
INFO: Run Behavior\BuildLiteBehavior [ RunTime:0.000013s ]
INFO: [ app_init ] --END-- [ RunTime:0.000454s ]
INFO: [ app_begin ] --START--
INFO: Run Behavior\ReadHtmlCacheBehavior [ RunTime:0.000602s ]
INFO: [ app_begin ] --END-- [ RunTime:0.000638s ]
SQL: SHOW COLUMNS FROM `article` [ RunTime:0.0392s ]
SQL: SHOW COLUMNS FROM `article` [ RunTime:0.0382s ]
SQL: SELECT `a_id`,`article_name`,`article_time` FROM `article`  [ RunTime:0.0370s ]
SQL: SHOW COLUMNS FROM `category` [ RunTime:1.0252s ]
SQL: SHOW COLUMNS FROM `category` [ RunTime:0.0382s ]
SQL: SELECT * FROM `category`  [ RunTime:0.0376s ]
INFO: [ view_parse ] --START--
INFO: [ template_filter ] --START--
INFO: Run Behavior\ContentReplaceBehavior [ RunTime:0.000123s ]
INFO: [ template_filter ] --END-- [ RunTime:0.000214s ]
INFO: Run Behavior\ParseTemplateBehavior [ RunTime:0.030156s ]
INFO: [ view_parse ] --END-- [ RunTime:0.030283s ]
INFO: [ view_filter ] --START--
INFO: Run Behavior\WriteHtmlCacheBehavior [ RunTime:0.000836s ]
INFO: [ view_filter ] --END-- [ RunTime:0.000906s ]
INFO: [ app_end ] --START--
INFO: Run Behavior\ShowPageTraceBehavior [ RunTime:0.001939s ]
INFO: [ app_end ] --END-- [ RunTime:0.002058s ]

[ 2017-12-04T09:20:36+08:00 ] 127.0.0.1 /index.php/Admin/Article/articleEditor/aId/17.html
INFO: [ app_init ] --START--
INFO: Run Behavior\BuildLiteBehavior [ RunTime:0.000020s ]
INFO: [ app_init ] --END-- [ RunTime:0.000547s ]
INFO: [ app_begin ] --START--
INFO: Run Behavior\ReadHtmlCacheBehavior [ RunTime:0.000611s ]
INFO: [ app_begin ] --END-- [ RunTime:0.000668s ]
SQL: SHOW COLUMNS FROM `article` [ RunTime:0.0308s ]
SQL: SHOW COLUMNS FROM `article` [ RunTime:0.0327s ]
SQL: SELECT * FROM `article` WHERE ( a_id=17 ) LIMIT 1   [ RunTime:0.0333s ]
SQL: SHOW COLUMNS FROM `category` [ RunTime:0.0304s ]
SQL: SHOW COLUMNS FROM `category` [ RunTime:0.0316s ]
SQL: SELECT * FROM `category`  [ RunTime:0.0314s ]
INFO: [ view_parse ] --START--
INFO: [ template_filter ] --START--
INFO: Run Behavior\ContentReplaceBehavior [ RunTime:0.000047s ]
INFO: [ template_filter ] --END-- [ RunTime:0.000089s ]

[ 2017-12-04T09:20:50+08:00 ] 127.0.0.1 /index.php/Admin/Article/articleEditor/aId/17.html
INFO: [ app_init ] --START--
INFO: Run Behavior\BuildLiteBehavior [ RunTime:0.000014s ]
INFO: [ app_init ] --END-- [ RunTime:0.000471s ]
INFO: [ app_begin ] --START--
INFO: Run Behavior\ReadHtmlCacheBehavior [ RunTime:0.001115s ]
INFO: [ app_begin ] --END-- [ RunTime:0.001240s ]
SQL: SHOW COLUMNS FROM `article` [ RunTime:0.0296s ]
SQL: SHOW COLUMNS FROM `article` [ RunTime:0.0288s ]
SQL: SELECT * FROM `article` WHERE ( a_id=17 ) LIMIT 1   [ RunTime:0.0287s ]
SQL: SHOW COLUMNS FROM `category` [ RunTime:0.0275s ]
SQL: SHOW COLUMNS FROM `category` [ RunTime:0.0274s ]
SQL: SELECT * FROM `category`  [ RunTime:0.0273s ]
INFO: [ view_parse ] --START--
INFO: [ template_filter ] --START--
INFO: Run Behavior\ContentReplaceBehavior [ RunTime:0.000112s ]
INFO: [ template_filter ] --END-- [ RunTime:0.000217s ]
NOTIC: [8] Use of undefined constant article_category_id - assumed 'article_category_id' E:\blog\Application\Runtime\Cache\Admin\55044e28dd6274935231816c42b705c5.php 第 99 行.
NOTIC: [8] Array to string conversion E:\blog\Application\Runtime\Cache\Admin\55044e28dd6274935231816c42b705c5.php 第 99 行.
NOTIC: [8] Use of undefined constant article_category_id - assumed 'article_category_id' E:\blog\Application\Runtime\Cache\Admin\55044e28dd6274935231816c42b705c5.php 第 99 行.
NOTIC: [8] Array to string conversion E:\blog\Application\Runtime\Cache\Admin\55044e28dd6274935231816c42b705c5.php 第 99 行.
NOTIC: [8] Use of undefined constant article_category_id - assumed 'article_category_id' E:\blog\Application\Runtime\Cache\Admin\55044e28dd6274935231816c42b705c5.php 第 99 行.
NOTIC: [8] Array to string conversion E:\blog\Application\Runtime\Cache\Admin\55044e28dd6274935231816c42b705c5.php 第 99 行.
NOTIC: [8] Use of undefined constant article_category_id - assumed 'article_category_id' E:\blog\Application\Runtime\Cache\Admin\55044e28dd6274935231816c42b705c5.php 第 99 行.
NOTIC: [8] Array to string conversion E:\blog\Application\Runtime\Cache\Admin\55044e28dd6274935231816c42b705c5.php 第 99 行.
NOTIC: [8] Use of undefined constant article_category_id - assumed 'article_category_id' E:\blog\Application\Runtime\Cache\Admin\55044e28dd6274935231816c42b705c5.php 第 99 行.
NOTIC: [8] Array to string conversion E:\blog\Application\Runtime\Cache\Admin\55044e28dd6274935231816c42b705c5.php 第 99 行.
NOTIC: [8] Use of undefined constant article_category_id - assumed 'article_category_id' E:\blog\Application\Runtime\Cache\Admin\55044e28dd6274935231816c42b705c5.php 第 99 行.
NOTIC: [8] Array to string conversion E:\blog\Application\Runtime\Cache\Admin\55044e28dd6274935231816c42b705c5.php 第 99 行.
NOTIC: [8] Use of undefined constant article_category_id - assumed 'article_category_id' E:\blog\Application\Runtime\Cache\Admin\55044e28dd6274935231816c42b705c5.php 第 99 行.
NOTIC: [8] Array to string conversion E:\blog\Application\Runtime\Cache\Admin\55044e28dd6274935231816c42b705c5.php 第 99 行.
INFO: Run Behavior\ParseTemplateBehavior [ RunTime:0.021988s ]
INFO: [ view_parse ] --END-- [ RunTime:0.022081s ]
INFO: [ view_filter ] --START--
INFO: Run Behavior\WriteHtmlCacheBehavior [ RunTime:0.000856s ]
INFO: [ view_filter ] --END-- [ RunTime:0.000932s ]
INFO: [ app_end ] --START--
INFO: Run Behavior\ShowPageTraceBehavior [ RunTime:0.001442s ]
INFO: [ app_end ] --END-- [ RunTime:0.001558s ]

[ 2017-12-04T09:21:28+08:00 ] 127.0.0.1 /index.php/Admin/Article/articleEditor/aId/17.html
INFO: [ app_init ] --START--
INFO: Run Behavior\BuildLiteBehavior [ RunTime:0.000013s ]
INFO: [ app_init ] --END-- [ RunTime:0.000474s ]
INFO: [ app_begin ] --START--
INFO: Run Behavior\ReadHtmlCacheBehavior [ RunTime:0.000544s ]
INFO: [ app_begin ] --END-- [ RunTime:0.000580s ]
SQL: SHOW COLUMNS FROM `article` [ RunTime:0.0300s ]
SQL: SHOW COLUMNS FROM `article` [ RunTime:0.0305s ]
SQL: SELECT * FROM `article` WHERE ( a_id=17 ) LIMIT 1   [ RunTime:0.0315s ]
SQL: SHOW COLUMNS FROM `category` [ RunTime:0.0290s ]
SQL: SHOW COLUMNS FROM `category` [ RunTime:1.0256s ]
SQL: SELECT * FROM `category`  [ RunTime:0.0295s ]
INFO: [ view_parse ] --START--
INFO: [ template_filter ] --START--
INFO: Run Behavior\ContentReplaceBehavior [ RunTime:0.000175s ]
INFO: [ template_filter ] --END-- [ RunTime:0.000320s ]
NOTIC: [8] Use of undefined constant article_category_id - assumed 'article_category_id' E:\blog\Application\Runtime\Cache\Admin\55044e28dd6274935231816c42b705c5.php 第 99 行.
NOTIC: [8] Array to string conversion E:\blog\Application\Runtime\Cache\Admin\55044e28dd6274935231816c42b705c5.php 第 99 行.
NOTIC: [8] Use of undefined constant article_category_id - assumed 'article_category_id' E:\blog\Application\Runtime\Cache\Admin\55044e28dd6274935231816c42b705c5.php 第 99 行.
NOTIC: [8] Array to string conversion E:\blog\Application\Runtime\Cache\Admin\55044e28dd6274935231816c42b705c5.php 第 99 行.
NOTIC: [8] Use of undefined constant article_category_id - assumed 'article_category_id' E:\blog\Application\Runtime\Cache\Admin\55044e28dd6274935231816c42b705c5.php 第 99 行.
NOTIC: [8] Array to string conversion E:\blog\Application\Runtime\Cache\Admin\55044e28dd6274935231816c42b705c5.php 第 99 行.
NOTIC: [8] Use of undefined constant article_category_id - assumed 'article_category_id' E:\blog\Application\Runtime\Cache\Admin\55044e28dd6274935231816c42b705c5.php 第 99 行.
NOTIC: [8] Array to string conversion E:\blog\Application\Runtime\Cache\Admin\55044e28dd6274935231816c42b705c5.php 第 99 行.
NOTIC: [8] Use of undefined constant article_category_id - assumed 'article_category_id' E:\blog\Application\Runtime\Cache\Admin\55044e28dd6274935231816c42b705c5.php 第 99 行.
NOTIC: [8] Array to string conversion E:\blog\Application\Runtime\Cache\Admin\55044e28dd6274935231816c42b705c5.php 第 99 行.
NOTIC: [8] Use of undefined constant article_category_id - assumed 'article_category_id' E:\blog\Application\Runtime\Cache\Admin\55044e28dd6274935231816c42b705c5.php 第 99 行.
NOTIC: [8] Array to string conversion E:\blog\Application\Runtime\Cache\Admin\55044e28dd6274935231816c42b705c5.php 第 99 行.
NOTIC: [8] Use of undefined constant article_category_id - assumed 'article_category_id' E:\blog\Application\Runtime\Cache\Admin\55044e28dd6274935231816c42b705c5.php 第 99 行.
NOTIC: [8] Array to string conversion E:\blog\Application\Runtime\Cache\Admin\55044e28dd6274935231816c42b705c5.php 第 99 行.
INFO: Run Behavior\ParseTemplateBehavior [ RunTime:0.031150s ]
INFO: [ view_parse ] --END-- [ RunTime:0.031282s ]
INFO: [ view_filter ] --START--
INFO: Run Behavior\WriteHtmlCacheBehavior [ RunTime:0.000917s ]
INFO: [ view_filter ] --END-- [ RunTime:0.001002s ]
INFO: [ app_end ] --START--
INFO: Run Behavior\ShowPageTraceBehavior [ RunTime:0.001193s ]
INFO: [ app_end ] --END-- [ RunTime:0.001284s ]

[ 2017-12-04T09:21:53+08:00 ] 127.0.0.1 /index.php/Admin/Article/articleEditor/aId/17.html
INFO: [ app_init ] --START--
INFO: Run Behavior\BuildLiteBehavior [ RunTime:0.000013s ]
INFO: [ app_init ] --END-- [ RunTime:0.000483s ]
INFO: [ app_begin ] --START--
INFO: Run Behavior\ReadHtmlCacheBehavior [ RunTime:0.000552s ]
INFO: [ app_begin ] --END-- [ RunTime:0.000588s ]
SQL: SHOW COLUMNS FROM `article` [ RunTime:0.0301s ]
SQL: SHOW COLUMNS FROM `article` [ RunTime:0.0302s ]
SQL: SELECT * FROM `article` WHERE ( a_id=17 ) LIMIT 1   [ RunTime:0.0316s ]
SQL: SHOW COLUMNS FROM `category` [ RunTime:1.0219s ]
SQL: SHOW COLUMNS FROM `category` [ RunTime:0.0296s ]
SQL: SELECT * FROM `category`  [ RunTime:0.0292s ]
INFO: [ view_parse ] --START--
INFO: [ template_filter ] --START--
INFO: Run Behavior\ContentReplaceBehavior [ RunTime:0.000189s ]
INFO: [ template_filter ] --END-- [ RunTime:0.000332s ]
NOTIC: [8] Use of undefined constant article_category_id - assumed 'article_category_id' E:\blog\Application\Runtime\Cache\Admin\55044e28dd6274935231816c42b705c5.php 第 99 行.
NOTIC: [8] Array to string conversion E:\blog\Application\Runtime\Cache\Admin\55044e28dd6274935231816c42b705c5.php 第 99 行.
NOTIC: [8] Undefined index: article_category_id E:\blog\Application\Runtime\Cache\Admin\55044e28dd6274935231816c42b705c5.php 第 99 行.
NOTIC: [8] Use of undefined constant article_category_id - assumed 'article_category_id' E:\blog\Application\Runtime\Cache\Admin\55044e28dd6274935231816c42b705c5.php 第 99 行.
NOTIC: [8] Array to string conversion E:\blog\Application\Runtime\Cache\Admin\55044e28dd6274935231816c42b705c5.php 第 99 行.
NOTIC: [8] Undefined index: article_category_id E:\blog\Application\Runtime\Cache\Admin\55044e28dd6274935231816c42b705c5.php 第 99 行.
NOTIC: [8] Use of undefined constant article_category_id - assumed 'article_category_id' E:\blog\Application\Runtime\Cache\Admin\55044e28dd6274935231816c42b705c5.php 第 99 行.
NOTIC: [8] Array to string conversion E:\blog\Application\Runtime\Cache\Admin\55044e28dd6274935231816c42b705c5.php 第 99 行.
NOTIC: [8] Undefined index: article_category_id E:\blog\Application\Runtime\Cache\Admin\55044e28dd6274935231816c42b705c5.php 第 99 行.
NOTIC: [8] Use of undefined constant article_category_id - assumed 'article_category_id' E:\blog\Application\Runtime\Cache\Admin\55044e28dd6274935231816c42b705c5.php 第 99 行.
NOTIC: [8] Array to string conversion E:\blog\Application\Runtime\Cache\Admin\55044e28dd6274935231816c42b705c5.php 第 99 行.
NOTIC: [8] Undefined index: article_category_id E:\blog\Application\Runtime\Cache\Admin\55044e28dd6274935231816c42b705c5.php 第 99 行.
NOTIC: [8] Use of undefined constant article_category_id - assumed 'article_category_id' E:\blog\Application\Runtime\Cache\Admin\55044e28dd6274935231816c42b705c5.php 第 99 行.
NOTIC: [8] Array to string conversion E:\blog\Application\Runtime\Cache\Admin\55044e28dd6274935231816c42b705c5.php 第 99 行.
NOTIC: [8] Undefined index: article_category_id E:\blog\Application\Runtime\Cache\Admin\55044e28dd6274935231816c42b705c5.php 第 99 行.
NOTIC: [8] Use of undefined constant article_category_id - assumed 'article_category_id' E:\blog\Application\Runtime\Cache\Admin\55044e28dd6274935231816c42b705c5.php 第 99 行.
NOTIC: [8] Array to string conversion E:\blog\Application\Runtime\Cache\Admin\55044e28dd6274935231816c42b705c5.php 第 99 行.
NOTIC: [8] Undefined index: article_category_id E:\blog\Application\Runtime\Cache\Admin\55044e28dd6274935231816c42b705c5.php 第 99 行.
NOTIC: [8] Use of undefined constant article_category_id - assumed 'article_category_id' E:\blog\Application\Runtime\Cache\Admin\55044e28dd6274935231816c42b705c5.php 第 99 行.
NOTIC: [8] Array to string conversion E:\blog\Application\Runtime\Cache\Admin\55044e28dd6274935231816c42b705c5.php 第 99 行.
NOTIC: [8] Undefined index: article_category_id E:\blog\Application\Runtime\Cache\Admin\55044e28dd6274935231816c42b705c5.php 第 99 行.
INFO: Run Behavior\ParseTemplateBehavior [ RunTime:0.032657s ]
INFO: [ view_parse ] --END-- [ RunTime:0.032756s ]
INFO: [ view_filter ] --START--
INFO: Run Behavior\WriteHtmlCacheBehavior [ RunTime:0.000681s ]
INFO: [ view_filter ] --END-- [ RunTime:0.000752s ]
INFO: [ app_end ] --START--
INFO: Run Behavior\ShowPageTraceBehavior [ RunTime:0.001271s ]
INFO: [ app_end ] --END-- [ RunTime:0.001385s ]

[ 2017-12-04T09:22:07+08:00 ] 127.0.0.1 /index.php/Admin/Article/articleEditor/aId/17.html
INFO: [ app_init ] --START--
INFO: Run Behavior\BuildLiteBehavior [ RunTime:0.000024s ]
INFO: [ app_init ] --END-- [ RunTime:0.001151s ]
INFO: [ app_begin ] --START--
INFO: Run Behavior\ReadHtmlCacheBehavior [ RunTime:0.001011s ]
INFO: [ app_begin ] --END-- [ RunTime:0.001095s ]
SQL: SHOW COLUMNS FROM `article` [ RunTime:0.0240s ]
SQL: SHOW COLUMNS FROM `article` [ RunTime:0.0244s ]
SQL: SELECT * FROM `article` WHERE ( a_id=17 ) LIMIT 1   [ RunTime:0.0258s ]
SQL: SHOW COLUMNS FROM `category` [ RunTime:0.0243s ]
SQL: SHOW COLUMNS FROM `category` [ RunTime:0.0246s ]
SQL: SELECT * FROM `category`  [ RunTime:0.0235s ]
INFO: [ view_parse ] --START--
INFO: [ template_filter ] --START--
INFO: Run Behavior\ContentReplaceBehavior [ RunTime:0.000085s ]
INFO: [ template_filter ] --END-- [ RunTime:0.000157s ]
NOTIC: [8] Use of undefined constant article_category_id - assumed 'article_category_id' E:\blog\Application\Runtime\Cache\Admin\55044e28dd6274935231816c42b705c5.php 第 99 行.
NOTIC: [8] Array to string conversion E:\blog\Application\Runtime\Cache\Admin\55044e28dd6274935231816c42b705c5.php 第 99 行.
NOTIC: [8] Undefined index: article_category_id E:\blog\Application\Runtime\Cache\Admin\55044e28dd6274935231816c42b705c5.php 第 99 行.
NOTIC: [8] Use of undefined constant article_category_id - assumed 'article_category_id' E:\blog\Application\Runtime\Cache\Admin\55044e28dd6274935231816c42b705c5.php 第 99 行.
NOTIC: [8] Array to string conversion E:\blog\Application\Runtime\Cache\Admin\55044e28dd6274935231816c42b705c5.php 第 99 行.
NOTIC: [8] Undefined index: article_category_id E:\blog\Application\Runtime\Cache\Admin\55044e28dd6274935231816c42b705c5.php 第 99 行.
NOTIC: [8] Use of undefined constant article_category_id - assumed 'article_category_id' E:\blog\Application\Runtime\Cache\Admin\55044e28dd6274935231816c42b705c5.php 第 99 行.
NOTIC: [8] Array to string conversion E:\blog\Application\Runtime\Cache\Admin\55044e28dd6274935231816c42b705c5.php 第 99 行.
NOTIC: [8] Undefined index: article_category_id E:\blog\Application\Runtime\Cache\Admin\55044e28dd6274935231816c42b705c5.php 第 99 行.
NOTIC: [8] Use of undefined constant article_category_id - assumed 'article_category_id' E:\blog\Application\Runtime\Cache\Admin\55044e28dd6274935231816c42b705c5.php 第 99 行.
NOTIC: [8] Array to string conversion E:\blog\Application\Runtime\Cache\Admin\55044e28dd6274935231816c42b705c5.php 第 99 行.
NOTIC: [8] Undefined index: article_category_id E:\blog\Application\Runtime\Cache\Admin\55044e28dd6274935231816c42b705c5.php 第 99 行.
NOTIC: [8] Use of undefined constant article_category_id - assumed 'article_category_id' E:\blog\Application\Runtime\Cache\Admin\55044e28dd6274935231816c42b705c5.php 第 99 行.
NOTIC: [8] Array to string conversion E:\blog\Application\Runtime\Cache\Admin\55044e28dd6274935231816c42b705c5.php 第 99 行.
NOTIC: [8] Undefined index: article_category_id E:\blog\Application\Runtime\Cache\Admin\55044e28dd6274935231816c42b705c5.php 第 99 行.
NOTIC: [8] Use of undefined constant article_category_id - assumed 'article_category_id' E:\blog\Application\Runtime\Cache\Admin\55044e28dd6274935231816c42b705c5.php 第 99 行.
NOTIC: [8] Array to string conversion E:\blog\Application\Runtime\Cache\Admin\55044e28dd6274935231816c42b705c5.php 第 99 行.
NOTIC: [8] Undefined index: article_category_id E:\blog\Application\Runtime\Cache\Admin\55044e28dd6274935231816c42b705c5.php 第 99 行.
NOTIC: [8] Use of undefined constant article_category_id - assumed 'article_category_id' E:\blog\Application\Runtime\Cache\Admin\55044e28dd6274935231816c42b705c5.php 第 99 行.
NOTIC: [8] Array to string conversion E:\blog\Application\Runtime\Cache\Admin\55044e28dd6274935231816c42b705c5.php 第 99 行.
NOTIC: [8] Undefined index: article_category_id E:\blog\Application\Runtime\Cache\Admin\55044e28dd6274935231816c42b705c5.php 第 99 行.
INFO: Run Behavior\ParseTemplateBehavior [ RunTime:0.015000s ]
INFO: [ view_parse ] --END-- [ RunTime:0.015059s ]
INFO: [ view_filter ] --START--
INFO: Run Behavior\WriteHtmlCacheBehavior [ RunTime:0.000577s ]
INFO: [ view_filter ] --END-- [ RunTime:0.000631s ]
INFO: [ app_end ] --START--
INFO: Run Behavior\ShowPageTraceBehavior [ RunTime:0.001062s ]
INFO: [ app_end ] --END-- [ RunTime:0.001133s ]

[ 2017-12-04T09:22:23+08:00 ] 127.0.0.1 /index.php/Admin/Article/articleEditor/aId/17.html
INFO: [ app_init ] --START--
INFO: Run Behavior\BuildLiteBehavior [ RunTime:0.000014s ]
INFO: [ app_init ] --END-- [ RunTime:0.000476s ]
INFO: [ app_begin ] --START--
INFO: Run Behavior\ReadHtmlCacheBehavior [ RunTime:0.000576s ]
INFO: [ app_begin ] --END-- [ RunTime:0.000613s ]
SQL: SHOW COLUMNS FROM `article` [ RunTime:0.0330s ]
SQL: SHOW COLUMNS FROM `article` [ RunTime:0.0326s ]
SQL: SELECT * FROM `article` WHERE ( a_id=17 ) LIMIT 1   [ RunTime:0.0341s ]
SQL: SHOW COLUMNS FROM `category` [ RunTime:0.0327s ]
SQL: SHOW COLUMNS FROM `category` [ RunTime:1.0252s ]
SQL: SELECT * FROM `category`  [ RunTime:0.0340s ]
INFO: [ view_parse ] --START--
INFO: [ template_filter ] --START--
INFO: Run Behavior\ContentReplaceBehavior [ RunTime:0.000116s ]
INFO: [ template_filter ] --END-- [ RunTime:0.000216s ]
NOTIC: [8] Use of undefined constant article_category_id - assumed 'article_category_id' E:\blog\Application\Runtime\Cache\Admin\55044e28dd6274935231816c42b705c5.php 第 99 行.
NOTIC: [8] Array to string conversion E:\blog\Application\Runtime\Cache\Admin\55044e28dd6274935231816c42b705c5.php 第 99 行.
NOTIC: [8] Use of undefined constant article_category_id - assumed 'article_category_id' E:\blog\Application\Runtime\Cache\Admin\55044e28dd6274935231816c42b705c5.php 第 99 行.
NOTIC: [8] Array to string conversion E:\blog\Application\Runtime\Cache\Admin\55044e28dd6274935231816c42b705c5.php 第 99 行.
NOTIC: [8] Use of undefined constant article_category_id - assumed 'article_category_id' E:\blog\Application\Runtime\Cache\Admin\55044e28dd6274935231816c42b705c5.php 第 99 行.
NOTIC: [8] Array to string conversion E:\blog\Application\Runtime\Cache\Admin\55044e28dd6274935231816c42b705c5.php 第 99 行.
NOTIC: [8] Use of undefined constant article_category_id - assumed 'article_category_id' E:\blog\Application\Runtime\Cache\Admin\55044e28dd6274935231816c42b705c5.php 第 99 行.
NOTIC: [8] Array to string conversion E:\blog\Application\Runtime\Cache\Admin\55044e28dd6274935231816c42b705c5.php 第 99 行.
NOTIC: [8] Use of undefined constant article_category_id - assumed 'article_category_id' E:\blog\Application\Runtime\Cache\Admin\55044e28dd6274935231816c42b705c5.php 第 99 行.
NOTIC: [8] Array to string conversion E:\blog\Application\Runtime\Cache\Admin\55044e28dd6274935231816c42b705c5.php 第 99 行.
NOTIC: [8] Use of undefined constant article_category_id - assumed 'article_category_id' E:\blog\Application\Runtime\Cache\Admin\55044e28dd6274935231816c42b705c5.php 第 99 行.
NOTIC: [8] Array to string conversion E:\blog\Application\Runtime\Cache\Admin\55044e28dd6274935231816c42b705c5.php 第 99 行.
NOTIC: [8] Use of undefined constant article_category_id - assumed 'article_category_id' E:\blog\Application\Runtime\Cache\Admin\55044e28dd6274935231816c42b705c5.php 第 99 行.
NOTIC: [8] Array to string conversion E:\blog\Application\Runtime\Cache\Admin\55044e28dd6274935231816c42b705c5.php 第 99 行.
INFO: Run Behavior\ParseTemplateBehavior [ RunTime:0.020025s ]
INFO: [ view_parse ] --END-- [ RunTime:0.020138s ]
INFO: [ view_filter ] --START--
INFO: Run Behavior\WriteHtmlCacheBehavior [ RunTime:0.001005s ]
INFO: [ view_filter ] --END-- [ RunTime:0.001082s ]
INFO: [ app_end ] --START--
INFO: Run Behavior\ShowPageTraceBehavior [ RunTime:0.001488s ]
INFO: [ app_end ] --END-- [ RunTime:0.001610s ]

[ 2017-12-04T09:22:55+08:00 ] 127.0.0.1 /index.php/Admin/Article/articleEditor/aId/17.html
INFO: [ app_init ] --START--
INFO: Run Behavior\BuildLiteBehavior [ RunTime:0.000016s ]
INFO: [ app_init ] --END-- [ RunTime:0.000504s ]
INFO: [ app_begin ] --START--
INFO: Run Behavior\ReadHtmlCacheBehavior [ RunTime:0.000842s ]
INFO: [ app_begin ] --END-- [ RunTime:0.000897s ]
SQL: SHOW COLUMNS FROM `article` [ RunTime:0.0300s ]
SQL: SHOW COLUMNS FROM `article` [ RunTime:0.0296s ]
SQL: SELECT * FROM `article` WHERE ( a_id=17 ) LIMIT 1   [ RunTime:0.0318s ]
SQL: SHOW COLUMNS FROM `category` [ RunTime:0.0300s ]
SQL: SHOW COLUMNS FROM `category` [ RunTime:0.0299s ]
SQL: SELECT * FROM `category`  [ RunTime:0.0293s ]
INFO: [ view_parse ] --START--
INFO: [ template_filter ] --START--
INFO: Run Behavior\ContentReplaceBehavior [ RunTime:0.000048s ]
INFO: [ template_filter ] --END-- [ RunTime:0.000090s ]
NOTIC: [8] Use of undefined constant article_category_id - assumed 'article_category_id' E:\blog\Application\Runtime\Cache\Admin\55044e28dd6274935231816c42b705c5.php 第 99 行.
NOTIC: [8] Array to string conversion E:\blog\Application\Runtime\Cache\Admin\55044e28dd6274935231816c42b705c5.php 第 99 行.
NOTIC: [8] Use of undefined constant article_category_id - assumed 'article_category_id' E:\blog\Application\Runtime\Cache\Admin\55044e28dd6274935231816c42b705c5.php 第 99 行.
NOTIC: [8] Array to string conversion E:\blog\Application\Runtime\Cache\Admin\55044e28dd6274935231816c42b705c5.php 第 99 行.
NOTIC: [8] Use of undefined constant article_category_id - assumed 'article_category_id' E:\blog\Application\Runtime\Cache\Admin\55044e28dd6274935231816c42b705c5.php 第 99 行.
NOTIC: [8] Array to string conversion E:\blog\Application\Runtime\Cache\Admin\55044e28dd6274935231816c42b705c5.php 第 99 行.
NOTIC: [8] Use of undefined constant article_category_id - assumed 'article_category_id' E:\blog\Application\Runtime\Cache\Admin\55044e28dd6274935231816c42b705c5.php 第 99 行.
NOTIC: [8] Array to string conversion E:\blog\Application\Runtime\Cache\Admin\55044e28dd6274935231816c42b705c5.php 第 99 行.
NOTIC: [8] Use of undefined constant article_category_id - assumed 'article_category_id' E:\blog\Application\Runtime\Cache\Admin\55044e28dd6274935231816c42b705c5.php 第 99 行.
NOTIC: [8] Array to string conversion E:\blog\Application\Runtime\Cache\Admin\55044e28dd6274935231816c42b705c5.php 第 99 行.
NOTIC: [8] Use of undefined constant article_category_id - assumed 'article_category_id' E:\blog\Application\Runtime\Cache\Admin\55044e28dd6274935231816c42b705c5.php 第 99 行.
NOTIC: [8] Array to string conversion E:\blog\Application\Runtime\Cache\Admin\55044e28dd6274935231816c42b705c5.php 第 99 行.
NOTIC: [8] Use of undefined constant article_category_id - assumed 'article_category_id' E:\blog\Application\Runtime\Cache\Admin\55044e28dd6274935231816c42b705c5.php 第 99 行.
NOTIC: [8] Array to string conversion E:\blog\Application\Runtime\Cache\Admin\55044e28dd6274935231816c42b705c5.php 第 99 行.
INFO: Run Behavior\ParseTemplateBehavior [ RunTime:0.008314s ]
INFO: [ view_parse ] --END-- [ RunTime:0.008352s ]
INFO: [ view_filter ] --START--
INFO: Run Behavior\WriteHtmlCacheBehavior [ RunTime:0.000409s ]
INFO: [ view_filter ] --END-- [ RunTime:0.000438s ]
INFO: [ app_end ] --START--
INFO: Run Behavior\ShowPageTraceBehavior [ RunTime:0.000604s ]
INFO: [ app_end ] --END-- [ RunTime:0.000661s ]

[ 2017-12-04T09:24:02+08:00 ] 127.0.0.1 /index.php/Admin/Article/articleEditor/aId/17.html
INFO: [ app_init ] --START--
INFO: Run Behavior\BuildLiteBehavior [ RunTime:0.000014s ]
INFO: [ app_init ] --END-- [ RunTime:0.000503s ]
INFO: [ app_begin ] --START--
INFO: Run Behavior\ReadHtmlCacheBehavior [ RunTime:0.000497s ]
INFO: [ app_begin ] --END-- [ RunTime:0.000539s ]
SQL: SHOW COLUMNS FROM `article` [ RunTime:0.0330s ]
SQL: SHOW COLUMNS FROM `article` [ RunTime:0.0325s ]
SQL: SELECT * FROM `article` WHERE ( a_id=17 ) LIMIT 1   [ RunTime:0.0343s ]
SQL: SHOW COLUMNS FROM `category` [ RunTime:1.0234s ]
SQL: SHOW COLUMNS FROM `category` [ RunTime:0.0331s ]
SQL: SELECT * FROM `category`  [ RunTime:0.0317s ]
INFO: [ view_parse ] --START--
INFO: [ template_filter ] --START--
INFO: Run Behavior\ContentReplaceBehavior [ RunTime:0.000183s ]
INFO: [ template_filter ] --END-- [ RunTime:0.000329s ]
NOTIC: [8] Use of undefined constant article_category_id - assumed 'article_category_id' E:\blog\Application\Runtime\Cache\Admin\55044e28dd6274935231816c42b705c5.php 第 99 行.
NOTIC: [8] Array to string conversion E:\blog\Application\Runtime\Cache\Admin\55044e28dd6274935231816c42b705c5.php 第 99 行.
NOTIC: [8] Use of undefined constant article_category_id - assumed 'article_category_id' E:\blog\Application\Runtime\Cache\Admin\55044e28dd6274935231816c42b705c5.php 第 99 行.
NOTIC: [8] Array to string conversion E:\blog\Application\Runtime\Cache\Admin\55044e28dd6274935231816c42b705c5.php 第 99 行.
NOTIC: [8] Use of undefined constant article_category_id - assumed 'article_category_id' E:\blog\Application\Runtime\Cache\Admin\55044e28dd6274935231816c42b705c5.php 第 99 行.
NOTIC: [8] Array to string conversion E:\blog\Application\Runtime\Cache\Admin\55044e28dd6274935231816c42b705c5.php 第 99 行.
NOTIC: [8] Use of undefined constant article_category_id - assumed 'article_category_id' E:\blog\Application\Runtime\Cache\Admin\55044e28dd6274935231816c42b705c5.php 第 99 行.
NOTIC: [8] Array to string conversion E:\blog\Application\Runtime\Cache\Admin\55044e28dd6274935231816c42b705c5.php 第 99 行.
NOTIC: [8] Use of undefined constant article_category_id - assumed 'article_category_id' E:\blog\Application\Runtime\Cache\Admin\55044e28dd6274935231816c42b705c5.php 第 99 行.
NOTIC: [8] Array to string conversion E:\blog\Application\Runtime\Cache\Admin\55044e28dd6274935231816c42b705c5.php 第 99 行.
NOTIC: [8] Use of undefined constant article_category_id - assumed 'article_category_id' E:\blog\Application\Runtime\Cache\Admin\55044e28dd6274935231816c42b705c5.php 第 99 行.
NOTIC: [8] Array to string conversion E:\blog\Application\Runtime\Cache\Admin\55044e28dd6274935231816c42b705c5.php 第 99 行.
NOTIC: [8] Use of undefined constant article_category_id - assumed 'article_category_id' E:\blog\Application\Runtime\Cache\Admin\55044e28dd6274935231816c42b705c5.php 第 99 行.
NOTIC: [8] Array to string conversion E:\blog\Application\Runtime\Cache\Admin\55044e28dd6274935231816c42b705c5.php 第 99 行.
INFO: Run Behavior\ParseTemplateBehavior [ RunTime:0.031886s ]
INFO: [ view_parse ] --END-- [ RunTime:0.032017s ]
INFO: [ view_filter ] --START--
INFO: Run Behavior\WriteHtmlCacheBehavior [ RunTime:0.001176s ]
INFO: [ view_filter ] --END-- [ RunTime:0.001264s ]
INFO: [ app_end ] --START--
INFO: Run Behavior\ShowPageTraceBehavior [ RunTime:0.001981s ]
INFO: [ app_end ] --END-- [ RunTime:0.002108s ]

[ 2017-12-04T09:24:58+08:00 ] 127.0.0.1 /index.php/Admin/Article/articleEditor/aId/17.html
INFO: [ app_init ] --START--
INFO: Run Behavior\BuildLiteBehavior [ RunTime:0.000014s ]
INFO: [ app_init ] --END-- [ RunTime:0.000505s ]
INFO: [ app_begin ] --START--
INFO: Run Behavior\ReadHtmlCacheBehavior [ RunTime:0.000624s ]
INFO: [ app_begin ] --END-- [ RunTime:0.000677s ]
SQL: SHOW COLUMNS FROM `article` [ RunTime:0.0294s ]
SQL: SHOW COLUMNS FROM `article` [ RunTime:0.0295s ]
SQL: SELECT * FROM `article` WHERE ( a_id=17 ) LIMIT 1   [ RunTime:0.0307s ]
SQL: SHOW COLUMNS FROM `category` [ RunTime:0.0286s ]
SQL: SHOW COLUMNS FROM `category` [ RunTime:0.0284s ]
SQL: SELECT * FROM `category`  [ RunTime:0.0282s ]
INFO: [ view_parse ] --START--
INFO: [ template_filter ] --START--
INFO: Run Behavior\ContentReplaceBehavior [ RunTime:0.000125s ]
INFO: [ template_filter ] --END-- [ RunTime:0.000223s ]
INFO: Run Behavior\ParseTemplateBehavior [ RunTime:0.022107s ]
INFO: [ view_parse ] --END-- [ RunTime:0.022219s ]
INFO: [ view_filter ] --START--
INFO: Run Behavior\WriteHtmlCacheBehavior [ RunTime:0.000906s ]
INFO: [ view_filter ] --END-- [ RunTime:0.000988s ]
INFO: [ app_end ] --START--
INFO: Run Behavior\ShowPageTraceBehavior [ RunTime:0.001987s ]
INFO: [ app_end ] --END-- [ RunTime:0.002112s ]

[ 2017-12-04T09:25:22+08:00 ] 127.0.0.1 /index.php/Admin/Article/articleEditor/aId/17.html
INFO: [ app_init ] --START--
INFO: Run Behavior\BuildLiteBehavior [ RunTime:0.000016s ]
INFO: [ app_init ] --END-- [ RunTime:0.000557s ]
INFO: [ app_begin ] --START--
INFO: Run Behavior\ReadHtmlCacheBehavior [ RunTime:0.000688s ]
INFO: [ app_begin ] --END-- [ RunTime:0.000735s ]
SQL: SHOW COLUMNS FROM `article` [ RunTime:0.0288s ]
SQL: SHOW COLUMNS FROM `article` [ RunTime:0.0284s ]
SQL: SELECT * FROM `article` WHERE ( a_id=17 ) LIMIT 1   [ RunTime:0.0313s ]
SQL: SHOW COLUMNS FROM `category` [ RunTime:1.0525s ]
SQL: SHOW COLUMNS FROM `category` [ RunTime:0.0288s ]
SQL: SELECT * FROM `category`  [ RunTime:0.0289s ]
INFO: [ view_parse ] --START--
INFO: [ template_filter ] --START--
INFO: Run Behavior\ContentReplaceBehavior [ RunTime:0.000110s ]
INFO: [ template_filter ] --END-- [ RunTime:0.000195s ]
INFO: Run Behavior\ParseTemplateBehavior [ RunTime:0.017388s ]
INFO: [ view_parse ] --END-- [ RunTime:0.017483s ]
INFO: [ view_filter ] --START--
INFO: Run Behavior\WriteHtmlCacheBehavior [ RunTime:0.000665s ]
INFO: [ view_filter ] --END-- [ RunTime:0.000735s ]
INFO: [ app_end ] --START--
INFO: Run Behavior\ShowPageTraceBehavior [ RunTime:0.001372s ]
INFO: [ app_end ] --END-- [ RunTime:0.001462s ]

[ 2017-12-04T09:42:18+08:00 ] 127.0.0.1 /index.php/Admin/Article/articleEditor/aId/17.html
INFO: [ app_init ] --START--
INFO: Run Behavior\BuildLiteBehavior [ RunTime:0.000017s ]
INFO: [ app_init ] --END-- [ RunTime:0.000596s ]
INFO: [ app_begin ] --START--
INFO: Run Behavior\ReadHtmlCacheBehavior [ RunTime:0.000797s ]
INFO: [ app_begin ] --END-- [ RunTime:0.000846s ]
SQL: SHOW COLUMNS FROM `article` [ RunTime:1.0255s ]
SQL: SHOW COLUMNS FROM `article` [ RunTime:0.0263s ]
SQL: SELECT * FROM `article` WHERE ( a_id=17 ) LIMIT 1   [ RunTime:0.0296s ]
SQL: SHOW COLUMNS FROM `category` [ RunTime:0.0255s ]
SQL: SHOW COLUMNS FROM `category` [ RunTime:0.0271s ]
SQL: SELECT * FROM `category`  [ RunTime:0.0254s ]
INFO: [ view_parse ] --START--
INFO: [ template_filter ] --START--
INFO: Run Behavior\ContentReplaceBehavior [ RunTime:0.000179s ]
INFO: [ template_filter ] --END-- [ RunTime:0.000334s ]
NOTIC: [8] Undefined index: article_img E:\blog\Application\Runtime\Cache\Admin\55044e28dd6274935231816c42b705c5.php 第 106 行.
INFO: Run Behavior\ParseTemplateBehavior [ RunTime:0.022117s ]
INFO: [ view_parse ] --END-- [ RunTime:0.022214s ]
INFO: [ view_filter ] --START--
INFO: Run Behavior\WriteHtmlCacheBehavior [ RunTime:0.000927s ]
INFO: [ view_filter ] --END-- [ RunTime:0.001007s ]
INFO: [ app_end ] --START--
INFO: Run Behavior\ShowPageTraceBehavior [ RunTime:0.001845s ]
INFO: [ app_end ] --END-- [ RunTime:0.001952s ]

[ 2017-12-04T09:42:42+08:00 ] 127.0.0.1 /index.php/Admin/Article/articleEditor/aId/17.html
INFO: [ app_init ] --START--
INFO: Run Behavior\BuildLiteBehavior [ RunTime:0.000019s ]
INFO: [ app_init ] --END-- [ RunTime:0.000643s ]
INFO: [ app_begin ] --START--
INFO: Run Behavior\ReadHtmlCacheBehavior [ RunTime:0.000847s ]
INFO: [ app_begin ] --END-- [ RunTime:0.000906s ]
SQL: SHOW COLUMNS FROM `article` [ RunTime:0.0304s ]
SQL: SHOW COLUMNS FROM `article` [ RunTime:0.0301s ]
SQL: SELECT * FROM `article` WHERE ( a_id=17 ) LIMIT 1   [ RunTime:0.0305s ]
SQL: SHOW COLUMNS FROM `category` [ RunTime:0.0290s ]
SQL: SHOW COLUMNS FROM `category` [ RunTime:0.0287s ]
SQL: SELECT * FROM `category`  [ RunTime:0.0276s ]
INFO: [ view_parse ] --START--
INFO: [ template_filter ] --START--
INFO: Run Behavior\ContentReplaceBehavior [ RunTime:0.000046s ]
INFO: [ template_filter ] --END-- [ RunTime:0.000081s ]
NOTIC: [8] Undefined index: article_img E:\blog\Application\Runtime\Cache\Admin\55044e28dd6274935231816c42b705c5.php 第 106 行.
INFO: Run Behavior\ParseTemplateBehavior [ RunTime:0.007387s ]
INFO: [ view_parse ] --END-- [ RunTime:0.007425s ]
INFO: [ view_filter ] --START--
INFO: Run Behavior\WriteHtmlCacheBehavior [ RunTime:0.000321s ]
INFO: [ view_filter ] --END-- [ RunTime:0.000414s ]
INFO: [ app_end ] --START--
INFO: Run Behavior\ShowPageTraceBehavior [ RunTime:0.000849s ]
INFO: [ app_end ] --END-- [ RunTime:0.000923s ]

[ 2017-12-04T09:44:20+08:00 ] 127.0.0.1 /index.php/Admin/Article/articleEditor/aId/17.html
INFO: [ app_init ] --START--
INFO: Run Behavior\BuildLiteBehavior [ RunTime:0.000013s ]
INFO: [ app_init ] --END-- [ RunTime:0.000392s ]
INFO: [ app_begin ] --START--
INFO: Run Behavior\ReadHtmlCacheBehavior [ RunTime:0.000607s ]
INFO: [ app_begin ] --END-- [ RunTime:0.000655s ]
SQL: SHOW COLUMNS FROM `article` [ RunTime:0.0321s ]
SQL: SHOW COLUMNS FROM `article` [ RunTime:0.0309s ]
SQL: SELECT * FROM `article` WHERE ( a_id=17 ) LIMIT 1   [ RunTime:0.0328s ]
SQL: SHOW COLUMNS FROM `category` [ RunTime:1.0216s ]
SQL: SHOW COLUMNS FROM `category` [ RunTime:0.0303s ]
SQL: SELECT * FROM `category`  [ RunTime:0.0305s ]
INFO: [ view_parse ] --START--
INFO: [ template_filter ] --START--
INFO: Run Behavior\ContentReplaceBehavior [ RunTime:0.000182s ]
INFO: [ template_filter ] --END-- [ RunTime:0.000327s ]
NOTIC: [8] Undefined index: article_img E:\blog\Application\Runtime\Cache\Admin\55044e28dd6274935231816c42b705c5.php 第 106 行.
INFO: Run Behavior\ParseTemplateBehavior [ RunTime:0.033360s ]
INFO: [ view_parse ] --END-- [ RunTime:0.033552s ]
INFO: [ view_filter ] --START--
INFO: Run Behavior\WriteHtmlCacheBehavior [ RunTime:0.002341s ]
INFO: [ view_filter ] --END-- [ RunTime:0.002471s ]
INFO: [ app_end ] --START--
INFO: Run Behavior\ShowPageTraceBehavior [ RunTime:0.001248s ]
INFO: [ app_end ] --END-- [ RunTime:0.001359s ]

[ 2017-12-04T09:44:48+08:00 ] 127.0.0.1 /index.php/Admin/Article/articleEditor/aId/17.html
INFO: [ app_init ] --START--
INFO: Run Behavior\BuildLiteBehavior [ RunTime:0.000093s ]
INFO: [ app_init ] --END-- [ RunTime:0.001756s ]
INFO: [ app_begin ] --START--
INFO: Run Behavior\ReadHtmlCacheBehavior [ RunTime:0.000656s ]
INFO: [ app_begin ] --END-- [ RunTime:0.000707s ]
SQL: SHOW COLUMNS FROM `article` [ RunTime:0.0282s ]
SQL: SHOW COLUMNS FROM `article` [ RunTime:0.0282s ]
SQL: SELECT * FROM `article` WHERE ( a_id=17 ) LIMIT 1   [ RunTime:0.0299s ]
SQL: SHOW COLUMNS FROM `category` [ RunTime:1.0525s ]
SQL: SHOW COLUMNS FROM `category` [ RunTime:0.0297s ]
SQL: SELECT * FROM `category`  [ RunTime:0.0271s ]
INFO: [ view_parse ] --START--
INFO: [ template_filter ] --START--
INFO: Run Behavior\ContentReplaceBehavior [ RunTime:0.000157s ]
INFO: [ template_filter ] --END-- [ RunTime:0.000288s ]
NOTIC: [8] Undefined index: article_img E:\blog\Application\Runtime\Cache\Admin\55044e28dd6274935231816c42b705c5.php 第 106 行.
INFO: Run Behavior\ParseTemplateBehavior [ RunTime:0.026717s ]
INFO: [ view_parse ] --END-- [ RunTime:0.026826s ]
INFO: [ view_filter ] --START--
INFO: Run Behavior\WriteHtmlCacheBehavior [ RunTime:0.000856s ]
INFO: [ view_filter ] --END-- [ RunTime:0.000924s ]
INFO: [ app_end ] --START--
INFO: Run Behavior\ShowPageTraceBehavior [ RunTime:0.001099s ]
INFO: [ app_end ] --END-- [ RunTime:0.001171s ]

[ 2017-12-04T09:45:59+08:00 ] 127.0.0.1 /index.php/Admin/Article/articleEditor/aId/17.html
INFO: [ app_init ] --START--
INFO: Run Behavior\BuildLiteBehavior [ RunTime:0.000017s ]
INFO: [ app_init ] --END-- [ RunTime:0.000673s ]
INFO: [ app_begin ] --START--
INFO: Run Behavior\ReadHtmlCacheBehavior [ RunTime:0.000590s ]
INFO: [ app_begin ] --END-- [ RunTime:0.000634s ]
SQL: SHOW COLUMNS FROM `article` [ RunTime:0.0330s ]
SQL: SHOW COLUMNS FROM `article` [ RunTime:0.0327s ]
SQL: SELECT * FROM `article` WHERE ( a_id=17 ) LIMIT 1   [ RunTime:0.0345s ]
SQL: SHOW COLUMNS FROM `category` [ RunTime:0.0323s ]
SQL: SHOW COLUMNS FROM `category` [ RunTime:0.0327s ]
SQL: SELECT * FROM `category`  [ RunTime:0.0331s ]
INFO: [ view_parse ] --START--
INFO: [ template_filter ] --START--
INFO: Run Behavior\ContentReplaceBehavior [ RunTime:0.000075s ]
INFO: [ template_filter ] --END-- [ RunTime:0.000158s ]
NOTIC: [8] Undefined index: article_img E:\blog\Application\Runtime\Cache\Admin\55044e28dd6274935231816c42b705c5.php 第 106 行.
INFO: Run Behavior\ParseTemplateBehavior [ RunTime:0.010086s ]
INFO: [ view_parse ] --END-- [ RunTime:0.010149s ]
INFO: [ view_filter ] --START--
INFO: Run Behavior\WriteHtmlCacheBehavior [ RunTime:0.000775s ]
INFO: [ view_filter ] --END-- [ RunTime:0.000839s ]
INFO: [ app_end ] --START--
INFO: Run Behavior\ShowPageTraceBehavior [ RunTime:0.001257s ]
INFO: [ app_end ] --END-- [ RunTime:0.001341s ]

[ 2017-12-04T09:46:45+08:00 ] 127.0.0.1 /index.php/Admin/Article/articleEditor/aId/17.html
INFO: [ app_init ] --START--
INFO: Run Behavior\BuildLiteBehavior [ RunTime:0.000013s ]
INFO: [ app_init ] --END-- [ RunTime:0.000380s ]
INFO: [ app_begin ] --START--
INFO: Run Behavior\ReadHtmlCacheBehavior [ RunTime:0.000622s ]
INFO: [ app_begin ] --END-- [ RunTime:0.000679s ]
SQL: SHOW COLUMNS FROM `article` [ RunTime:0.0301s ]
SQL: SHOW COLUMNS FROM `article` [ RunTime:0.0328s ]
SQL: SELECT * FROM `article` WHERE ( a_id=17 ) LIMIT 1   [ RunTime:0.0342s ]
SQL: SHOW COLUMNS FROM `category` [ RunTime:0.0321s ]
SQL: SHOW COLUMNS FROM `category` [ RunTime:1.0253s ]
SQL: SELECT * FROM `category`  [ RunTime:0.0320s ]
INFO: [ view_parse ] --START--
INFO: [ template_filter ] --START--
INFO: Run Behavior\ContentReplaceBehavior [ RunTime:0.000224s ]
INFO: [ template_filter ] --END-- [ RunTime:0.000355s ]
INFO: Run Behavior\ParseTemplateBehavior [ RunTime:0.029595s ]
INFO: [ view_parse ] --END-- [ RunTime:0.029748s ]
INFO: [ view_filter ] --START--
INFO: Run Behavior\WriteHtmlCacheBehavior [ RunTime:0.000618s ]
INFO: [ view_filter ] --END-- [ RunTime:0.000683s ]
INFO: [ app_end ] --START--
INFO: Run Behavior\ShowPageTraceBehavior [ RunTime:0.001151s ]
INFO: [ app_end ] --END-- [ RunTime:0.001240s ]

[ 2017-12-04T09:47:41+08:00 ] 127.0.0.1 /index.php/Admin/Article/articleEditor/aId/17.html
INFO: [ app_init ] --START--
INFO: Run Behavior\BuildLiteBehavior [ RunTime:0.000017s ]
INFO: [ app_init ] --END-- [ RunTime:0.000653s ]
INFO: [ app_begin ] --START--
INFO: Run Behavior\ReadHtmlCacheBehavior [ RunTime:0.001626s ]
INFO: [ app_begin ] --END-- [ RunTime:0.001763s ]
SQL: SHOW COLUMNS FROM `article` [ RunTime:0.0283s ]
SQL: SHOW COLUMNS FROM `article` [ RunTime:0.0284s ]
SQL: SELECT * FROM `article` WHERE ( a_id=17 ) LIMIT 1   [ RunTime:0.0295s ]
SQL: SHOW COLUMNS FROM `category` [ RunTime:1.0508s ]
SQL: SHOW COLUMNS FROM `category` [ RunTime:0.0278s ]
SQL: SELECT * FROM `category`  [ RunTime:0.0271s ]
INFO: [ view_parse ] --START--
INFO: [ template_filter ] --START--
INFO: Run Behavior\ContentReplaceBehavior [ RunTime:0.000090s ]
INFO: [ template_filter ] --END-- [ RunTime:0.000160s ]
INFO: Run Behavior\ParseTemplateBehavior [ RunTime:0.014648s ]
INFO: [ view_parse ] --END-- [ RunTime:0.014731s ]
INFO: [ view_filter ] --START--
INFO: Run Behavior\WriteHtmlCacheBehavior [ RunTime:0.000764s ]
INFO: [ view_filter ] --END-- [ RunTime:0.000840s ]
INFO: [ app_end ] --START--
INFO: Run Behavior\ShowPageTraceBehavior [ RunTime:0.001586s ]
INFO: [ app_end ] --END-- [ RunTime:0.001817s ]

[ 2017-12-04T09:49:55+08:00 ] 127.0.0.1 /index.php/Admin/Article/articleEditor/aId/17.html
INFO: [ app_init ] --START--
INFO: Run Behavior\BuildLiteBehavior [ RunTime:0.000016s ]
INFO: [ app_init ] --END-- [ RunTime:0.000592s ]
INFO: [ app_begin ] --START--
INFO: Run Behavior\ReadHtmlCacheBehavior [ RunTime:0.000800s ]
INFO: [ app_begin ] --END-- [ RunTime:0.000848s ]
SQL: SHOW COLUMNS FROM `article` [ RunTime:0.0342s ]
SQL: SHOW COLUMNS FROM `article` [ RunTime:0.0338s ]
SQL: SELECT * FROM `article` WHERE ( a_id=17 ) LIMIT 1   [ RunTime:0.0352s ]
SQL: SHOW COLUMNS FROM `category` [ RunTime:1.0219s ]
SQL: SHOW COLUMNS FROM `category` [ RunTime:0.0337s ]
SQL: SELECT * FROM `category`  [ RunTime:0.0329s ]
INFO: [ view_parse ] --START--
INFO: [ template_filter ] --START--
INFO: Run Behavior\ContentReplaceBehavior [ RunTime:0.000107s ]
INFO: [ template_filter ] --END-- [ RunTime:0.000195s ]
INFO: Run Behavior\ParseTemplateBehavior [ RunTime:0.024226s ]
INFO: [ view_parse ] --END-- [ RunTime:0.024379s ]
INFO: [ view_filter ] --START--
INFO: Run Behavior\WriteHtmlCacheBehavior [ RunTime:0.000801s ]
INFO: [ view_filter ] --END-- [ RunTime:0.000871s ]
INFO: [ app_end ] --START--
INFO: Run Behavior\ShowPageTraceBehavior [ RunTime:0.001387s ]
INFO: [ app_end ] --END-- [ RunTime:0.001481s ]

[ 2017-12-04T09:53:11+08:00 ] 127.0.0.1 /index.php/Admin/Article/articleEditor/aId/17.html
INFO: [ app_init ] --START--
INFO: Run Behavior\BuildLiteBehavior [ RunTime:0.000014s ]
INFO: [ app_init ] --END-- [ RunTime:0.000397s ]
INFO: [ app_begin ] --START--
INFO: Run Behavior\ReadHtmlCacheBehavior [ RunTime:0.000568s ]
INFO: [ app_begin ] --END-- [ RunTime:0.000615s ]
SQL: SHOW COLUMNS FROM `article` [ RunTime:0.0495s ]
SQL: SHOW COLUMNS FROM `article` [ RunTime:0.0321s ]
SQL: SELECT * FROM `article` WHERE ( a_id=17 ) LIMIT 1   [ RunTime:0.0304s ]
SQL: SHOW COLUMNS FROM `category` [ RunTime:1.0509s ]
SQL: SHOW COLUMNS FROM `category` [ RunTime:0.0296s ]
SQL: SELECT * FROM `category`  [ RunTime:0.0274s ]
INFO: [ view_parse ] --START--
INFO: [ template_filter ] --START--
INFO: Run Behavior\ContentReplaceBehavior [ RunTime:0.000192s ]
INFO: [ template_filter ] --END-- [ RunTime:0.000347s ]
INFO: Run Behavior\ParseTemplateBehavior [ RunTime:0.033821s ]
INFO: [ view_parse ] --END-- [ RunTime:0.033987s ]
INFO: [ view_filter ] --START--
INFO: Run Behavior\WriteHtmlCacheBehavior [ RunTime:0.001327s ]
INFO: [ view_filter ] --END-- [ RunTime:0.001443s ]
INFO: [ app_end ] --START--
INFO: Run Behavior\ShowPageTraceBehavior [ RunTime:0.003318s ]
INFO: [ app_end ] --END-- [ RunTime:0.003483s ]

[ 2017-12-04T09:57:40+08:00 ] 127.0.0.1 /index.php/Admin/Article/articleEditor/aId/17.html
INFO: [ app_init ] --START--
INFO: Run Behavior\BuildLiteBehavior [ RunTime:0.000013s ]
INFO: [ app_init ] --END-- [ RunTime:0.000382s ]
INFO: [ app_begin ] --START--
INFO: Run Behavior\ReadHtmlCacheBehavior [ RunTime:0.000746s ]
INFO: [ app_begin ] --END-- [ RunTime:0.000800s ]
SQL: SHOW COLUMNS FROM `article` [ RunTime:0.0351s ]
SQL: SHOW COLUMNS FROM `article` [ RunTime:0.0322s ]
SQL: SELECT * FROM `article` WHERE ( a_id=17 ) LIMIT 1   [ RunTime:1.0267s ]
SQL: SHOW COLUMNS FROM `category` [ RunTime:0.0334s ]
SQL: SHOW COLUMNS FROM `category` [ RunTime:0.0315s ]
SQL: SELECT * FROM `category`  [ RunTime:0.0324s ]
INFO: [ view_parse ] --START--
INFO: [ template_filter ] --START--
INFO: Run Behavior\ContentReplaceBehavior [ RunTime:0.000092s ]
INFO: [ template_filter ] --END-- [ RunTime:0.000169s ]
INFO: Run Behavior\ParseTemplateBehavior [ RunTime:0.014186s ]
INFO: [ view_parse ] --END-- [ RunTime:0.014296s ]
INFO: [ view_filter ] --START--
INFO: Run Behavior\WriteHtmlCacheBehavior [ RunTime:0.000591s ]
INFO: [ view_filter ] --END-- [ RunTime:0.000648s ]
INFO: [ app_end ] --START--
INFO: Run Behavior\ShowPageTraceBehavior [ RunTime:0.001488s ]
INFO: [ app_end ] --END-- [ RunTime:0.001748s ]

[ 2017-12-04T09:58:55+08:00 ] 127.0.0.1 /index.php/Admin/Article/articleEditor/aId/17.html
INFO: [ app_init ] --START--
INFO: Run Behavior\BuildLiteBehavior [ RunTime:0.000012s ]
INFO: [ app_init ] --END-- [ RunTime:0.000370s ]
INFO: [ app_begin ] --START--
INFO: Run Behavior\ReadHtmlCacheBehavior [ RunTime:0.000516s ]
INFO: [ app_begin ] --END-- [ RunTime:0.000551s ]
SQL: SHOW COLUMNS FROM `article` [ RunTime:0.0315s ]
SQL: SHOW COLUMNS FROM `article` [ RunTime:0.0337s ]
SQL: SELECT * FROM `article` WHERE ( a_id=17 ) LIMIT 1   [ RunTime:0.0365s ]
SQL: SHOW COLUMNS FROM `category` [ RunTime:0.0366s ]
SQL: SHOW COLUMNS FROM `category` [ RunTime:0.0302s ]
SQL: SELECT * FROM `category`  [ RunTime:0.0317s ]
INFO: [ view_parse ] --START--
INFO: [ template_filter ] --START--
INFO: Run Behavior\ContentReplaceBehavior [ RunTime:0.000066s ]
INFO: [ template_filter ] --END-- [ RunTime:0.000123s ]
INFO: Run Behavior\ParseTemplateBehavior [ RunTime:0.009217s ]
INFO: [ view_parse ] --END-- [ RunTime:0.009298s ]
INFO: [ view_filter ] --START--
INFO: Run Behavior\WriteHtmlCacheBehavior [ RunTime:0.000962s ]
INFO: [ view_filter ] --END-- [ RunTime:0.001040s ]
INFO: [ app_end ] --START--
INFO: Run Behavior\ShowPageTraceBehavior [ RunTime:0.001263s ]
INFO: [ app_end ] --END-- [ RunTime:0.001351s ]

[ 2017-12-04T09:59:48+08:00 ] 127.0.0.1 /index.php/Admin/Article/articleEditor/aId/17.html
INFO: [ app_init ] --START--
INFO: Run Behavior\BuildLiteBehavior [ RunTime:0.000012s ]
INFO: [ app_init ] --END-- [ RunTime:0.000344s ]
INFO: [ app_begin ] --START--
INFO: Run Behavior\ReadHtmlCacheBehavior [ RunTime:0.000499s ]
INFO: [ app_begin ] --END-- [ RunTime:0.000537s ]
SQL: SHOW COLUMNS FROM `article` [ RunTime:0.0328s ]
SQL: SHOW COLUMNS FROM `article` [ RunTime:0.0328s ]
SQL: SELECT * FROM `article` WHERE ( a_id=17 ) LIMIT 1   [ RunTime:0.0364s ]
SQL: SHOW COLUMNS FROM `category` [ RunTime:1.0186s ]
SQL: SHOW COLUMNS FROM `category` [ RunTime:0.0325s ]
SQL: SELECT * FROM `category`  [ RunTime:0.0306s ]
INFO: [ view_parse ] --START--
INFO: [ template_filter ] --START--
INFO: Run Behavior\ContentReplaceBehavior [ RunTime:0.000193s ]
INFO: [ template_filter ] --END-- [ RunTime:0.000354s ]
INFO: Run Behavior\ParseTemplateBehavior [ RunTime:0.031956s ]
INFO: [ view_parse ] --END-- [ RunTime:0.032061s ]
INFO: [ view_filter ] --START--
INFO: Run Behavior\WriteHtmlCacheBehavior [ RunTime:0.000585s ]
INFO: [ view_filter ] --END-- [ RunTime:0.000662s ]
INFO: [ app_end ] --START--
INFO: Run Behavior\ShowPageTraceBehavior [ RunTime:0.001400s ]
INFO: [ app_end ] --END-- [ RunTime:0.001525s ]

[ 2017-12-04T10:00:09+08:00 ] 127.0.0.1 /index.php/Admin/Article/articleEditor/aId/17.html
INFO: [ app_init ] --START--
INFO: Run Behavior\BuildLiteBehavior [ RunTime:0.000012s ]
INFO: [ app_init ] --END-- [ RunTime:0.000387s ]
INFO: [ app_begin ] --START--
INFO: Run Behavior\ReadHtmlCacheBehavior [ RunTime:0.000576s ]
INFO: [ app_begin ] --END-- [ RunTime:0.000626s ]
SQL: SHOW COLUMNS FROM `article` [ RunTime:1.0277s ]
SQL: SHOW COLUMNS FROM `article` [ RunTime:0.0325s ]
SQL: SELECT * FROM `article` WHERE ( a_id=17 ) LIMIT 1   [ RunTime:0.0336s ]
SQL: SHOW COLUMNS FROM `category` [ RunTime:0.0291s ]
SQL: SHOW COLUMNS FROM `category` [ RunTime:0.0317s ]
SQL: SELECT * FROM `category`  [ RunTime:0.0344s ]
INFO: [ view_parse ] --START--
INFO: [ template_filter ] --START--
INFO: Run Behavior\ContentReplaceBehavior [ RunTime:0.000083s ]
INFO: [ template_filter ] --END-- [ RunTime:0.000155s ]
INFO: Run Behavior\ParseTemplateBehavior [ RunTime:0.013952s ]
INFO: [ view_parse ] --END-- [ RunTime:0.014028s ]
INFO: [ view_filter ] --START--
INFO: Run Behavior\WriteHtmlCacheBehavior [ RunTime:0.000573s ]
INFO: [ view_filter ] --END-- [ RunTime:0.000626s ]
INFO: [ app_end ] --START--
INFO: Run Behavior\ShowPageTraceBehavior [ RunTime:0.001119s ]
INFO: [ app_end ] --END-- [ RunTime:0.001203s ]

[ 2017-12-04T10:00:20+08:00 ] 127.0.0.1 /index.php/Admin/Article/articleEditor/aId/17.html
INFO: [ app_init ] --START--
INFO: Run Behavior\BuildLiteBehavior [ RunTime:0.000014s ]
INFO: [ app_init ] --END-- [ RunTime:0.000450s ]
INFO: [ app_begin ] --START--
INFO: Run Behavior\ReadHtmlCacheBehavior [ RunTime:0.000477s ]
INFO: [ app_begin ] --END-- [ RunTime:0.000513s ]
SQL: SHOW COLUMNS FROM `article` [ RunTime:0.0283s ]
SQL: SHOW COLUMNS FROM `article` [ RunTime:0.0285s ]
SQL: SELECT * FROM `article` WHERE ( a_id=17 ) LIMIT 1   [ RunTime:0.0395s ]
SQL: SHOW COLUMNS FROM `category` [ RunTime:0.0478s ]
SQL: SHOW COLUMNS FROM `category` [ RunTime:1.0054s ]
SQL: SELECT * FROM `category`  [ RunTime:0.0268s ]
INFO: [ view_parse ] --START--
INFO: [ template_filter ] --START--
INFO: Run Behavior\ContentReplaceBehavior [ RunTime:0.000108s ]
INFO: [ template_filter ] --END-- [ RunTime:0.000202s ]
INFO: Run Behavior\ParseTemplateBehavior [ RunTime:0.027234s ]
INFO: [ view_parse ] --END-- [ RunTime:0.027348s ]
INFO: [ view_filter ] --START--
INFO: Run Behavior\WriteHtmlCacheBehavior [ RunTime:0.000629s ]
INFO: [ view_filter ] --END-- [ RunTime:0.000695s ]
INFO: [ app_end ] --START--
INFO: Run Behavior\ShowPageTraceBehavior [ RunTime:0.001674s ]
INFO: [ app_end ] --END-- [ RunTime:0.001778s ]

[ 2017-12-04T10:01:05+08:00 ] 127.0.0.1 /index.php/Admin/Article/articleEditor/aId/17.html
INFO: [ app_init ] --START--
INFO: Run Behavior\BuildLiteBehavior [ RunTime:0.000013s ]
INFO: [ app_init ] --END-- [ RunTime:0.000477s ]
INFO: [ app_begin ] --START--
INFO: Run Behavior\ReadHtmlCacheBehavior [ RunTime:0.000735s ]
INFO: [ app_begin ] --END-- [ RunTime:0.000790s ]
SQL: SHOW COLUMNS FROM `article` [ RunTime:0.0259s ]
SQL: SHOW COLUMNS FROM `article` [ RunTime:0.0233s ]
SQL: SELECT * FROM `article` WHERE ( a_id=17 ) LIMIT 1   [ RunTime:0.0251s ]
SQL: SHOW COLUMNS FROM `category` [ RunTime:0.0246s ]
SQL: SHOW COLUMNS FROM `category` [ RunTime:1.0248s ]
SQL: SELECT * FROM `category`  [ RunTime:0.0233s ]
INFO: [ view_parse ] --START--
INFO: [ template_filter ] --START--
INFO: Run Behavior\ContentReplaceBehavior [ RunTime:0.000170s ]
INFO: [ template_filter ] --END-- [ RunTime:0.000309s ]
INFO: Run Behavior\ParseTemplateBehavior [ RunTime:0.027516s ]
INFO: [ view_parse ] --END-- [ RunTime:0.027655s ]
INFO: [ view_filter ] --START--
INFO: Run Behavior\WriteHtmlCacheBehavior [ RunTime:0.001216s ]
INFO: [ view_filter ] --END-- [ RunTime:0.001353s ]
INFO: [ app_end ] --START--
INFO: Run Behavior\ShowPageTraceBehavior [ RunTime:0.003977s ]
INFO: [ app_end ] --END-- [ RunTime:0.004167s ]

[ 2017-12-04T10:01:22+08:00 ] 127.0.0.1 /index.php/Admin/Article/articleEditor/aId/17.html
INFO: [ app_init ] --START--
INFO: Run Behavior\BuildLiteBehavior [ RunTime:0.000013s ]
INFO: [ app_init ] --END-- [ RunTime:0.000395s ]
INFO: [ app_begin ] --START--
INFO: Run Behavior\ReadHtmlCacheBehavior [ RunTime:0.000543s ]
INFO: [ app_begin ] --END-- [ RunTime:0.000585s ]
SQL: SHOW COLUMNS FROM `article` [ RunTime:0.0312s ]
SQL: SHOW COLUMNS FROM `article` [ RunTime:1.0259s ]
SQL: SELECT * FROM `article` WHERE ( a_id=17 ) LIMIT 1   [ RunTime:0.0304s ]
SQL: SHOW COLUMNS FROM `category` [ RunTime:0.0583s ]
SQL: SHOW COLUMNS FROM `category` [ RunTime:0.0330s ]
SQL: SELECT * FROM `category`  [ RunTime:0.0290s ]
INFO: [ view_parse ] --START--
INFO: [ template_filter ] --START--
INFO: Run Behavior\ContentReplaceBehavior [ RunTime:0.000106s ]
INFO: [ template_filter ] --END-- [ RunTime:0.000253s ]
INFO: Run Behavior\ParseTemplateBehavior [ RunTime:0.017404s ]
INFO: [ view_parse ] --END-- [ RunTime:0.017499s ]
INFO: [ view_filter ] --START--
INFO: Run Behavior\WriteHtmlCacheBehavior [ RunTime:0.000617s ]
INFO: [ view_filter ] --END-- [ RunTime:0.000679s ]
INFO: [ app_end ] --START--
INFO: Run Behavior\ShowPageTraceBehavior [ RunTime:0.001327s ]
INFO: [ app_end ] --END-- [ RunTime:0.001412s ]

[ 2017-12-04T10:02:23+08:00 ] 127.0.0.1 /index.php/Admin/Article/articleEditor/aId/17.html
INFO: [ app_init ] --START--
INFO: Run Behavior\BuildLiteBehavior [ RunTime:0.000013s ]
INFO: [ app_init ] --END-- [ RunTime:0.000340s ]
INFO: [ app_begin ] --START--
INFO: Run Behavior\ReadHtmlCacheBehavior [ RunTime:0.000452s ]
INFO: [ app_begin ] --END-- [ RunTime:0.000486s ]
SQL: SHOW COLUMNS FROM `article` [ RunTime:0.0360s ]
SQL: SHOW COLUMNS FROM `article` [ RunTime:0.0437s ]
SQL: SELECT * FROM `article` WHERE ( a_id=17 ) LIMIT 1   [ RunTime:0.0411s ]
SQL: SHOW COLUMNS FROM `category` [ RunTime:1.0598s ]
SQL: SHOW COLUMNS FROM `category` [ RunTime:0.0357s ]
SQL: SELECT * FROM `category`  [ RunTime:0.0350s ]
INFO: [ view_parse ] --START--
INFO: [ template_filter ] --START--
INFO: Run Behavior\ContentReplaceBehavior [ RunTime:0.000113s ]
INFO: [ template_filter ] --END-- [ RunTime:0.000201s ]
INFO: Run Behavior\ParseTemplateBehavior [ RunTime:0.019366s ]
INFO: [ view_parse ] --END-- [ RunTime:0.019491s ]
INFO: [ view_filter ] --START--
INFO: Run Behavior\WriteHtmlCacheBehavior [ RunTime:0.001095s ]
INFO: [ view_filter ] --END-- [ RunTime:0.001209s ]
INFO: [ app_end ] --START--
INFO: Run Behavior\ShowPageTraceBehavior [ RunTime:0.002047s ]
INFO: [ app_end ] --END-- [ RunTime:0.002176s ]

[ 2017-12-04T10:02:33+08:00 ] 127.0.0.1 /index.php/Admin/Article/articleEditor/aId/17.html
INFO: [ app_init ] --START--
INFO: Run Behavior\BuildLiteBehavior [ RunTime:0.000012s ]
INFO: [ app_init ] --END-- [ RunTime:0.000360s ]
INFO: [ app_begin ] --START--
INFO: Run Behavior\ReadHtmlCacheBehavior [ RunTime:0.000627s ]
INFO: [ app_begin ] --END-- [ RunTime:0.000675s ]
SQL: SHOW COLUMNS FROM `article` [ RunTime:0.0241s ]
SQL: SHOW COLUMNS FROM `article` [ RunTime:0.0383s ]
SQL: SELECT * FROM `article` WHERE ( a_id=17 ) LIMIT 1   [ RunTime:0.0926s ]
SQL: SHOW COLUMNS FROM `category` [ RunTime:0.0582s ]
SQL: SHOW COLUMNS FROM `category` [ RunTime:0.0419s ]
SQL: SELECT * FROM `category`  [ RunTime:0.0270s ]
INFO: [ view_parse ] --START--
INFO: [ template_filter ] --START--
INFO: Run Behavior\ContentReplaceBehavior [ RunTime:0.000050s ]
INFO: [ template_filter ] --END-- [ RunTime:0.000094s ]
INFO: Run Behavior\ParseTemplateBehavior [ RunTime:0.008286s ]
INFO: [ view_parse ] --END-- [ RunTime:0.008337s ]
INFO: [ view_filter ] --START--
INFO: Run Behavior\WriteHtmlCacheBehavior [ RunTime:0.000325s ]
INFO: [ view_filter ] --END-- [ RunTime:0.000353s ]
INFO: [ app_end ] --START--
INFO: Run Behavior\ShowPageTraceBehavior [ RunTime:0.000701s ]
INFO: [ app_end ] --END-- [ RunTime:0.000753s ]

[ 2017-12-04T10:02:46+08:00 ] 127.0.0.1 /index.php/Admin/Article/articleEditor/aId/17.html
INFO: [ app_init ] --START--
INFO: Run Behavior\BuildLiteBehavior [ RunTime:0.000014s ]
INFO: [ app_init ] --END-- [ RunTime:0.000544s ]
INFO: [ app_begin ] --START--
INFO: Run Behavior\ReadHtmlCacheBehavior [ RunTime:0.000685s ]
INFO: [ app_begin ] --END-- [ RunTime:0.000723s ]
SQL: SHOW COLUMNS FROM `article` [ RunTime:0.0322s ]
SQL: SHOW COLUMNS FROM `article` [ RunTime:0.0313s ]
SQL: SELECT * FROM `article` WHERE ( a_id=17 ) LIMIT 1   [ RunTime:0.0333s ]
SQL: SHOW COLUMNS FROM `category` [ RunTime:0.0330s ]
SQL: SHOW COLUMNS FROM `category` [ RunTime:1.0256s ]
SQL: SELECT * FROM `category`  [ RunTime:0.0358s ]
INFO: [ view_parse ] --START--
INFO: [ template_filter ] --START--
INFO: Run Behavior\ContentReplaceBehavior [ RunTime:0.000175s ]
INFO: [ template_filter ] --END-- [ RunTime:0.000323s ]
INFO: Run Behavior\ParseTemplateBehavior [ RunTime:0.031725s ]
INFO: [ view_parse ] --END-- [ RunTime:0.031933s ]
INFO: [ view_filter ] --START--
INFO: Run Behavior\WriteHtmlCacheBehavior [ RunTime:0.002128s ]
INFO: [ view_filter ] --END-- [ RunTime:0.002259s ]
INFO: [ app_end ] --START--
INFO: Run Behavior\ShowPageTraceBehavior [ RunTime:0.002334s ]
INFO: [ app_end ] --END-- [ RunTime:0.002489s ]

[ 2017-12-04T10:22:21+08:00 ] 127.0.0.1 /index.php/Admin/Article/index.html
INFO: [ app_init ] --START--
INFO: Run Behavior\BuildLiteBehavior [ RunTime:0.000014s ]
INFO: [ app_init ] --END-- [ RunTime:0.000591s ]
INFO: [ app_begin ] --START--
INFO: Run Behavior\ReadHtmlCacheBehavior [ RunTime:0.001018s ]
INFO: [ app_begin ] --END-- [ RunTime:0.001089s ]
SQL: SHOW COLUMNS FROM `article` [ RunTime:1.0427s ]
SQL: SHOW COLUMNS FROM `article` [ RunTime:0.0335s ]
SQL: SELECT `a_id`,`article_name`,`article_time` FROM `article`  [ RunTime:0.0340s ]
SQL: SHOW COLUMNS FROM `category` [ RunTime:0.0344s ]
SQL: SHOW COLUMNS FROM `category` [ RunTime:0.0327s ]
SQL: SELECT * FROM `category`  [ RunTime:0.0350s ]
INFO: [ view_parse ] --START--
INFO: [ template_filter ] --START--
INFO: Run Behavior\ContentReplaceBehavior [ RunTime:0.000215s ]
INFO: [ template_filter ] --END-- [ RunTime:0.000355s ]
INFO: Run Behavior\ParseTemplateBehavior [ RunTime:0.035150s ]
INFO: [ view_parse ] --END-- [ RunTime:0.035290s ]
INFO: [ view_filter ] --START--
INFO: Run Behavior\WriteHtmlCacheBehavior [ RunTime:0.000649s ]
INFO: [ view_filter ] --END-- [ RunTime:0.000699s ]
INFO: [ app_end ] --START--
INFO: Run Behavior\ShowPageTraceBehavior [ RunTime:0.001359s ]
INFO: [ app_end ] --END-- [ RunTime:0.001454s ]

[ 2017-12-04T10:22:23+08:00 ] 127.0.0.1 /index.php/Admin/Article/articleEditor/aId/17.html
INFO: [ app_init ] --START--
INFO: Run Behavior\BuildLiteBehavior [ RunTime:0.000012s ]
INFO: [ app_init ] --END-- [ RunTime:0.000359s ]
INFO: [ app_begin ] --START--
INFO: Run Behavior\ReadHtmlCacheBehavior [ RunTime:0.000461s ]
INFO: [ app_begin ] --END-- [ RunTime:0.000497s ]
SQL: SHOW COLUMNS FROM `article` [ RunTime:0.0312s ]
SQL: SHOW COLUMNS FROM `article` [ RunTime:0.0330s ]
SQL: SELECT * FROM `article` WHERE ( a_id=17 ) LIMIT 1   [ RunTime:0.0363s ]
SQL: SHOW COLUMNS FROM `category` [ RunTime:0.0334s ]
SQL: SHOW COLUMNS FROM `category` [ RunTime:0.0326s ]
SQL: SELECT * FROM `category`  [ RunTime:0.0330s ]
INFO: [ view_parse ] --START--
INFO: [ template_filter ] --START--
INFO: Run Behavior\ContentReplaceBehavior [ RunTime:0.000099s ]
INFO: [ template_filter ] --END-- [ RunTime:0.000185s ]
INFO: Run Behavior\ParseTemplateBehavior [ RunTime:0.017464s ]
INFO: [ view_parse ] --END-- [ RunTime:0.017553s ]
INFO: [ view_filter ] --START--
INFO: Run Behavior\WriteHtmlCacheBehavior [ RunTime:0.000622s ]
INFO: [ view_filter ] --END-- [ RunTime:0.000686s ]
INFO: [ app_end ] --START--
INFO: Run Behavior\ShowPageTraceBehavior [ RunTime:0.001405s ]
INFO: [ app_end ] --END-- [ RunTime:0.001518s ]

[ 2017-12-04T10:30:39+08:00 ] 127.0.0.1 /index.php/Admin/Article/articleEditor/aId/17.html
INFO: [ app_init ] --START--
INFO: Run Behavior\BuildLiteBehavior [ RunTime:0.000022s ]
INFO: [ app_init ] --END-- [ RunTime:0.001232s ]
INFO: [ app_begin ] --START--
INFO: Run Behavior\ReadHtmlCacheBehavior [ RunTime:0.002132s ]
INFO: [ app_begin ] --END-- [ RunTime:0.002310s ]
SQL: SHOW COLUMNS FROM `article` [ RunTime:0.0307s ]
SQL: SHOW COLUMNS FROM `article` [ RunTime:0.0257s ]
SQL: SELECT * FROM `article` WHERE ( a_id=17 ) LIMIT 1   [ RunTime:0.0293s ]
SQL: SHOW COLUMNS FROM `category` [ RunTime:0.0268s ]
SQL: SHOW COLUMNS FROM `category` [ RunTime:0.0305s ]
SQL: SELECT * FROM `category`  [ RunTime:1.0438s ]
INFO: [ view_parse ] --START--
INFO: [ template_filter ] --START--
INFO: Run Behavior\ContentReplaceBehavior [ RunTime:0.000111s ]
INFO: [ template_filter ] --END-- [ RunTime:0.000202s ]
INFO: Run Behavior\ParseTemplateBehavior [ RunTime:0.025744s ]
INFO: [ view_parse ] --END-- [ RunTime:0.025869s ]
INFO: [ view_filter ] --START--
INFO: Run Behavior\WriteHtmlCacheBehavior [ RunTime:0.000806s ]
INFO: [ view_filter ] --END-- [ RunTime:0.000877s ]
INFO: [ app_end ] --START--
INFO: Run Behavior\ShowPageTraceBehavior [ RunTime:0.002116s ]
INFO: [ app_end ] --END-- [ RunTime:0.002246s ]

[ 2017-12-04T10:31:43+08:00 ] 127.0.0.1 /index.php/Admin/Article/articleEditor/aId/17.html
INFO: [ app_init ] --START--
INFO: Run Behavior\BuildLiteBehavior [ RunTime:0.000060s ]
INFO: [ app_init ] --END-- [ RunTime:0.001425s ]
INFO: [ app_begin ] --START--
INFO: Run Behavior\ReadHtmlCacheBehavior [ RunTime:0.000730s ]
INFO: [ app_begin ] --END-- [ RunTime:0.000785s ]
SQL: SHOW COLUMNS FROM `article` [ RunTime:0.0371s ]
SQL: SHOW COLUMNS FROM `article` [ RunTime:0.0360s ]
SQL: SELECT * FROM `article` WHERE ( a_id=17 ) LIMIT 1   [ RunTime:0.0373s ]
SQL: SHOW COLUMNS FROM `category` [ RunTime:1.0244s ]
SQL: SHOW COLUMNS FROM `category` [ RunTime:0.0353s ]
SQL: SELECT * FROM `category`  [ RunTime:0.0376s ]
INFO: [ view_parse ] --START--
INFO: [ template_filter ] --START--
INFO: Run Behavior\ContentReplaceBehavior [ RunTime:0.000180s ]
INFO: [ template_filter ] --END-- [ RunTime:0.000323s ]
INFO: Run Behavior\ParseTemplateBehavior [ RunTime:0.030630s ]
INFO: [ view_parse ] --END-- [ RunTime:0.030830s ]
INFO: [ view_filter ] --START--
INFO: Run Behavior\WriteHtmlCacheBehavior [ RunTime:0.001119s ]
INFO: [ view_filter ] --END-- [ RunTime:0.001232s ]
INFO: [ app_end ] --START--
INFO: Run Behavior\ShowPageTraceBehavior [ RunTime:0.001989s ]
INFO: [ app_end ] --END-- [ RunTime:0.002140s ]

[ 2017-12-04T10:34:21+08:00 ] 127.0.0.1 /index.php/Admin/Article/articleEditor/aId/17.html
INFO: [ app_init ] --START--
INFO: Run Behavior\BuildLiteBehavior [ RunTime:0.000013s ]
INFO: [ app_init ] --END-- [ RunTime:0.000383s ]
INFO: [ app_begin ] --START--
INFO: Run Behavior\ReadHtmlCacheBehavior [ RunTime:0.000617s ]
INFO: [ app_begin ] --END-- [ RunTime:0.000666s ]
SQL: SHOW COLUMNS FROM `article` [ RunTime:0.0318s ]
SQL: SHOW COLUMNS FROM `article` [ RunTime:0.0310s ]
SQL: SELECT * FROM `article` WHERE ( a_id=17 ) LIMIT 1   [ RunTime:0.0330s ]
SQL: SHOW COLUMNS FROM `category` [ RunTime:0.0303s ]
SQL: SHOW COLUMNS FROM `category` [ RunTime:0.0340s ]
SQL: SELECT * FROM `category`  [ RunTime:0.0285s ]
INFO: [ view_parse ] --START--
INFO: [ template_filter ] --START--
INFO: Run Behavior\ContentReplaceBehavior [ RunTime:0.000047s ]
INFO: [ template_filter ] --END-- [ RunTime:0.000088s ]
INFO: Run Behavior\ParseTemplateBehavior [ RunTime:0.008091s ]
INFO: [ view_parse ] --END-- [ RunTime:0.008144s ]
INFO: [ view_filter ] --START--
INFO: Run Behavior\WriteHtmlCacheBehavior [ RunTime:0.000659s ]
INFO: [ view_filter ] --END-- [ RunTime:0.000713s ]
INFO: [ app_end ] --START--
INFO: Run Behavior\ShowPageTraceBehavior [ RunTime:0.001046s ]
INFO: [ app_end ] --END-- [ RunTime:0.001118s ]

[ 2017-12-04T10:34:28+08:00 ] 127.0.0.1 /index.php/Admin/Article/articleEditor/aId/17.html
INFO: [ app_init ] --START--
INFO: Run Behavior\BuildLiteBehavior [ RunTime:0.000019s ]
INFO: [ app_init ] --END-- [ RunTime:0.000677s ]
INFO: [ app_begin ] --START--
INFO: Run Behavior\ReadHtmlCacheBehavior [ RunTime:0.000855s ]
INFO: [ app_begin ] --END-- [ RunTime:0.000916s ]
SQL: SHOW COLUMNS FROM `article` [ RunTime:0.0292s ]
SQL: SHOW COLUMNS FROM `article` [ RunTime:0.0292s ]
SQL: SELECT * FROM `article` WHERE ( a_id=17 ) LIMIT 1   [ RunTime:0.0309s ]
SQL: SHOW COLUMNS FROM `category` [ RunTime:1.0502s ]
SQL: SHOW COLUMNS FROM `category` [ RunTime:0.0284s ]
SQL: SELECT * FROM `category`  [ RunTime:0.0273s ]
INFO: [ view_parse ] --START--
INFO: [ template_filter ] --START--
INFO: Run Behavior\ContentReplaceBehavior [ RunTime:0.000126s ]
INFO: [ template_filter ] --END-- [ RunTime:0.000223s ]
INFO: Run Behavior\ParseTemplateBehavior [ RunTime:0.018199s ]
INFO: [ view_parse ] --END-- [ RunTime:0.018291s ]
INFO: [ view_filter ] --START--
INFO: Run Behavior\WriteHtmlCacheBehavior [ RunTime:0.000660s ]
INFO: [ view_filter ] --END-- [ RunTime:0.000729s ]
INFO: [ app_end ] --START--
INFO: Run Behavior\ShowPageTraceBehavior [ RunTime:0.001886s ]
INFO: [ app_end ] --END-- [ RunTime:0.002006s ]

[ 2017-12-04T10:34:50+08:00 ] 127.0.0.1 /index.php/Admin/Article/articleEditor/aId/17.html
INFO: [ app_init ] --START--
INFO: Run Behavior\BuildLiteBehavior [ RunTime:0.000015s ]
INFO: [ app_init ] --END-- [ RunTime:0.000529s ]
INFO: [ app_begin ] --START--
INFO: Run Behavior\ReadHtmlCacheBehavior [ RunTime:0.000939s ]
INFO: [ app_begin ] --END-- [ RunTime:0.001048s ]
SQL: SHOW COLUMNS FROM `article` [ RunTime:0.0397s ]
SQL: SHOW COLUMNS FROM `article` [ RunTime:0.0732s ]
SQL: SELECT * FROM `article` WHERE ( a_id=17 ) LIMIT 1   [ RunTime:0.0918s ]
SQL: SHOW COLUMNS FROM `category` [ RunTime:0.0831s ]
SQL: SHOW COLUMNS FROM `category` [ RunTime:0.9742s ]
SQL: SELECT * FROM `category`  [ RunTime:0.0295s ]
INFO: [ view_parse ] --START--
INFO: [ template_filter ] --START--
INFO: Run Behavior\ContentReplaceBehavior [ RunTime:0.000117s ]
INFO: [ template_filter ] --END-- [ RunTime:0.000214s ]
INFO: Run Behavior\ParseTemplateBehavior [ RunTime:0.020240s ]
INFO: [ view_parse ] --END-- [ RunTime:0.020350s ]
INFO: [ view_filter ] --START--
INFO: Run Behavior\WriteHtmlCacheBehavior [ RunTime:0.000878s ]
INFO: [ view_filter ] --END-- [ RunTime:0.000963s ]
INFO: [ app_end ] --START--
INFO: Run Behavior\ShowPageTraceBehavior [ RunTime:0.002117s ]
INFO: [ app_end ] --END-- [ RunTime:0.002410s ]

[ 2017-12-04T10:34:59+08:00 ] 127.0.0.1 /index.php/Admin/Article/articleEditor/aId/17.html
INFO: [ app_init ] --START--
INFO: Run Behavior\BuildLiteBehavior [ RunTime:0.000012s ]
INFO: [ app_init ] --END-- [ RunTime:0.000349s ]
INFO: [ app_begin ] --START--
INFO: Run Behavior\ReadHtmlCacheBehavior [ RunTime:0.000484s ]
INFO: [ app_begin ] --END-- [ RunTime:0.000522s ]
SQL: SHOW COLUMNS FROM `article` [ RunTime:0.0245s ]
SQL: SHOW COLUMNS FROM `article` [ RunTime:0.0228s ]
SQL: SELECT * FROM `article` WHERE ( a_id=17 ) LIMIT 1   [ RunTime:0.0241s ]
SQL: SHOW COLUMNS FROM `category` [ RunTime:0.0235s ]
SQL: SHOW COLUMNS FROM `category` [ RunTime:0.0243s ]
SQL: SELECT * FROM `category`  [ RunTime:0.0246s ]
INFO: [ view_parse ] --START--
INFO: [ template_filter ] --START--
INFO: Run Behavior\ContentReplaceBehavior [ RunTime:0.000048s ]
INFO: [ template_filter ] --END-- [ RunTime:0.000091s ]
INFO: Run Behavior\ParseTemplateBehavior [ RunTime:0.007430s ]
INFO: [ view_parse ] --END-- [ RunTime:0.007478s ]
INFO: [ view_filter ] --START--
INFO: Run Behavior\WriteHtmlCacheBehavior [ RunTime:0.000285s ]
INFO: [ view_filter ] --END-- [ RunTime:0.000313s ]
INFO: [ app_end ] --START--
INFO: Run Behavior\ShowPageTraceBehavior [ RunTime:0.000961s ]
INFO: [ app_end ] --END-- [ RunTime:0.001047s ]

[ 2017-12-04T10:36:50+08:00 ] 127.0.0.1 /index.php/Admin/Article/index.html
INFO: [ app_init ] --START--
INFO: Run Behavior\BuildLiteBehavior [ RunTime:0.000014s ]
INFO: [ app_init ] --END-- [ RunTime:0.000534s ]
INFO: [ app_begin ] --START--
INFO: Run Behavior\ReadHtmlCacheBehavior [ RunTime:0.000707s ]
INFO: [ app_begin ] --END-- [ RunTime:0.000750s ]
SQL: SHOW COLUMNS FROM `article` [ RunTime:0.0326s ]
SQL: SHOW COLUMNS FROM `article` [ RunTime:0.0316s ]
SQL: SELECT `a_id`,`article_name`,`article_time` FROM `article`  [ RunTime:0.0312s ]
SQL: SHOW COLUMNS FROM `category` [ RunTime:0.0328s ]
SQL: SHOW COLUMNS FROM `category` [ RunTime:0.0316s ]
SQL: SELECT * FROM `category`  [ RunTime:0.0310s ]
INFO: [ view_parse ] --START--
INFO: [ template_filter ] --START--
INFO: Run Behavior\ContentReplaceBehavior [ RunTime:0.000067s ]
INFO: [ template_filter ] --END-- [ RunTime:0.000119s ]
INFO: Run Behavior\ParseTemplateBehavior [ RunTime:0.010478s ]
INFO: [ view_parse ] --END-- [ RunTime:0.010535s ]
INFO: [ view_filter ] --START--
INFO: Run Behavior\WriteHtmlCacheBehavior [ RunTime:0.000466s ]
INFO: [ view_filter ] --END-- [ RunTime:0.000500s ]
INFO: [ app_end ] --START--
INFO: Run Behavior\ShowPageTraceBehavior [ RunTime:0.000959s ]
INFO: [ app_end ] --END-- [ RunTime:0.001018s ]

[ 2017-12-04T10:36:53+08:00 ] 127.0.0.1 /index.php/Admin/Article/index.html
INFO: [ app_init ] --START--
INFO: Run Behavior\BuildLiteBehavior [ RunTime:0.000016s ]
INFO: [ app_init ] --END-- [ RunTime:0.000506s ]
INFO: [ app_begin ] --START--
INFO: Run Behavior\ReadHtmlCacheBehavior [ RunTime:0.000734s ]
INFO: [ app_begin ] --END-- [ RunTime:0.000791s ]
SQL: SHOW COLUMNS FROM `article` [ RunTime:0.0274s ]
SQL: SHOW COLUMNS FROM `article` [ RunTime:0.0279s ]
SQL: SELECT `a_id`,`article_name`,`article_time` FROM `article`  [ RunTime:0.0262s ]
SQL: SHOW COLUMNS FROM `category` [ RunTime:0.0283s ]
SQL: SHOW COLUMNS FROM `category` [ RunTime:0.0269s ]
SQL: SELECT * FROM `category`  [ RunTime:0.0261s ]
INFO: [ view_parse ] --START--
INFO: [ template_filter ] --START--
INFO: Run Behavior\ContentReplaceBehavior [ RunTime:0.000125s ]
INFO: [ template_filter ] --END-- [ RunTime:0.000221s ]
INFO: Run Behavior\ParseTemplateBehavior [ RunTime:0.028649s ]
INFO: [ view_parse ] --END-- [ RunTime:0.028780s ]
INFO: [ view_filter ] --START--
INFO: Run Behavior\WriteHtmlCacheBehavior [ RunTime:0.000715s ]
INFO: [ view_filter ] --END-- [ RunTime:0.000787s ]
INFO: [ app_end ] --START--
INFO: Run Behavior\ShowPageTraceBehavior [ RunTime:0.002589s ]
INFO: [ app_end ] --END-- [ RunTime:0.002756s ]

[ 2017-12-04T10:36:55+08:00 ] 127.0.0.1 /index.php/Admin/Article/ArticleAdd.html
INFO: [ app_init ] --START--
INFO: Run Behavior\BuildLiteBehavior [ RunTime:0.000013s ]
INFO: [ app_init ] --END-- [ RunTime:0.000368s ]
INFO: [ app_begin ] --START--
INFO: Run Behavior\ReadHtmlCacheBehavior [ RunTime:0.000475s ]
INFO: [ app_begin ] --END-- [ RunTime:0.000516s ]
SQL: SHOW COLUMNS FROM `category` [ RunTime:0.0289s ]
SQL: SHOW COLUMNS FROM `category` [ RunTime:0.0287s ]
SQL: SELECT * FROM `category`  [ RunTime:0.0286s ]
INFO: [ view_parse ] --START--
INFO: [ template_filter ] --START--
INFO: Run Behavior\ContentReplaceBehavior [ RunTime:0.000047s ]
INFO: [ template_filter ] --END-- [ RunTime:0.000092s ]
INFO: Run Behavior\ParseTemplateBehavior [ RunTime:0.008405s ]
INFO: [ view_parse ] --END-- [ RunTime:0.008482s ]
INFO: [ view_filter ] --START--
INFO: Run Behavior\WriteHtmlCacheBehavior [ RunTime:0.000298s ]
INFO: [ view_filter ] --END-- [ RunTime:0.000326s ]
INFO: [ app_end ] --START--
INFO: Run Behavior\ShowPageTraceBehavior [ RunTime:0.000584s ]
INFO: [ app_end ] --END-- [ RunTime:0.000628s ]

[ 2017-12-04T10:37:22+08:00 ] 127.0.0.1 /index.php/Admin/Article/ArticleAdd.html
INFO: [ app_init ] --START--
INFO: Run Behavior\BuildLiteBehavior [ RunTime:0.000051s ]
INFO: [ app_init ] --END-- [ RunTime:0.001498s ]
INFO: [ app_begin ] --START--
INFO: Run Behavior\ReadHtmlCacheBehavior [ RunTime:0.000614s ]
INFO: [ app_begin ] --END-- [ RunTime:0.000675s ]
INFO: [ view_parse ] --START--
INFO: [ template_filter ] --START--
INFO: Run Behavior\ContentReplaceBehavior [ RunTime:0.000038s ]
INFO: [ template_filter ] --END-- [ RunTime:0.000085s ]
INFO: Run Behavior\ParseTemplateBehavior [ RunTime:0.028698s ]
INFO: [ view_parse ] --END-- [ RunTime:0.028761s ]
INFO: [ view_filter ] --START--
INFO: Run Behavior\WriteHtmlCacheBehavior [ RunTime:0.000972s ]
INFO: [ view_filter ] --END-- [ RunTime:0.001016s ]

[ 2017-12-04T10:37:25+08:00 ] 127.0.0.1 /index.php/Admin/Article/ArticleAdd.html
INFO: [ app_init ] --START--
INFO: Run Behavior\BuildLiteBehavior [ RunTime:0.000014s ]
INFO: [ app_init ] --END-- [ RunTime:0.000613s ]
INFO: [ app_begin ] --START--
INFO: Run Behavior\ReadHtmlCacheBehavior [ RunTime:0.001153s ]
INFO: [ app_begin ] --END-- [ RunTime:0.001208s ]
SQL: SHOW COLUMNS FROM `category` [ RunTime:0.0301s ]
SQL: SHOW COLUMNS FROM `category` [ RunTime:0.0295s ]
SQL: SELECT * FROM `category`  [ RunTime:0.0292s ]
INFO: [ view_parse ] --START--
INFO: [ template_filter ] --START--
INFO: Run Behavior\ContentReplaceBehavior [ RunTime:0.000211s ]
INFO: [ template_filter ] --END-- [ RunTime:0.000353s ]
INFO: Run Behavior\ParseTemplateBehavior [ RunTime:0.027556s ]
INFO: [ view_parse ] --END-- [ RunTime:0.027707s ]
INFO: [ view_filter ] --START--
INFO: Run Behavior\WriteHtmlCacheBehavior [ RunTime:0.002885s ]
INFO: [ view_filter ] --END-- [ RunTime:0.003020s ]
INFO: [ app_end ] --START--
INFO: Run Behavior\ShowPageTraceBehavior [ RunTime:0.004140s ]
INFO: [ app_end ] --END-- [ RunTime:0.004298s ]

[ 2017-12-04T10:37:30+08:00 ] 127.0.0.1 /index.php/Admin/Article/ArticleAdd.html
INFO: [ app_init ] --START--
INFO: Run Behavior\BuildLiteBehavior [ RunTime:0.000021s ]
INFO: [ app_init ] --END-- [ RunTime:0.000713s ]
INFO: [ app_begin ] --START--
INFO: Run Behavior\ReadHtmlCacheBehavior [ RunTime:0.001371s ]
INFO: [ app_begin ] --END-- [ RunTime:0.001448s ]
NOTIC: [2] call_user_func() expects parameter 1 to be a valid callback, no array or string given E:\blog\ThinkPHP\Library\Think\Upload.class.php 第 170 行.
SQL: SHOW COLUMNS FROM `article` [ RunTime:0.0294s ]
NOTIC: [8] Undefined index: validate E:\blog\ThinkPHP\Library\Think\Model.class.php 第 1185 行.
NOTIC: [8] Undefined index: auto E:\blog\ThinkPHP\Library\Think\Model.class.php 第 1128 行.
SQL: SHOW COLUMNS FROM `article` [ RunTime:0.0292s ]
SQL: INSERT INTO `article` (`article_name`,`article_category_id`,`article_img`,`article_time`) VALUES ('呃呃呃','6','/images/2017-12-04/5a24b4e9c1847.jpg','1512355049') [ RunTime:0.0402s ]
INFO: [ view_parse ] --START--
INFO: [ template_filter ] --START--
INFO: Run Behavior\ContentReplaceBehavior [ RunTime:0.000077s ]
INFO: [ template_filter ] --END-- [ RunTime:0.000174s ]
INFO: Run Behavior\ParseTemplateBehavior [ RunTime:0.017419s ]
INFO: [ view_parse ] --END-- [ RunTime:0.017532s ]
INFO: [ view_filter ] --START--
INFO: Run Behavior\WriteHtmlCacheBehavior [ RunTime:0.001905s ]
INFO: [ view_filter ] --END-- [ RunTime:0.002019s ]
INFO: [ app_end ] --START--
INFO: Run Behavior\ShowPageTraceBehavior [ RunTime:0.002528s ]
INFO: [ app_end ] --END-- [ RunTime:0.002643s ]

[ 2017-12-04T10:37:31+08:00 ] 127.0.0.1 /index.php/Admin/Article/index.html
INFO: [ app_init ] --START--
INFO: Run Behavior\BuildLiteBehavior [ RunTime:0.000025s ]
INFO: [ app_init ] --END-- [ RunTime:0.001069s ]
INFO: [ app_begin ] --START--
INFO: Run Behavior\ReadHtmlCacheBehavior [ RunTime:0.002110s ]
INFO: [ app_begin ] --END-- [ RunTime:0.002239s ]
SQL: SHOW COLUMNS FROM `article` [ RunTime:0.0320s ]
SQL: SHOW COLUMNS FROM `article` [ RunTime:0.0319s ]
SQL: SELECT `a_id`,`article_name`,`article_time` FROM `article`  [ RunTime:0.0309s ]
SQL: SHOW COLUMNS FROM `category` [ RunTime:0.0316s ]
SQL: SHOW COLUMNS FROM `category` [ RunTime:0.0316s ]
SQL: SELECT * FROM `category`  [ RunTime:0.0303s ]
INFO: [ view_parse ] --START--
INFO: [ template_filter ] --START--
INFO: Run Behavior\ContentReplaceBehavior [ RunTime:0.000063s ]
INFO: [ template_filter ] --END-- [ RunTime:0.000119s ]
INFO: Run Behavior\ParseTemplateBehavior [ RunTime:0.011260s ]
INFO: [ view_parse ] --END-- [ RunTime:0.011319s ]
INFO: [ view_filter ] --START--
INFO: Run Behavior\WriteHtmlCacheBehavior [ RunTime:0.000701s ]
INFO: [ view_filter ] --END-- [ RunTime:0.000738s ]
INFO: [ app_end ] --START--
INFO: Run Behavior\ShowPageTraceBehavior [ RunTime:0.001432s ]
INFO: [ app_end ] --END-- [ RunTime:0.001515s ]

